make -C model data ARGS=1.5
make[1]: Entering directory `/gpfs/fs0/scratch/z/zilmana/jbroths/np-diffusion/model'
python euler_diffusion.py -D 1.5
/gpfs/fs0/scratch/z/zilmana/jbroths/np-diffusion/model/diffusion.py:15: RuntimeWarning: overflow encountered in multiply
  u[ijk,:,:] += diffusion_location[ijk,:,:]*( vis*dt*diffusion_location[ijk+1,:,:]*( un[ijk+1,:,:]-un[ijk,:,:] ) + vis*dt*diffusion_location[ijk-1,:,:]*( un[ijk-1,:,:]-un[ijk,:,:] ))/(dx**2)
/gpfs/fs0/scratch/z/zilmana/jbroths/np-diffusion/model/diffusion.py:15: RuntimeWarning: invalid value encountered in multiply
  u[ijk,:,:] += diffusion_location[ijk,:,:]*( vis*dt*diffusion_location[ijk+1,:,:]*( un[ijk+1,:,:]-un[ijk,:,:] ) + vis*dt*diffusion_location[ijk-1,:,:]*( un[ijk-1,:,:]-un[ijk,:,:] ))/(dx**2)
/gpfs/fs0/scratch/z/zilmana/jbroths/np-diffusion/model/diffusion.py:17: RuntimeWarning: invalid value encountered in multiply
  u[:,ijk,:] += diffusion_location[:,ijk,:]*( vis*dt*diffusion_location[:,ijk+1,:]*( un[:,ijk+1,:]-un[:,ijk,:] ) + vis*dt*diffusion_location[:,ijk-1,:]*( un[:,ijk-1,:]-un[:,ijk,:] ))/(dy**2)
/gpfs/fs0/scratch/z/zilmana/jbroths/np-diffusion/model/diffusion.py:17: RuntimeWarning: invalid value encountered in add
  u[:,ijk,:] += diffusion_location[:,ijk,:]*( vis*dt*diffusion_location[:,ijk+1,:]*( un[:,ijk+1,:]-un[:,ijk,:] ) + vis*dt*diffusion_location[:,ijk-1,:]*( un[:,ijk-1,:]-un[:,ijk,:] ))/(dy**2)
/gpfs/fs0/scratch/z/zilmana/jbroths/np-diffusion/model/diffusion.py:19: RuntimeWarning: overflow encountered in multiply
  u[:,:,ijk] += diffusion_location[:,:,ijk]*( vis*dt*diffusion_location[:,:,ijk+1]*( un[:,:,ijk+1]-un[:,:,ijk] ) + vis*dt*diffusion_location[:,:,ijk-1]*( un[:,:,ijk-1]-un[:,:,ijk] ))/(dz**2)
/gpfs/fs0/scratch/z/zilmana/jbroths/np-diffusion/model/diffusion.py:19: RuntimeWarning: invalid value encountered in multiply
  u[:,:,ijk] += diffusion_location[:,:,ijk]*( vis*dt*diffusion_location[:,:,ijk+1]*( un[:,:,ijk+1]-un[:,:,ijk] ) + vis*dt*diffusion_location[:,:,ijk-1]*( un[:,:,ijk-1]-un[:,:,ijk] ))/(dz**2)
/gpfs/fs0/scratch/z/zilmana/jbroths/np-diffusion/model/diffusion.py:19: RuntimeWarning: invalid value encountered in add
  u[:,:,ijk] += diffusion_location[:,:,ijk]*( vis*dt*diffusion_location[:,:,ijk+1]*( un[:,:,ijk+1]-un[:,:,ijk] ) + vis*dt*diffusion_location[:,:,ijk-1]*( un[:,:,ijk-1]-un[:,:,ijk] ))/(dz**2)
/gpfs/fs0/scratch/z/zilmana/jbroths/np-diffusion/model/diffusion.py:38: RuntimeWarning: overflow encountered in multiply
  u += -u*source_location + mod.set_dirichlet(source_location, i, dt)
/gpfs/fs0/scratch/z/zilmana/jbroths/np-diffusion/model/diffusion.py:38: RuntimeWarning: invalid value encountered in multiply
  u += -u*source_location + mod.set_dirichlet(source_location, i, dt)
/gpfs/fs0/scratch/z/zilmana/jbroths/np-diffusion/model/diffusion.py:38: RuntimeWarning: invalid value encountered in add
  u += -u*source_location + mod.set_dirichlet(source_location, i, dt)
/scinet/niagara/software/2018a/opt/base/anaconda2/5.1.0/lib/python2.7/site-packages/numpy/core/_methods.py:32: RuntimeWarning: invalid value encountered in reduce
  return umr_sum(a, axis, dtype, out, keepdims)
/gpfs/fs0/scratch/z/zilmana/jbroths/np-diffusion/model/diffusion.py:15: RuntimeWarning: invalid value encountered in add
  u[ijk,:,:] += diffusion_location[ijk,:,:]*( vis*dt*diffusion_location[ijk+1,:,:]*( un[ijk+1,:,:]-un[ijk,:,:] ) + vis*dt*diffusion_location[ijk-1,:,:]*( un[ijk-1,:,:]-un[ijk,:,:] ))/(dx**2)
/gpfs/fs0/scratch/z/zilmana/jbroths/np-diffusion/model/diffusion.py:17: RuntimeWarning: overflow encountered in multiply
  u[:,ijk,:] += diffusion_location[:,ijk,:]*( vis*dt*diffusion_location[:,ijk+1,:]*( un[:,ijk+1,:]-un[:,ijk,:] ) + vis*dt*diffusion_location[:,ijk-1,:]*( un[:,ijk-1,:]-un[:,ijk,:] ))/(dy**2)
/scinet/niagara/software/2018a/opt/base/anaconda2/5.1.0/lib/python2.7/site-packages/numpy/core/_methods.py:32: RuntimeWarning: overflow encountered in reduce
  return umr_sum(a, axis, dtype, out, keepdims)
/gpfs/fs0/scratch/z/zilmana/jbroths/np-diffusion/model/diffusion.py:19: RuntimeWarning: invalid value encountered in subtract
  u[:,:,ijk] += diffusion_location[:,:,ijk]*( vis*dt*diffusion_location[:,:,ijk+1]*( un[:,:,ijk+1]-un[:,:,ijk] ) + vis*dt*diffusion_location[:,:,ijk-1]*( un[:,:,ijk-1]-un[:,:,ijk] ))/(dz**2)
189.144745111 sec elapsed creating flow...
196.79844594 sec elapsed creating model...
41.5178740025 sec for roughly one time step...
41.5029189587 sec for roughly one time step...
42.0102100372 sec for roughly one time step...
42.1437950134 sec for roughly one time step...
42.1432139874 sec for roughly one time step...
42.1526620388 sec for roughly one time step...
42.1583259106 sec for roughly one time step...
42.1551070213 sec for roughly one time step...
42.1455729008 sec for roughly one time step...
42.1601829529 sec for roughly one time step...
42.0935900211 sec for roughly one time step...
41.8015339375 sec for roughly one time step...
41.7999961376 sec for roughly one time step...
41.7943601608 sec for roughly one time step...
41.806126833 sec for roughly one time step...
41.8005080223 sec for roughly one time step...
41.8049550056 sec for roughly one time step...
41.8037669659 sec for roughly one time step...
41.8073410988 sec for roughly one time step...
41.6807799339 sec for roughly one time step...
41.6424980164 sec for roughly one time step...
41.6614608765 sec for roughly one time step...
41.6411070824 sec for roughly one time step...
41.6609740257 sec for roughly one time step...
41.6520309448 sec for roughly one time step...
41.6553561687 sec for roughly one time step...
41.6499180794 sec for roughly one time step...
41.6535389423 sec for roughly one time step...
41.6565420628 sec for roughly one time step...
41.6570739746 sec for roughly one time step...
41.6481871605 sec for roughly one time step...
41.6463370323 sec for roughly one time step...
41.6516919136 sec for roughly one time step...
41.648277998 sec for roughly one time step...
41.6526491642 sec for roughly one time step...
41.6497750282 sec for roughly one time step...
41.6513140202 sec for roughly one time step...
41.6516919136 sec for roughly one time step...
41.6538159847 sec for roughly one time step...
41.6556828022 sec for roughly one time step...
41.6442821026 sec for roughly one time step...
41.6540060043 sec for roughly one time step...
41.6563689709 sec for roughly one time step...
41.6465499401 sec for roughly one time step...
41.6443228722 sec for roughly one time step...
42.1273801327 sec for roughly one time step...
41.8324458599 sec for roughly one time step...
41.3496079445 sec for roughly one time step...
41.3472168446 sec for roughly one time step...
41.3541791439 sec for roughly one time step...
41.3590359688 sec for roughly one time step...
41.3535439968 sec for roughly one time step...
41.3547730446 sec for roughly one time step...
41.3440070152 sec for roughly one time step...
41.3512840271 sec for roughly one time step...
41.3614959717 sec for roughly one time step...
41.3476529121 sec for roughly one time step...
41.3120729923 sec for roughly one time step...
41.3138408661 sec for roughly one time step...
41.4245409966 sec for roughly one time step...
41.8236749172 sec for roughly one time step...
41.8211510181 sec for roughly one time step...
41.8018729687 sec for roughly one time step...
41.6992740631 sec for roughly one time step...
41.6999080181 sec for roughly one time step...
41.6951389313 sec for roughly one time step...
41.6879558563 sec for roughly one time step...
41.677036047 sec for roughly one time step...
41.6892800331 sec for roughly one time step...
41.6623129845 sec for roughly one time step...
41.6863129139 sec for roughly one time step...
41.6838431358 sec for roughly one time step...
41.6859488487 sec for roughly one time step...
41.6711280346 sec for roughly one time step...
41.6828300953 sec for roughly one time step...
41.6779408455 sec for roughly one time step...
41.6844921112 sec for roughly one time step...
41.7057259083 sec for roughly one time step...
41.6992340088 sec for roughly one time step...
41.6869850159 sec for roughly one time step...
41.6915330887 sec for roughly one time step...
41.698114872 sec for roughly one time step...
41.6788759232 sec for roughly one time step...
41.6854979992 sec for roughly one time step...
41.6862330437 sec for roughly one time step...
41.6904640198 sec for roughly one time step...
41.6884279251 sec for roughly one time step...
41.6803228855 sec for roughly one time step...
41.6800820827 sec for roughly one time step...
41.6638309956 sec for roughly one time step...
41.6801080704 sec for roughly one time step...
41.6891810894 sec for roughly one time step...
41.6845180988 sec for roughly one time step...
41.6975638866 sec for roughly one time step...
41.6855070591 sec for roughly one time step...
41.6942389011 sec for roughly one time step...
41.6993160248 sec for roughly one time step...
41.6874930859 sec for roughly one time step...
41.6878299713 sec for roughly one time step...
41.6887478828 sec for roughly one time step...
41.6853280067 sec for roughly one time step...
41.6772019863 sec for roughly one time step...
41.6692180634 sec for roughly one time step...
41.6820750237 sec for roughly one time step...
41.6843979359 sec for roughly one time step...
41.6864600182 sec for roughly one time step...
41.6917469501 sec for roughly one time step...
41.6953551769 sec for roughly one time step...
41.6767799854 sec for roughly one time step...
41.679530859 sec for roughly one time step...
41.6858839989 sec for roughly one time step...
41.6819839478 sec for roughly one time step...
41.6822681427 sec for roughly one time step...
41.6923668385 sec for roughly one time step...
41.6915709972 sec for roughly one time step...
41.6755390167 sec for roughly one time step...
41.6674039364 sec for roughly one time step...
41.6896169186 sec for roughly one time step...
41.6772401333 sec for roughly one time step...
41.6891100407 sec for roughly one time step...
41.6854519844 sec for roughly one time step...
41.677628994 sec for roughly one time step...
41.6899018288 sec for roughly one time step...
41.6749951839 sec for roughly one time step...
41.6710858345 sec for roughly one time step...
41.6836440563 sec for roughly one time step...
41.6912429333 sec for roughly one time step...
41.6889770031 sec for roughly one time step...
41.6827487946 sec for roughly one time step...
41.6881110668 sec for roughly one time step...
41.6832919121 sec for roughly one time step...
41.6845991611 sec for roughly one time step...
41.6900389194 sec for roughly one time step...
41.6796069145 sec for roughly one time step...
41.6853477955 sec for roughly one time step...
41.6863639355 sec for roughly one time step...
41.6832678318 sec for roughly one time step...
41.6865592003 sec for roughly one time step...
41.6629228592 sec for roughly one time step...
41.673017025 sec for roughly one time step...
41.6878371239 sec for roughly one time step...
41.6748449802 sec for roughly one time step...
41.6702179909 sec for roughly one time step...
41.6789591312 sec for roughly one time step...
41.6802430153 sec for roughly one time step...
41.6810419559 sec for roughly one time step...
41.6849610806 sec for roughly one time step...
41.687515974 sec for roughly one time step...
41.6792399883 sec for roughly one time step...
41.675688982 sec for roughly one time step...
41.6827449799 sec for roughly one time step...
41.6713218689 sec for roughly one time step...
41.6871619225 sec for roughly one time step...
41.682202816 sec for roughly one time step...
41.680025816 sec for roughly one time step...
41.6863200665 sec for roughly one time step...
41.6905548573 sec for roughly one time step...
41.680314064 sec for roughly one time step...
41.671102047 sec for roughly one time step...
41.6744370461 sec for roughly one time step...
41.6667289734 sec for roughly one time step...
41.6805288792 sec for roughly one time step...
41.6874420643 sec for roughly one time step...
41.6858479977 sec for roughly one time step...
41.6697480679 sec for roughly one time step...
41.6762158871 sec for roughly one time step...
41.6831800938 sec for roughly one time step...
41.6694719791 sec for roughly one time step...
41.6722719669 sec for roughly one time step...
41.6745791435 sec for roughly one time step...
41.6764388084 sec for roughly one time step...
41.6618201733 sec for roughly one time step...
41.6730289459 sec for roughly one time step...
41.6536448002 sec for roughly one time step...
41.6856210232 sec for roughly one time step...
41.6806328297 sec for roughly one time step...
41.6636929512 sec for roughly one time step...
41.6733448505 sec for roughly one time step...
41.6831901073 sec for roughly one time step...
41.6805310249 sec for roughly one time step...
41.6754319668 sec for roughly one time step...
41.679792881 sec for roughly one time step...
41.6793041229 sec for roughly one time step...
41.6684820652 sec for roughly one time step...
41.665856123 sec for roughly one time step...
41.6796569824 sec for roughly one time step...
41.6757490635 sec for roughly one time step...
41.6732418537 sec for roughly one time step...
41.6723670959 sec for roughly one time step...
41.6829679012 sec for roughly one time step...
41.6771669388 sec for roughly one time step...
41.6821289062 sec for roughly one time step...
41.6908528805 sec for roughly one time step...
41.6828219891 sec for roughly one time step...
41.6907458305 sec for roughly one time step...
41.676926136 sec for roughly one time step...
41.6833600998 sec for roughly one time step...
41.6871371269 sec for roughly one time step...
41.6775720119 sec for roughly one time step...
41.6626770496 sec for roughly one time step...
41.6804311275 sec for roughly one time step...
41.6816630363 sec for roughly one time step...
41.6771709919 sec for roughly one time step...
41.681016922 sec for roughly one time step...
41.6811139584 sec for roughly one time step...
41.6832849979 sec for roughly one time step...
41.6857819557 sec for roughly one time step...
41.6769840717 sec for roughly one time step...
41.6798610687 sec for roughly one time step...
41.6850700378 sec for roughly one time step...
41.6732478142 sec for roughly one time step...
41.6789710522 sec for roughly one time step...
41.6782488823 sec for roughly one time step...
41.6779170036 sec for roughly one time step...
41.6846809387 sec for roughly one time step...
41.6956920624 sec for roughly one time step...
41.6802589893 sec for roughly one time step...
41.6846330166 sec for roughly one time step...
41.6760809422 sec for roughly one time step...
41.676347971 sec for roughly one time step...
41.6789858341 sec for roughly one time step...
41.6774117947 sec for roughly one time step...
41.6729719639 sec for roughly one time step...
41.6796228886 sec for roughly one time step...
41.6788899899 sec for roughly one time step...
41.6729390621 sec for roughly one time step...
41.6738159657 sec for roughly one time step...
41.679723978 sec for roughly one time step...
41.6890377998 sec for roughly one time step...
41.6851439476 sec for roughly one time step...
41.6645748615 sec for roughly one time step...
41.6833508015 sec for roughly one time step...
41.6838519573 sec for roughly one time step...
41.6876020432 sec for roughly one time step...
41.679432869 sec for roughly one time step...
41.6941130161 sec for roughly one time step...
41.6797840595 sec for roughly one time step...
41.6811580658 sec for roughly one time step...
41.6905100346 sec for roughly one time step...
41.6832110882 sec for roughly one time step...
41.6923298836 sec for roughly one time step...
41.6944699287 sec for roughly one time step...
41.6908800602 sec for roughly one time step...
41.6913120747 sec for roughly one time step...
41.6825649738 sec for roughly one time step...
41.6890010834 sec for roughly one time step...
41.6872770786 sec for roughly one time step...
41.6807098389 sec for roughly one time step...
41.674475193 sec for roughly one time step...
41.6877470016 sec for roughly one time step...
41.6799271107 sec for roughly one time step...
41.6857979298 sec for roughly one time step...
41.6786191463 sec for roughly one time step...
41.6781938076 sec for roughly one time step...
41.6775400639 sec for roughly one time step...
41.7258019447 sec for roughly one time step...
41.6881771088 sec for roughly one time step...
41.6793739796 sec for roughly one time step...
41.6765470505 sec for roughly one time step...
41.6720161438 sec for roughly one time step...
41.6987800598 sec for roughly one time step...
41.6950669289 sec for roughly one time step...
41.6717231274 sec for roughly one time step...
41.6932489872 sec for roughly one time step...
41.6904399395 sec for roughly one time step...
41.6833879948 sec for roughly one time step...
41.6917710304 sec for roughly one time step...
41.6862359047 sec for roughly one time step...
41.672260046 sec for roughly one time step...
41.6764090061 sec for roughly one time step...
41.689866066 sec for roughly one time step...
41.6830000877 sec for roughly one time step...
41.6872909069 sec for roughly one time step...
41.6896829605 sec for roughly one time step...
41.680809021 sec for roughly one time step...
41.6691827774 sec for roughly one time step...
41.6892747879 sec for roughly one time step...
41.6777689457 sec for roughly one time step...
41.6806070805 sec for roughly one time step...
41.6846821308 sec for roughly one time step...
41.6852788925 sec for roughly one time step...
41.6870551109 sec for roughly one time step...
41.6905341148 sec for roughly one time step...
41.6744279861 sec for roughly one time step...
41.6870970726 sec for roughly one time step...
41.6737549305 sec for roughly one time step...
41.6857860088 sec for roughly one time step...
41.6916630268 sec for roughly one time step...
41.687153101 sec for roughly one time step...
41.6765530109 sec for roughly one time step...
41.6918718815 sec for roughly one time step...
41.6879448891 sec for roughly one time step...
41.6779799461 sec for roughly one time step...
41.6808531284 sec for roughly one time step...
41.6906359196 sec for roughly one time step...
41.6885359287 sec for roughly one time step...
41.6761260033 sec for roughly one time step...
41.6840889454 sec for roughly one time step...
41.6853308678 sec for roughly one time step...
300.0  seconds run saved
42.2577199936 sec for roughly one time step...
41.6844918728 sec for roughly one time step...
41.6783528328 sec for roughly one time step...
41.6801331043 sec for roughly one time step...
41.6762208939 sec for roughly one time step...
41.6791090965 sec for roughly one time step...
41.6779079437 sec for roughly one time step...
41.6835200787 sec for roughly one time step...
41.6792759895 sec for roughly one time step...
41.6853239536 sec for roughly one time step...
41.6952629089 sec for roughly one time step...
41.691576004 sec for roughly one time step...
41.685136795 sec for roughly one time step...
41.6803250313 sec for roughly one time step...
41.6926569939 sec for roughly one time step...
41.6749391556 sec for roughly one time step...
41.6827058792 sec for roughly one time step...
41.6780400276 sec for roughly one time step...
41.7211689949 sec for roughly one time step...
41.6820340157 sec for roughly one time step...
41.6801970005 sec for roughly one time step...
41.6853580475 sec for roughly one time step...
41.6747729778 sec for roughly one time step...
41.6807129383 sec for roughly one time step...
41.6755340099 sec for roughly one time step...
41.6644687653 sec for roughly one time step...
41.6772840023 sec for roughly one time step...
41.6797580719 sec for roughly one time step...
41.6809458733 sec for roughly one time step...
41.6818568707 sec for roughly one time step...
41.6796059608 sec for roughly one time step...
41.6841299534 sec for roughly one time step...
41.675483942 sec for roughly one time step...
41.6693949699 sec for roughly one time step...
41.6765339375 sec for roughly one time step...
41.6765449047 sec for roughly one time step...
41.673375845 sec for roughly one time step...
41.6795990467 sec for roughly one time step...
41.6757631302 sec for roughly one time step...
41.6718800068 sec for roughly one time step...
41.6929349899 sec for roughly one time step...
41.6842341423 sec for roughly one time step...
41.6452438831 sec for roughly one time step...
41.5992510319 sec for roughly one time step...
41.5962738991 sec for roughly one time step...
41.5898678303 sec for roughly one time step...
41.6099820137 sec for roughly one time step...
41.5920951366 sec for roughly one time step...
41.5802481174 sec for roughly one time step...
41.5866339207 sec for roughly one time step...
41.5967240334 sec for roughly one time step...
41.5933938026 sec for roughly one time step...
41.5984408855 sec for roughly one time step...
41.5941569805 sec for roughly one time step...
41.592304945 sec for roughly one time step...
41.6030387878 sec for roughly one time step...
41.588436842 sec for roughly one time step...
41.6018929482 sec for roughly one time step...
41.6002340317 sec for roughly one time step...
41.5972797871 sec for roughly one time step...
41.5918009281 sec for roughly one time step...
41.5836930275 sec for roughly one time step...
41.5951368809 sec for roughly one time step...
41.5848670006 sec for roughly one time step...
41.5910041332 sec for roughly one time step...
41.5874929428 sec for roughly one time step...
41.5921912193 sec for roughly one time step...
41.5862119198 sec for roughly one time step...
41.5876410007 sec for roughly one time step...
41.5835609436 sec for roughly one time step...
41.5921709538 sec for roughly one time step...
41.5933070183 sec for roughly one time step...
41.5877320766 sec for roughly one time step...
41.5780251026 sec for roughly one time step...
41.5811300278 sec for roughly one time step...
41.5912630558 sec for roughly one time step...
41.5915389061 sec for roughly one time step...
41.5887541771 sec for roughly one time step...
41.5927760601 sec for roughly one time step...
41.5908920765 sec for roughly one time step...
41.5912759304 sec for roughly one time step...
41.5863158703 sec for roughly one time step...
41.5887739658 sec for roughly one time step...
41.5830609798 sec for roughly one time step...
41.591078043 sec for roughly one time step...
41.5953660011 sec for roughly one time step...
41.5830349922 sec for roughly one time step...
41.5824859142 sec for roughly one time step...
41.595487833 sec for roughly one time step...
41.5950379372 sec for roughly one time step...
41.5957667828 sec for roughly one time step...
41.5889949799 sec for roughly one time step...
41.5826268196 sec for roughly one time step...
41.5882408619 sec for roughly one time step...
41.5938918591 sec for roughly one time step...
41.5839989185 sec for roughly one time step...
41.5886881351 sec for roughly one time step...
41.7903311253 sec for roughly one time step...
41.8152649403 sec for roughly one time step...
41.820374012 sec for roughly one time step...
41.8165850639 sec for roughly one time step...
41.8046171665 sec for roughly one time step...
41.8171510696 sec for roughly one time step...
41.8617789745 sec for roughly one time step...
42.4269039631 sec for roughly one time step...
42.1627969742 sec for roughly one time step...
41.3027560711 sec for roughly one time step...
41.3540508747 sec for roughly one time step...
41.2930629253 sec for roughly one time step...
41.2946901321 sec for roughly one time step...
41.2950291634 sec for roughly one time step...
41.311770916 sec for roughly one time step...
41.3007688522 sec for roughly one time step...
41.2721347809 sec for roughly one time step...
41.3423960209 sec for roughly one time step...
41.8239068985 sec for roughly one time step...
42.4010109901 sec for roughly one time step...
42.4170060158 sec for roughly one time step...
42.3944330215 sec for roughly one time step...
42.3947927952 sec for roughly one time step...
42.4421269894 sec for roughly one time step...
42.4049189091 sec for roughly one time step...
42.4015030861 sec for roughly one time step...
42.3982450962 sec for roughly one time step...
42.4016311169 sec for roughly one time step...
42.3986198902 sec for roughly one time step...
42.3038589954 sec for roughly one time step...
41.6229050159 sec for roughly one time step...
41.605615139 sec for roughly one time step...
41.6189157963 sec for roughly one time step...
41.619866848 sec for roughly one time step...
41.6232709885 sec for roughly one time step...
41.6245911121 sec for roughly one time step...
41.6115710735 sec for roughly one time step...
41.6167259216 sec for roughly one time step...
41.6228559017 sec for roughly one time step...
41.6156139374 sec for roughly one time step...
41.6125349998 sec for roughly one time step...
41.6038291454 sec for roughly one time step...
41.6076920033 sec for roughly one time step...
41.6147398949 sec for roughly one time step...
41.6176719666 sec for roughly one time step...
41.609359026 sec for roughly one time step...
41.6161019802 sec for roughly one time step...
41.6192219257 sec for roughly one time step...
41.6190760136 sec for roughly one time step...
41.6153709888 sec for roughly one time step...
41.616243124 sec for roughly one time step...
41.6151809692 sec for roughly one time step...
41.6191909313 sec for roughly one time step...
41.6197760105 sec for roughly one time step...
41.6191620827 sec for roughly one time step...
41.6066868305 sec for roughly one time step...
41.5986509323 sec for roughly one time step...
41.6223709583 sec for roughly one time step...
41.5986571312 sec for roughly one time step...
41.625702858 sec for roughly one time step...
41.6155049801 sec for roughly one time step...
41.6057679653 sec for roughly one time step...
41.6035170555 sec for roughly one time step...
41.6131629944 sec for roughly one time step...
41.6180160046 sec for roughly one time step...
41.616448164 sec for roughly one time step...
41.6101589203 sec for roughly one time step...
41.6182541847 sec for roughly one time step...
41.617910862 sec for roughly one time step...
41.5944671631 sec for roughly one time step...
41.6070439816 sec for roughly one time step...
41.6184439659 sec for roughly one time step...
41.6162891388 sec for roughly one time step...
41.6177008152 sec for roughly one time step...
44.7674818039 sec for roughly one time step...
47.6334459782 sec for roughly one time step...
42.4261598587 sec for roughly one time step...
42.4113399982 sec for roughly one time step...
42.4097311497 sec for roughly one time step...
42.4108190536 sec for roughly one time step...
42.405908823 sec for roughly one time step...
42.4059178829 sec for roughly one time step...
42.4097659588 sec for roughly one time step...
42.4130859375 sec for roughly one time step...
42.3922159672 sec for roughly one time step...
42.4041750431 sec for roughly one time step...
42.4073321819 sec for roughly one time step...
42.40229702 sec for roughly one time step...
42.3981831074 sec for roughly one time step...
42.4011421204 sec for roughly one time step...
42.4196989536 sec for roughly one time step...
42.4046769142 sec for roughly one time step...
42.3947730064 sec for roughly one time step...
42.393802166 sec for roughly one time step...
42.3987329006 sec for roughly one time step...
42.4037680626 sec for roughly one time step...
42.3915030956 sec for roughly one time step...
42.4036769867 sec for roughly one time step...
42.4130051136 sec for roughly one time step...
42.40345788 sec for roughly one time step...
42.4086039066 sec for roughly one time step...
42.4047279358 sec for roughly one time step...
42.3980989456 sec for roughly one time step...
42.4012579918 sec for roughly one time step...
42.4616611004 sec for roughly one time step...
42.3952929974 sec for roughly one time step...
42.4086079597 sec for roughly one time step...
42.4014029503 sec for roughly one time step...
42.3981812 sec for roughly one time step...
42.3809309006 sec for roughly one time step...
42.4052751064 sec for roughly one time step...
42.3997149467 sec for roughly one time step...
41.9779689312 sec for roughly one time step...
41.6723020077 sec for roughly one time step...
41.6795780659 sec for roughly one time step...
41.6862978935 sec for roughly one time step...
41.6750898361 sec for roughly one time step...
41.6766440868 sec for roughly one time step...
41.6805331707 sec for roughly one time step...
41.6855471134 sec for roughly one time step...
41.6806941032 sec for roughly one time step...
41.6812059879 sec for roughly one time step...
41.6843500137 sec for roughly one time step...
41.6811571121 sec for roughly one time step...
41.6912548542 sec for roughly one time step...
41.6921198368 sec for roughly one time step...
41.6740169525 sec for roughly one time step...
41.6871769428 sec for roughly one time step...
41.6835041046 sec for roughly one time step...
41.6795389652 sec for roughly one time step...
41.7250909805 sec for roughly one time step...
41.6788489819 sec for roughly one time step...
41.6806111336 sec for roughly one time step...
41.6853909492 sec for roughly one time step...
41.6835291386 sec for roughly one time step...
41.6778609753 sec for roughly one time step...
41.6925699711 sec for roughly one time step...
41.6728520393 sec for roughly one time step...
41.6806230545 sec for roughly one time step...
41.6754729748 sec for roughly one time step...
41.6784939766 sec for roughly one time step...
41.6848611832 sec for roughly one time step...
41.6840209961 sec for roughly one time step...
41.6819078922 sec for roughly one time step...
41.6756529808 sec for roughly one time step...
41.6776838303 sec for roughly one time step...
41.6793940067 sec for roughly one time step...
41.6882808208 sec for roughly one time step...
41.6716229916 sec for roughly one time step...
41.6813969612 sec for roughly one time step...
41.6811010838 sec for roughly one time step...
41.6875901222 sec for roughly one time step...
41.6816608906 sec for roughly one time step...
41.6818988323 sec for roughly one time step...
41.6911110878 sec for roughly one time step...
41.6894061565 sec for roughly one time step...
41.6840019226 sec for roughly one time step...
41.6756048203 sec for roughly one time step...
41.6876339912 sec for roughly one time step...
42.2139630318 sec for roughly one time step...
42.2128949165 sec for roughly one time step...
42.1984908581 sec for roughly one time step...
42.2128810883 sec for roughly one time step...
42.2101650238 sec for roughly one time step...
42.219907999 sec for roughly one time step...
42.2174398899 sec for roughly one time step...
42.2065689564 sec for roughly one time step...
42.2114508152 sec for roughly one time step...
42.2077989578 sec for roughly one time step...
42.2251398563 sec for roughly one time step...
42.2154951096 sec for roughly one time step...
42.1199588776 sec for roughly one time step...
41.8108899593 sec for roughly one time step...
41.8096859455 sec for roughly one time step...
41.8241839409 sec for roughly one time step...
41.8197050095 sec for roughly one time step...
41.825617075 sec for roughly one time step...
41.8057568073 sec for roughly one time step...
41.8200669289 sec for roughly one time step...
41.8278040886 sec for roughly one time step...
41.8227689266 sec for roughly one time step...
41.8229320049 sec for roughly one time step...
41.8124198914 sec for roughly one time step...
41.8166158199 sec for roughly one time step...
41.8268640041 sec for roughly one time step...
41.8178100586 sec for roughly one time step...
41.8193018436 sec for roughly one time step...
41.8181428909 sec for roughly one time step...
41.8089809418 sec for roughly one time step...
41.817070961 sec for roughly one time step...
41.8179152012 sec for roughly one time step...
41.8095009327 sec for roughly one time step...
41.8164820671 sec for roughly one time step...
41.8065340519 sec for roughly one time step...
41.8146238327 sec for roughly one time step...
41.8124442101 sec for roughly one time step...
41.8230919838 sec for roughly one time step...
41.8197259903 sec for roughly one time step...
41.809458971 sec for roughly one time step...
41.8219909668 sec for roughly one time step...
41.8205618858 sec for roughly one time step...
41.8159480095 sec for roughly one time step...
41.8190000057 sec for roughly one time step...
600.0  seconds run saved
42.3969559669 sec for roughly one time step...
41.7981228828 sec for roughly one time step...
41.8194727898 sec for roughly one time step...
41.8188769817 sec for roughly one time step...
41.8222720623 sec for roughly one time step...
41.821917057 sec for roughly one time step...
41.8158519268 sec for roughly one time step...
41.819737196 sec for roughly one time step...
41.809871912 sec for roughly one time step...
41.8263018131 sec for roughly one time step...
41.8239369392 sec for roughly one time step...
41.8087599277 sec for roughly one time step...
41.8019790649 sec for roughly one time step...
41.8205089569 sec for roughly one time step...
41.819576025 sec for roughly one time step...
41.8133218288 sec for roughly one time step...
41.8223412037 sec for roughly one time step...
41.8174228668 sec for roughly one time step...
41.8120038509 sec for roughly one time step...
41.8197650909 sec for roughly one time step...
41.8190710545 sec for roughly one time step...
41.824434042 sec for roughly one time step...
41.823925972 sec for roughly one time step...
41.8135449886 sec for roughly one time step...
41.816065073 sec for roughly one time step...
41.8087060452 sec for roughly one time step...
41.80331707 sec for roughly one time step...
41.8154990673 sec for roughly one time step...
41.8193798065 sec for roughly one time step...
41.817376852 sec for roughly one time step...
41.8081848621 sec for roughly one time step...
41.8244259357 sec for roughly one time step...
41.812361002 sec for roughly one time step...
41.8218221664 sec for roughly one time step...
41.8043260574 sec for roughly one time step...
41.8080761433 sec for roughly one time step...
41.8132929802 sec for roughly one time step...
41.8209500313 sec for roughly one time step...
41.8129909039 sec for roughly one time step...
41.803347826 sec for roughly one time step...
41.8157811165 sec for roughly one time step...
41.8205459118 sec for roughly one time step...
41.8072500229 sec for roughly one time step...
41.8007488251 sec for roughly one time step...
41.8178398609 sec for roughly one time step...
41.8161439896 sec for roughly one time step...
41.8188149929 sec for roughly one time step...
41.8126420975 sec for roughly one time step...
41.7990958691 sec for roughly one time step...
41.8186950684 sec for roughly one time step...
41.8208479881 sec for roughly one time step...
41.8155620098 sec for roughly one time step...
41.8219110966 sec for roughly one time step...
41.8114521503 sec for roughly one time step...
41.8211629391 sec for roughly one time step...
41.820595026 sec for roughly one time step...
41.8123171329 sec for roughly one time step...
41.8076691628 sec for roughly one time step...
41.81310606 sec for roughly one time step...
41.8162050247 sec for roughly one time step...
41.8238041401 sec for roughly one time step...
41.8225719929 sec for roughly one time step...
41.8182229996 sec for roughly one time step...
41.8084509373 sec for roughly one time step...
41.8173341751 sec for roughly one time step...
41.8211188316 sec for roughly one time step...
41.8189051151 sec for roughly one time step...
41.813683033 sec for roughly one time step...
41.8046469688 sec for roughly one time step...
41.8120131493 sec for roughly one time step...
41.817579031 sec for roughly one time step...
41.8096048832 sec for roughly one time step...
45.3353390694 sec for roughly one time step...
49.4344828129 sec for roughly one time step...
44.2160971165 sec for roughly one time step...
42.063532114 sec for roughly one time step...
42.0491650105 sec for roughly one time step...
41.7337388992 sec for roughly one time step...
41.5631270409 sec for roughly one time step...
41.5065171719 sec for roughly one time step...
41.4901399612 sec for roughly one time step...
41.4921700954 sec for roughly one time step...
41.5029809475 sec for roughly one time step...
41.503002882 sec for roughly one time step...
41.5304939747 sec for roughly one time step...
41.4976019859 sec for roughly one time step...
41.4988350868 sec for roughly one time step...
41.5494248867 sec for roughly one time step...
41.4895420074 sec for roughly one time step...
41.4991340637 sec for roughly one time step...
41.4890727997 sec for roughly one time step...
41.4931619167 sec for roughly one time step...
41.4946389198 sec for roughly one time step...
41.4977428913 sec for roughly one time step...
41.4999859333 sec for roughly one time step...
41.502450943 sec for roughly one time step...
41.4940850735 sec for roughly one time step...
41.5015017986 sec for roughly one time step...
41.4936110973 sec for roughly one time step...
41.4984951019 sec for roughly one time step...
41.5099260807 sec for roughly one time step...
41.5768699646 sec for roughly one time step...
41.4727480412 sec for roughly one time step...
41.4735379219 sec for roughly one time step...
41.5862879753 sec for roughly one time step...
42.3174929619 sec for roughly one time step...
42.3145740032 sec for roughly one time step...
42.3091220856 sec for roughly one time step...
42.3185009956 sec for roughly one time step...
42.3125021458 sec for roughly one time step...
42.3192400932 sec for roughly one time step...
42.3157508373 sec for roughly one time step...
42.3197009563 sec for roughly one time step...
41.5964570045 sec for roughly one time step...
41.2036130428 sec for roughly one time step...
41.2164719105 sec for roughly one time step...
41.2099721432 sec for roughly one time step...
41.2159991264 sec for roughly one time step...
41.2155969143 sec for roughly one time step...
41.300620079 sec for roughly one time step...
41.2187290192 sec for roughly one time step...
41.2137169838 sec for roughly one time step...
41.2242357731 sec for roughly one time step...
41.2161610126 sec for roughly one time step...
41.2091960907 sec for roughly one time step...
41.2240099907 sec for roughly one time step...
41.2214531898 sec for roughly one time step...
41.209086895 sec for roughly one time step...
41.2163600922 sec for roughly one time step...
41.2077591419 sec for roughly one time step...
41.2238819599 sec for roughly one time step...
41.2162981033 sec for roughly one time step...
41.2136220932 sec for roughly one time step...
41.2184989452 sec for roughly one time step...
41.2152900696 sec for roughly one time step...
41.2068741322 sec for roughly one time step...
41.2021951675 sec for roughly one time step...
41.2260110378 sec for roughly one time step...
41.2166268826 sec for roughly one time step...
41.2262620926 sec for roughly one time step...
41.2156310081 sec for roughly one time step...
41.2165241241 sec for roughly one time step...
41.2201809883 sec for roughly one time step...
41.2141370773 sec for roughly one time step...
41.208990097 sec for roughly one time step...
41.2194750309 sec for roughly one time step...
41.2235980034 sec for roughly one time step...
41.216727972 sec for roughly one time step...
41.2154660225 sec for roughly one time step...
41.2129569054 sec for roughly one time step...
41.207419157 sec for roughly one time step...
41.2161710262 sec for roughly one time step...
41.2236359119 sec for roughly one time step...
41.2262070179 sec for roughly one time step...
41.2127199173 sec for roughly one time step...
41.2157199383 sec for roughly one time step...
41.2085108757 sec for roughly one time step...
41.2168009281 sec for roughly one time step...
41.2251520157 sec for roughly one time step...
41.2117772102 sec for roughly one time step...
41.2247748375 sec for roughly one time step...
41.2218518257 sec for roughly one time step...
41.2086429596 sec for roughly one time step...
41.2137007713 sec for roughly one time step...
41.2102518082 sec for roughly one time step...
41.2135920525 sec for roughly one time step...
41.2164120674 sec for roughly one time step...
41.2028188705 sec for roughly one time step...
41.221503973 sec for roughly one time step...
41.2155539989 sec for roughly one time step...
41.2161111832 sec for roughly one time step...
41.2205779552 sec for roughly one time step...
41.2083261013 sec for roughly one time step...
41.2100961208 sec for roughly one time step...
41.2132110596 sec for roughly one time step...
41.2138059139 sec for roughly one time step...
41.2249391079 sec for roughly one time step...
41.2205369473 sec for roughly one time step...
41.2164750099 sec for roughly one time step...
41.2185709476 sec for roughly one time step...
41.2253198624 sec for roughly one time step...
41.2180218697 sec for roughly one time step...
41.2238941193 sec for roughly one time step...
41.2138149738 sec for roughly one time step...
41.2263319492 sec for roughly one time step...
41.2179179192 sec for roughly one time step...
41.1951658726 sec for roughly one time step...
41.212348938 sec for roughly one time step...
41.2222058773 sec for roughly one time step...
41.2261037827 sec for roughly one time step...
41.2175559998 sec for roughly one time step...
41.2135739326 sec for roughly one time step...
41.215020895 sec for roughly one time step...
41.2096920013 sec for roughly one time step...
41.2131860256 sec for roughly one time step...
41.211774826 sec for roughly one time step...
41.2237110138 sec for roughly one time step...
41.2169530392 sec for roughly one time step...
41.2087860107 sec for roughly one time step...
41.2207210064 sec for roughly one time step...
41.2086400986 sec for roughly one time step...
41.2174739838 sec for roughly one time step...
41.2138671875 sec for roughly one time step...
41.2199599743 sec for roughly one time step...
41.2227420807 sec for roughly one time step...
41.2106971741 sec for roughly one time step...
41.2203338146 sec for roughly one time step...
41.2097320557 sec for roughly one time step...
41.2132611275 sec for roughly one time step...
41.2198960781 sec for roughly one time step...
41.209841013 sec for roughly one time step...
41.2173199654 sec for roughly one time step...
41.2186508179 sec for roughly one time step...
41.208204031 sec for roughly one time step...
41.2195689678 sec for roughly one time step...
41.2173519135 sec for roughly one time step...
41.2181398869 sec for roughly one time step...
41.2132730484 sec for roughly one time step...
41.2022821903 sec for roughly one time step...
41.2171318531 sec for roughly one time step...
41.2183849812 sec for roughly one time step...
41.2148900032 sec for roughly one time step...
41.221560955 sec for roughly one time step...
41.2159161568 sec for roughly one time step...
41.2221429348 sec for roughly one time step...
41.2217321396 sec for roughly one time step...
41.2160100937 sec for roughly one time step...
41.2182750702 sec for roughly one time step...
41.2224187851 sec for roughly one time step...
41.2155218124 sec for roughly one time step...
41.2045049667 sec for roughly one time step...
41.2184040546 sec for roughly one time step...
41.2207870483 sec for roughly one time step...
41.2267539501 sec for roughly one time step...
41.215264082 sec for roughly one time step...
41.2133569717 sec for roughly one time step...
41.2183110714 sec for roughly one time step...
41.2170419693 sec for roughly one time step...
41.2230501175 sec for roughly one time step...
41.2208709717 sec for roughly one time step...
41.216190815 sec for roughly one time step...
41.2107110023 sec for roughly one time step...
41.192084074 sec for roughly one time step...
41.2130010128 sec for roughly one time step...
41.2213270664 sec for roughly one time step...
41.208386898 sec for roughly one time step...
41.2269480228 sec for roughly one time step...
41.2189919949 sec for roughly one time step...
41.216231823 sec for roughly one time step...
41.2159888744 sec for roughly one time step...
41.2123191357 sec for roughly one time step...
41.2088279724 sec for roughly one time step...
41.2264590263 sec for roughly one time step...
41.2150399685 sec for roughly one time step...
41.2046301365 sec for roughly one time step...
41.2186830044 sec for roughly one time step...
41.2005670071 sec for roughly one time step...
41.2271010876 sec for roughly one time step...
41.2122869492 sec for roughly one time step...
41.2186329365 sec for roughly one time step...
41.2031788826 sec for roughly one time step...
41.2193760872 sec for roughly one time step...
41.2157709599 sec for roughly one time step...
41.2082772255 sec for roughly one time step...
41.2135338783 sec for roughly one time step...
41.2242991924 sec for roughly one time step...
41.2238659859 sec for roughly one time step...
41.2206089497 sec for roughly one time step...
41.21905303 sec for roughly one time step...
41.2077050209 sec for roughly one time step...
41.2237839699 sec for roughly one time step...
41.2207009792 sec for roughly one time step...
41.2128551006 sec for roughly one time step...
41.2167758942 sec for roughly one time step...
41.2214951515 sec for roughly one time step...
41.2167971134 sec for roughly one time step...
41.2157318592 sec for roughly one time step...
41.2177081108 sec for roughly one time step...
41.2202301025 sec for roughly one time step...
41.2209448814 sec for roughly one time step...
41.2154610157 sec for roughly one time step...
41.2075438499 sec for roughly one time step...
41.2130138874 sec for roughly one time step...
41.2203609943 sec for roughly one time step...
41.2078709602 sec for roughly one time step...
41.2162590027 sec for roughly one time step...
41.2138109207 sec for roughly one time step...
41.2137458324 sec for roughly one time step...
41.2165849209 sec for roughly one time step...
41.2163469791 sec for roughly one time step...
41.2191200256 sec for roughly one time step...
41.2222011089 sec for roughly one time step...
41.2124741077 sec for roughly one time step...
41.2058000565 sec for roughly one time step...
41.2077550888 sec for roughly one time step...
41.2193169594 sec for roughly one time step...
41.2139749527 sec for roughly one time step...
41.2208750248 sec for roughly one time step...
41.2207751274 sec for roughly one time step...
41.2072720528 sec for roughly one time step...
900.0  seconds run saved
41.7760639191 sec for roughly one time step...
41.2111361027 sec for roughly one time step...
41.2065050602 sec for roughly one time step...
41.2022118568 sec for roughly one time step...
41.2123110294 sec for roughly one time step...
41.2181329727 sec for roughly one time step...
41.2147428989 sec for roughly one time step...
41.2090089321 sec for roughly one time step...
41.2225861549 sec for roughly one time step...
41.2129518986 sec for roughly one time step...
41.21220994 sec for roughly one time step...
41.2185168266 sec for roughly one time step...
41.209761858 sec for roughly one time step...
41.2230548859 sec for roughly one time step...
41.21829319 sec for roughly one time step...
41.1952810287 sec for roughly one time step...
41.2205018997 sec for roughly one time step...
41.2172498703 sec for roughly one time step...
41.2175078392 sec for roughly one time step...
41.2167429924 sec for roughly one time step...
41.2072179317 sec for roughly one time step...
41.2274241447 sec for roughly one time step...
41.2139599323 sec for roughly one time step...
41.2867650986 sec for roughly one time step...
41.2153460979 sec for roughly one time step...
41.216301918 sec for roughly one time step...
41.2143349648 sec for roughly one time step...
41.2172949314 sec for roughly one time step...
41.2146649361 sec for roughly one time step...
41.2212090492 sec for roughly one time step...
41.2299280167 sec for roughly one time step...
41.2153089046 sec for roughly one time step...
41.2117800713 sec for roughly one time step...
41.2232010365 sec for roughly one time step...
41.2184920311 sec for roughly one time step...
41.2152180672 sec for roughly one time step...
41.2168960571 sec for roughly one time step...
41.2126560211 sec for roughly one time step...
41.2128770351 sec for roughly one time step...
41.2161970139 sec for roughly one time step...
41.2758529186 sec for roughly one time step...
41.4407999516 sec for roughly one time step...
41.4418327808 sec for roughly one time step...
41.4174571037 sec for roughly one time step...
41.4205131531 sec for roughly one time step...
41.4152059555 sec for roughly one time step...
41.4407689571 sec for roughly one time step...
41.426928997 sec for roughly one time step...
41.4319651127 sec for roughly one time step...
41.4345839024 sec for roughly one time step...
41.4363329411 sec for roughly one time step...
41.441049099 sec for roughly one time step...
41.4352769852 sec for roughly one time step...
41.4346821308 sec for roughly one time step...
41.4634919167 sec for roughly one time step...
41.4295740128 sec for roughly one time step...
41.4313011169 sec for roughly one time step...
41.4227170944 sec for roughly one time step...
41.4302620888 sec for roughly one time step...
41.4273490906 sec for roughly one time step...
41.4297480583 sec for roughly one time step...
41.4276280403 sec for roughly one time step...
41.4283380508 sec for roughly one time step...
41.4293110371 sec for roughly one time step...
41.4137270451 sec for roughly one time step...
41.4329299927 sec for roughly one time step...
41.4246990681 sec for roughly one time step...
41.4258131981 sec for roughly one time step...
41.4348158836 sec for roughly one time step...
41.5712080002 sec for roughly one time step...
41.9201459885 sec for roughly one time step...
41.9184930325 sec for roughly one time step...
41.9044098854 sec for roughly one time step...
41.929087162 sec for roughly one time step...
41.9210751057 sec for roughly one time step...
41.9270169735 sec for roughly one time step...
41.9102890491 sec for roughly one time step...
41.9232268333 sec for roughly one time step...
41.9227671623 sec for roughly one time step...
41.9257171154 sec for roughly one time step...
41.9319951534 sec for roughly one time step...
41.9203679562 sec for roughly one time step...
41.9285621643 sec for roughly one time step...
41.9181041718 sec for roughly one time step...
42.3555319309 sec for roughly one time step...
42.4152400494 sec for roughly one time step...
41.7506239414 sec for roughly one time step...
41.2913939953 sec for roughly one time step...
41.2820470333 sec for roughly one time step...
41.2824618816 sec for roughly one time step...
41.2825980186 sec for roughly one time step...
41.276676178 sec for roughly one time step...
41.2725629807 sec for roughly one time step...
41.2914261818 sec for roughly one time step...
41.2827768326 sec for roughly one time step...
41.2930190563 sec for roughly one time step...
41.283408165 sec for roughly one time step...
41.287293911 sec for roughly one time step...
41.2871320248 sec for roughly one time step...
41.281099081 sec for roughly one time step...
41.2873940468 sec for roughly one time step...
41.2936811447 sec for roughly one time step...
41.2876279354 sec for roughly one time step...
41.2864329815 sec for roughly one time step...
41.2785789967 sec for roughly one time step...
41.2839410305 sec for roughly one time step...
41.2755470276 sec for roughly one time step...
41.2781021595 sec for roughly one time step...
41.2847969532 sec for roughly one time step...
41.2887940407 sec for roughly one time step...
41.2861990929 sec for roughly one time step...
41.2835049629 sec for roughly one time step...
41.2806010246 sec for roughly one time step...
41.2806482315 sec for roughly one time step...
41.2779018879 sec for roughly one time step...
41.2877981663 sec for roughly one time step...
41.2862069607 sec for roughly one time step...
41.2857241631 sec for roughly one time step...
41.2827110291 sec for roughly one time step...
41.2837839127 sec for roughly one time step...
41.2837200165 sec for roughly one time step...
41.2798299789 sec for roughly one time step...
41.2831869125 sec for roughly one time step...
41.2926971912 sec for roughly one time step...
41.2969520092 sec for roughly one time step...
41.2901091576 sec for roughly one time step...
41.2775909901 sec for roughly one time step...
41.5835430622 sec for roughly one time step...
42.2034819126 sec for roughly one time step...
42.1973111629 sec for roughly one time step...
42.19967103 sec for roughly one time step...
42.1923339367 sec for roughly one time step...
42.2120261192 sec for roughly one time step...
42.193969965 sec for roughly one time step...
42.2024469376 sec for roughly one time step...
42.2031300068 sec for roughly one time step...
42.201706171 sec for roughly one time step...
42.2024598122 sec for roughly one time step...
42.1852469444 sec for roughly one time step...
42.1955080032 sec for roughly one time step...
42.2032608986 sec for roughly one time step...
42.2071158886 sec for roughly one time step...
42.2071380615 sec for roughly one time step...
42.1939270496 sec for roughly one time step...
42.1985189915 sec for roughly one time step...
42.2086520195 sec for roughly one time step...
42.1960659027 sec for roughly one time step...
42.1992750168 sec for roughly one time step...
42.1926150322 sec for roughly one time step...
42.1859200001 sec for roughly one time step...
42.2139639854 sec for roughly one time step...
42.2038550377 sec for roughly one time step...
42.1973040104 sec for roughly one time step...
42.1933059692 sec for roughly one time step...
42.1951220036 sec for roughly one time step...
42.1889879704 sec for roughly one time step...
42.2006001472 sec for roughly one time step...
42.2030050755 sec for roughly one time step...
42.2009661198 sec for roughly one time step...
42.2046000957 sec for roughly one time step...
42.1970648766 sec for roughly one time step...
42.1898338795 sec for roughly one time step...
42.1923952103 sec for roughly one time step...
42.1908519268 sec for roughly one time step...
42.1975371838 sec for roughly one time step...
42.2019889355 sec for roughly one time step...
42.2131011486 sec for roughly one time step...
42.2025198936 sec for roughly one time step...
42.1893851757 sec for roughly one time step...
42.1924040318 sec for roughly one time step...
42.1966948509 sec for roughly one time step...
42.1953589916 sec for roughly one time step...
42.1978108883 sec for roughly one time step...
42.1934728622 sec for roughly one time step...
42.2000250816 sec for roughly one time step...
42.1933140755 sec for roughly one time step...
42.2039041519 sec for roughly one time step...
42.1940710545 sec for roughly one time step...
42.2053050995 sec for roughly one time step...
42.1970169544 sec for roughly one time step...
42.1958010197 sec for roughly one time step...
42.2014260292 sec for roughly one time step...
42.1998250484 sec for roughly one time step...
42.1975929737 sec for roughly one time step...
42.1993789673 sec for roughly one time step...
42.1869180202 sec for roughly one time step...
42.1948299408 sec for roughly one time step...
42.1970629692 sec for roughly one time step...
42.2043700218 sec for roughly one time step...
42.2081129551 sec for roughly one time step...
42.1956908703 sec for roughly one time step...
42.2047698498 sec for roughly one time step...
42.2045538425 sec for roughly one time step...
42.1978869438 sec for roughly one time step...
42.2003741264 sec for roughly one time step...
42.2027280331 sec for roughly one time step...
42.2021639347 sec for roughly one time step...
42.1922008991 sec for roughly one time step...
42.1930809021 sec for roughly one time step...
42.2070319653 sec for roughly one time step...
42.1928679943 sec for roughly one time step...
42.2020609379 sec for roughly one time step...
42.1968681812 sec for roughly one time step...
42.2085440159 sec for roughly one time step...
42.2027699947 sec for roughly one time step...
42.1926259995 sec for roughly one time step...
42.1932640076 sec for roughly one time step...
42.1926748753 sec for roughly one time step...
42.1982309818 sec for roughly one time step...
42.1970880032 sec for roughly one time step...
42.1923599243 sec for roughly one time step...
42.1938941479 sec for roughly one time step...
42.1958770752 sec for roughly one time step...
42.2016708851 sec for roughly one time step...
42.2052369118 sec for roughly one time step...
42.2086279392 sec for roughly one time step...
42.2058980465 sec for roughly one time step...
42.1834130287 sec for roughly one time step...
42.197824955 sec for roughly one time step...
42.2061419487 sec for roughly one time step...
42.2095768452 sec for roughly one time step...
42.2136311531 sec for roughly one time step...
42.2038240433 sec for roughly one time step...
42.2205278873 sec for roughly one time step...
42.2109758854 sec for roughly one time step...
42.1998829842 sec for roughly one time step...
42.2057068348 sec for roughly one time step...
42.1991479397 sec for roughly one time step...
42.1992990971 sec for roughly one time step...
42.2049889565 sec for roughly one time step...
42.194535017 sec for roughly one time step...
42.1977498531 sec for roughly one time step...
42.1957771778 sec for roughly one time step...
42.2027020454 sec for roughly one time step...
42.1962761879 sec for roughly one time step...
42.1985929012 sec for roughly one time step...
42.1905539036 sec for roughly one time step...
42.1980779171 sec for roughly one time step...
42.2029569149 sec for roughly one time step...
42.1946139336 sec for roughly one time step...
42.1948840618 sec for roughly one time step...
42.1993629932 sec for roughly one time step...
42.1948990822 sec for roughly one time step...
42.2002398968 sec for roughly one time step...
42.2005610466 sec for roughly one time step...
42.1953020096 sec for roughly one time step...
42.2031681538 sec for roughly one time step...
42.1939189434 sec for roughly one time step...
42.1927790642 sec for roughly one time step...
42.1896300316 sec for roughly one time step...
42.2001388073 sec for roughly one time step...
42.2031240463 sec for roughly one time step...
42.197781086 sec for roughly one time step...
42.1964290142 sec for roughly one time step...
42.1882760525 sec for roughly one time step...
42.1959719658 sec for roughly one time step...
42.1992001534 sec for roughly one time step...
42.1753509045 sec for roughly one time step...
42.2027740479 sec for roughly one time step...
42.2052280903 sec for roughly one time step...
42.202133894 sec for roughly one time step...
42.1984210014 sec for roughly one time step...
42.2001168728 sec for roughly one time step...
42.2115559578 sec for roughly one time step...
42.1990988255 sec for roughly one time step...
42.1861479282 sec for roughly one time step...
42.2660579681 sec for roughly one time step...
42.2019989491 sec for roughly one time step...
42.2063210011 sec for roughly one time step...
42.1961209774 sec for roughly one time step...
42.197149992 sec for roughly one time step...
42.2020900249 sec for roughly one time step...
42.1861691475 sec for roughly one time step...
42.19602108 sec for roughly one time step...
42.2014009953 sec for roughly one time step...
42.1990129948 sec for roughly one time step...
42.1829090118 sec for roughly one time step...
42.1879870892 sec for roughly one time step...
42.2032051086 sec for roughly one time step...
42.1944220066 sec for roughly one time step...
42.1949880123 sec for roughly one time step...
42.1866879463 sec for roughly one time step...
42.1936841011 sec for roughly one time step...
42.1992390156 sec for roughly one time step...
42.1913471222 sec for roughly one time step...
42.1956820488 sec for roughly one time step...
42.1924319267 sec for roughly one time step...
42.1904659271 sec for roughly one time step...
42.2250699997 sec for roughly one time step...
42.1867918968 sec for roughly one time step...
42.1992790699 sec for roughly one time step...
42.1843681335 sec for roughly one time step...
42.1967508793 sec for roughly one time step...
42.2066102028 sec for roughly one time step...
42.2060780525 sec for roughly one time step...
42.2109308243 sec for roughly one time step...
42.2045788765 sec for roughly one time step...
42.205755949 sec for roughly one time step...
42.1979429722 sec for roughly one time step...
42.1983311176 sec for roughly one time step...
1200.0  seconds run saved
42.7482509613 sec for roughly one time step...
42.1980118752 sec for roughly one time step...
42.2064189911 sec for roughly one time step...
42.2016239166 sec for roughly one time step...
41.4795548916 sec for roughly one time step...
41.2796809673 sec for roughly one time step...
41.2825520039 sec for roughly one time step...
41.2925488949 sec for roughly one time step...
41.2767829895 sec for roughly one time step...
41.2858920097 sec for roughly one time step...
41.28647995 sec for roughly one time step...
41.2910909653 sec for roughly one time step...
41.2832801342 sec for roughly one time step...
41.2855529785 sec for roughly one time step...
41.2832279205 sec for roughly one time step...
41.282394886 sec for roughly one time step...
41.2950398922 sec for roughly one time step...
41.2869009972 sec for roughly one time step...
41.2874791622 sec for roughly one time step...
41.2898449898 sec for roughly one time step...
41.2928438187 sec for roughly one time step...
41.283290863 sec for roughly one time step...
41.3739020824 sec for roughly one time step...
41.2951290607 sec for roughly one time step...
41.2889239788 sec for roughly one time step...
41.2917079926 sec for roughly one time step...
41.2759640217 sec for roughly one time step...
41.276540041 sec for roughly one time step...
41.2909271717 sec for roughly one time step...
41.2899620533 sec for roughly one time step...
41.2891118526 sec for roughly one time step...
41.2822659016 sec for roughly one time step...
41.2878670692 sec for roughly one time step...
41.2893259525 sec for roughly one time step...
41.2967250347 sec for roughly one time step...
41.3657660484 sec for roughly one time step...
41.2926199436 sec for roughly one time step...
41.2856199741 sec for roughly one time step...
41.2829408646 sec for roughly one time step...
41.2824130058 sec for roughly one time step...
41.2824580669 sec for roughly one time step...
41.2822859287 sec for roughly one time step...
41.2852680683 sec for roughly one time step...
41.2891409397 sec for roughly one time step...
41.2892968655 sec for roughly one time step...
41.289703846 sec for roughly one time step...
41.2779130936 sec for roughly one time step...
41.2852268219 sec for roughly one time step...
41.2821569443 sec for roughly one time step...
41.2901241779 sec for roughly one time step...
41.2875158787 sec for roughly one time step...
41.2944381237 sec for roughly one time step...
41.293487072 sec for roughly one time step...
41.2848210335 sec for roughly one time step...
41.2789781094 sec for roughly one time step...
41.2775449753 sec for roughly one time step...
41.2866978645 sec for roughly one time step...
41.2867381573 sec for roughly one time step...
41.284637928 sec for roughly one time step...
41.2976930141 sec for roughly one time step...
41.2867310047 sec for roughly one time step...
41.2847700119 sec for roughly one time step...
41.318062067 sec for roughly one time step...
41.297948122 sec for roughly one time step...
41.2787780762 sec for roughly one time step...
41.2822399139 sec for roughly one time step...
41.2911381721 sec for roughly one time step...
41.2840688229 sec for roughly one time step...
41.2877488136 sec for roughly one time step...
41.2846930027 sec for roughly one time step...
41.2842431068 sec for roughly one time step...
41.2861809731 sec for roughly one time step...
41.2866170406 sec for roughly one time step...
41.2855241299 sec for roughly one time step...
41.2895190716 sec for roughly one time step...
41.3342220783 sec for roughly one time step...
41.2943150997 sec for roughly one time step...
41.2892129421 sec for roughly one time step...
41.2818241119 sec for roughly one time step...
41.2970380783 sec for roughly one time step...
41.2857620716 sec for roughly one time step...
41.2894160748 sec for roughly one time step...
41.2813110352 sec for roughly one time step...
41.2943360806 sec for roughly one time step...
41.2925701141 sec for roughly one time step...
41.2865209579 sec for roughly one time step...
41.2797849178 sec for roughly one time step...
41.292568922 sec for roughly one time step...
41.2995009422 sec for roughly one time step...
41.2776241302 sec for roughly one time step...
41.2864649296 sec for roughly one time step...
41.292509079 sec for roughly one time step...
41.290102005 sec for roughly one time step...
41.2888879776 sec for roughly one time step...
41.2850959301 sec for roughly one time step...
41.2923641205 sec for roughly one time step...
41.2942199707 sec for roughly one time step...
42.1026380062 sec for roughly one time step...
42.4187159538 sec for roughly one time step...
42.4110441208 sec for roughly one time step...
42.4140160084 sec for roughly one time step...
42.4166400433 sec for roughly one time step...
41.3297390938 sec for roughly one time step...
41.3006179333 sec for roughly one time step...
41.2879259586 sec for roughly one time step...
41.2950370312 sec for roughly one time step...
41.2941272259 sec for roughly one time step...
41.2867910862 sec for roughly one time step...
41.3000860214 sec for roughly one time step...
41.2895259857 sec for roughly one time step...
41.2833960056 sec for roughly one time step...
41.6093611717 sec for roughly one time step...
42.4074649811 sec for roughly one time step...
42.0744400024 sec for roughly one time step...
41.971268177 sec for roughly one time step...
41.9538369179 sec for roughly one time step...
41.9631209373 sec for roughly one time step...
41.9639091492 sec for roughly one time step...
41.9699008465 sec for roughly one time step...
41.9596610069 sec for roughly one time step...
41.960793972 sec for roughly one time step...
41.9450910091 sec for roughly one time step...
41.9594459534 sec for roughly one time step...
41.9639270306 sec for roughly one time step...
41.9597940445 sec for roughly one time step...
41.9513950348 sec for roughly one time step...
41.9742250443 sec for roughly one time step...
41.9576721191 sec for roughly one time step...
41.9587700367 sec for roughly one time step...
41.9660859108 sec for roughly one time step...
41.9587819576 sec for roughly one time step...
41.9577510357 sec for roughly one time step...
41.9696421623 sec for roughly one time step...
41.9559509754 sec for roughly one time step...
41.9664921761 sec for roughly one time step...
41.9573199749 sec for roughly one time step...
41.9613940716 sec for roughly one time step...
41.9688389301 sec for roughly one time step...
41.9630057812 sec for roughly one time step...
41.9688689709 sec for roughly one time step...
41.9678840637 sec for roughly one time step...
41.964097023 sec for roughly one time step...
41.960160017 sec for roughly one time step...
41.9627838135 sec for roughly one time step...
41.9578678608 sec for roughly one time step...
41.9573779106 sec for roughly one time step...
41.9623229504 sec for roughly one time step...
41.9715468884 sec for roughly one time step...
41.9702279568 sec for roughly one time step...
41.9567480087 sec for roughly one time step...
41.9574019909 sec for roughly one time step...
41.9677858353 sec for roughly one time step...
41.9577460289 sec for roughly one time step...
41.9593529701 sec for roughly one time step...
41.9575850964 sec for roughly one time step...
41.9479980469 sec for roughly one time step...
41.9550659657 sec for roughly one time step...
41.9698929787 sec for roughly one time step...
41.963037014 sec for roughly one time step...
41.9589509964 sec for roughly one time step...
41.9626979828 sec for roughly one time step...
41.9693059921 sec for roughly one time step...
41.9489269257 sec for roughly one time step...
41.960370779 sec for roughly one time step...
41.9655649662 sec for roughly one time step...
41.9598898888 sec for roughly one time step...
42.0058917999 sec for roughly one time step...
41.961329937 sec for roughly one time step...
41.9619519711 sec for roughly one time step...
41.9649589062 sec for roughly one time step...
41.9522469044 sec for roughly one time step...
41.9693951607 sec for roughly one time step...
41.9663579464 sec for roughly one time step...
41.958837986 sec for roughly one time step...
41.9636750221 sec for roughly one time step...
41.957504034 sec for roughly one time step...
41.9486620426 sec for roughly one time step...
41.9690420628 sec for roughly one time step...
41.9579639435 sec for roughly one time step...
41.9570858479 sec for roughly one time step...
41.961512804 sec for roughly one time step...
41.9642169476 sec for roughly one time step...
41.9422600269 sec for roughly one time step...
41.5708661079 sec for roughly one time step...
41.4281301498 sec for roughly one time step...
41.4228510857 sec for roughly one time step...
41.4389510155 sec for roughly one time step...
41.4290189743 sec for roughly one time step...
41.4280810356 sec for roughly one time step...
41.4325530529 sec for roughly one time step...
41.4256851673 sec for roughly one time step...
41.4255750179 sec for roughly one time step...
41.4310350418 sec for roughly one time step...
41.4246299267 sec for roughly one time step...
41.4513509274 sec foslurmstepd: error: *** JOB 354550 ON nia0169 CANCELLED AT 2018-08-24T11:58:13 ***

scontrol show jobid 354550
JobId=354550 JobName=np_diffusion
   UserId=jbroths(3061232) GroupId=zilmana(6002070) MCS_label=N/A
   Priority=384809 Nice=0 Account=rrg-zilmana QOS=normal
   JobState=COMPLETING Reason=None Dependency=(null)
   Requeue=0 Restarts=0 BatchFlag=1 Reboot=0 ExitCode=0:15
   RunTime=17:15:47 TimeLimit=1-00:00:00 TimeMin=N/A
   SubmitTime=2018-08-23T18:42:25 EligibleTime=2018-08-23T18:42:25
   StartTime=2018-08-23T18:42:26 EndTime=2018-08-24T11:58:13 Deadline=N/A
   PreemptTime=None SuspendTime=None SecsPreSuspend=0
   LastSchedEval=2018-08-23T18:42:26
   Partition=compute AllocNode:Sid=nia-login02:327576
   ReqNodeList=(null) ExcNodeList=(null)
   NodeList=nia0169
   BatchHost=nia0169
   NumNodes=1 NumCPUs=80 NumTasks=40 CPUs/Task=1 ReqB:S:C:T=0:0:*:*
   TRES=cpu=80,node=1,billing=40
   Socks/Node=* NtasksPerN:B:S:C=0:0:*:* CoreSpec=*
   MinCPUsNode=1 MinMemoryNode=0 MinTmpDiskNode=0
   Features=(null) DelayBoot=00:00:00
   Gres=(null) Reservation=(null)
   OverSubscribe=NO Contiguous=0 Licenses=(null) Network=(null)
   Command=/gpfs/fs0/scratch/z/zilmana/jbroths/np-diffusion/niagara_submit.sh
   WorkDir=/gpfs/fs0/scratch/z/zilmana/jbroths/np-diffusion
   StdErr=/gpfs/fs0/scratch/z/zilmana/jbroths/np-diffusion/slurm-354550.out
   StdIn=/dev/null
   StdOut=/gpfs/fs0/scratch/z/zilmana/jbroths/np-diffusion/slurm-354550.out
   Power=

sacct -j 354550
       JobID    JobName    Account    Elapsed  MaxVMSize     MaxRSS  SystemCPU    UserCPU ExitCode 
------------ ---------- ---------- ---------- ---------- ---------- ---------- ---------- -------- 
354550       np_diffus+ rrg-zilma+   17:15:47                         04:50:51   12:22:05      0:0 
354550.batch      batch rrg-zilma+   17:15:48  20534252K  19490144K   04:50:51   12:22:05     0:15 
