make -C model data ARGS=1
make -C model data ARGS=0.01
make -C model data ARGS=20
make -C model data ARGS=0.1
make -C model data ARGS=10
make -C model data ARGS=5
make[1]: Entering directory `/gpfs/fs0/scratch/z/zilmana/jbroths/np-diffusion/model'
make[1]: Entering directory `/gpfs/fs0/scratch/z/zilmana/jbroths/np-diffusion/model'
make[1]: Entering directory `/gpfs/fs0/scratch/z/zilmana/jbroths/np-diffusion/model'
python euler_diffusion.py -D 20
make[1]: Entering directory `/gpfs/fs0/scratch/z/zilmana/jbroths/np-diffusion/model'
make[1]: Entering directory `/gpfs/fs0/scratch/z/zilmana/jbroths/np-diffusion/model'
make[1]: Entering directory `/gpfs/fs0/scratch/z/zilmana/jbroths/np-diffusion/model'
python euler_diffusion.py -D 1
python euler_diffusion.py -D 0.01
python euler_diffusion.py -D 0.1
python euler_diffusion.py -D 5
python euler_diffusion.py -D 10
186.060531139 sec elapsed creating flow...
194.531672955 sec elapsed creating model...
Traceback (most recent call last):
  File "euler_diffusion.py", line 81, in <module>
    main(sim_name='holes_diffusion_', load=True, D_coeff=vars(args)['D'])
  File "euler_diffusion.py", line 65, in main
    dif.diffusion(u, un, ijk, diffusion_location, vis, dt, dx, dy, dz, mod) #diffusion of particles within the diffusion_location
  File "/gpfs/fs0/scratch/z/zilmana/jbroths/np-diffusion/model/diffusion.py", line 15, in diffusion
    u[ijk,:,:] += diffusion_location[ijk,:,:]*( vis*dt*diffusion_location[ijk+1,:,:]*( un[ijk+1,:,:]-un[ijk,:,:] ) + vis*dt*diffusion_location[ijk-1,:,:]*( un[ijk-1,:,:]-un[ijk,:,:] ))/(dx**2)
ValueError: operands could not be broadcast together with shapes (30,) (608,610,610) 
make[1]: *** [data] Error 1
make[1]: Leaving directory `/gpfs/fs0/scratch/z/zilmana/jbroths/np-diffusion/model'
make: *** [data] Error 2
186.219799995 sec elapsed creating flow...
194.654855013 sec elapsed creating model...
Traceback (most recent call last):
  File "euler_diffusion.py", line 81, in <module>
    main(sim_name='holes_diffusion_', load=True, D_coeff=vars(args)['D'])
  File "euler_diffusion.py", line 65, in main
    dif.diffusion(u, un, ijk, diffusion_location, vis, dt, dx, dy, dz, mod) #diffusion of particles within the diffusion_location
  File "/gpfs/fs0/scratch/z/zilmana/jbroths/np-diffusion/model/diffusion.py", line 15, in diffusion
    u[ijk,:,:] += diffusion_location[ijk,:,:]*( vis*dt*diffusion_location[ijk+1,:,:]*( un[ijk+1,:,:]-un[ijk,:,:] ) + vis*dt*diffusion_location[ijk-1,:,:]*( un[ijk-1,:,:]-un[ijk,:,:] ))/(dx**2)
ValueError: operands could not be broadcast together with shapes (30,) (608,610,610) 
186.092216969 sec elapsed creating flow...
194.570796967 sec elapsed creating model...
Traceback (most recent call last):
  File "euler_diffusion.py", line 81, in <module>
    main(sim_name='holes_diffusion_', load=True, D_coeff=vars(args)['D'])
  File "euler_diffusion.py", line 65, in main
    dif.diffusion(u, un, ijk, diffusion_location, vis, dt, dx, dy, dz, mod) #diffusion of particles within the diffusion_location
  File "/gpfs/fs0/scratch/z/zilmana/jbroths/np-diffusion/model/diffusion.py", line 15, in diffusion
    u[ijk,:,:] += diffusion_location[ijk,:,:]*( vis*dt*diffusion_location[ijk+1,:,:]*( un[ijk+1,:,:]-un[ijk,:,:] ) + vis*dt*diffusion_location[ijk-1,:,:]*( un[ijk-1,:,:]-un[ijk,:,:] ))/(dx**2)
ValueError: operands could not be broadcast together with shapes (30,) (608,610,610) 
make[1]: *** [data] Error 1
make[1]: Leaving directory `/gpfs/fs0/scratch/z/zilmana/jbroths/np-diffusion/model'
make: *** [data] Error 2
make[1]: *** [data] Error 1
make[1]: Leaving directory `/gpfs/fs0/scratch/z/zilmana/jbroths/np-diffusion/model'
make: *** [data] Error 2
187.434157848 sec elapsed creating flow...
195.623028994 sec elapsed creating model...
Traceback (most recent call last):
  File "euler_diffusion.py", line 81, in <module>
    main(sim_name='holes_diffusion_', load=True, D_coeff=vars(args)['D'])
  File "euler_diffusion.py", line 65, in main
    dif.diffusion(u, un, ijk, diffusion_location, vis, dt, dx, dy, dz, mod) #diffusion of particles within the diffusion_location
  File "/gpfs/fs0/scratch/z/zilmana/jbroths/np-diffusion/model/diffusion.py", line 15, in diffusion
    u[ijk,:,:] += diffusion_location[ijk,:,:]*( vis*dt*diffusion_location[ijk+1,:,:]*( un[ijk+1,:,:]-un[ijk,:,:] ) + vis*dt*diffusion_location[ijk-1,:,:]*( un[ijk-1,:,:]-un[ijk,:,:] ))/(dx**2)
ValueError: operands could not be broadcast together with shapes (30,) (608,610,610) 
make[1]: *** [data] Error 1
make[1]: Leaving directory `/gpfs/fs0/scratch/z/zilmana/jbroths/np-diffusion/model'
make: *** [data] Error 2
188.761258125 sec elapsed creating flow...
197.350142956 sec elapsed creating model...
Traceback (most recent call last):
  File "euler_diffusion.py", line 81, in <module>
    main(sim_name='holes_diffusion_', load=True, D_coeff=vars(args)['D'])
  File "euler_diffusion.py", line 65, in main
    dif.diffusion(u, un, ijk, diffusion_location, vis, dt, dx, dy, dz, mod) #diffusion of particles within the diffusion_location
  File "/gpfs/fs0/scratch/z/zilmana/jbroths/np-diffusion/model/diffusion.py", line 15, in diffusion
    u[ijk,:,:] += diffusion_location[ijk,:,:]*( vis*dt*diffusion_location[ijk+1,:,:]*( un[ijk+1,:,:]-un[ijk,:,:] ) + vis*dt*diffusion_location[ijk-1,:,:]*( un[ijk-1,:,:]-un[ijk,:,:] ))/(dx**2)
ValueError: operands could not be broadcast together with shapes (30,) (608,610,610) 
make[1]: *** [data] Error 1
make[1]: Leaving directory `/gpfs/fs0/scratch/z/zilmana/jbroths/np-diffusion/model'
make: *** [data] Error 2
189.376434088 sec elapsed creating flow...
198.331859112 sec elapsed creating model...
Traceback (most recent call last):
  File "euler_diffusion.py", line 81, in <module>
    main(sim_name='holes_diffusion_', load=True, D_coeff=vars(args)['D'])
  File "euler_diffusion.py", line 65, in main
    dif.diffusion(u, un, ijk, diffusion_location, vis, dt, dx, dy, dz, mod) #diffusion of particles within the diffusion_location
  File "/gpfs/fs0/scratch/z/zilmana/jbroths/np-diffusion/model/diffusion.py", line 15, in diffusion
    u[ijk,:,:] += diffusion_location[ijk,:,:]*( vis*dt*diffusion_location[ijk+1,:,:]*( un[ijk+1,:,:]-un[ijk,:,:] ) + vis*dt*diffusion_location[ijk-1,:,:]*( un[ijk-1,:,:]-un[ijk,:,:] ))/(dx**2)
ValueError: operands could not be broadcast together with shapes (30,) (608,610,610) 
make[1]: *** [data] Error 1
make[1]: Leaving directory `/gpfs/fs0/scratch/z/zilmana/jbroths/np-diffusion/model'
make: *** [data] Error 2

scontrol show jobid 267116
JobId=267116 JobName=np_diffusion
   UserId=jbroths(3061232) GroupId=zilmana(6002070) MCS_label=N/A
   Priority=292759 Nice=0 Account=rrg-zilmana QOS=normal
   JobState=COMPLETING Reason=None Dependency=(null)
   Requeue=0 Restarts=0 BatchFlag=1 Reboot=0 ExitCode=0:0
   RunTime=00:03:45 TimeLimit=02:00:00 TimeMin=N/A
   SubmitTime=2018-07-25T12:41:42 EligibleTime=2018-07-25T12:41:42
   StartTime=2018-07-25T12:42:11 EndTime=2018-07-25T12:45:56 Deadline=N/A
   PreemptTime=None SuspendTime=None SecsPreSuspend=0
   LastSchedEval=2018-07-25T12:42:11
   Partition=compute AllocNode:Sid=nia-login03:329297
   ReqNodeList=(null) ExcNodeList=(null)
   NodeList=nia0128
   BatchHost=nia0128
   NumNodes=1 NumCPUs=80 NumTasks=40 CPUs/Task=1 ReqB:S:C:T=0:0:*:*
   TRES=cpu=80,node=1,billing=40
   Socks/Node=* NtasksPerN:B:S:C=0:0:*:* CoreSpec=*
   MinCPUsNode=1 MinMemoryNode=0 MinTmpDiskNode=0
   Features=(null) DelayBoot=00:00:00
   Gres=(null) Reservation=(null)
   OverSubscribe=NO Contiguous=0 Licenses=(null) Network=(null)
   Command=/gpfs/fs0/scratch/z/zilmana/jbroths/np-diffusion/niagara_submit.sh
   WorkDir=/gpfs/fs0/scratch/z/zilmana/jbroths/np-diffusion
   StdErr=/gpfs/fs0/scratch/z/zilmana/jbroths/np-diffusion/slurm-267116.out
   StdIn=/dev/null
   StdOut=/gpfs/fs0/scratch/z/zilmana/jbroths/np-diffusion/slurm-267116.out
   Power=

sacct -j 267116
       JobID    JobName    Account    Elapsed  MaxVMSize     MaxRSS  SystemCPU    UserCPU ExitCode 
------------ ---------- ---------- ---------- ---------- ---------- ---------- ---------- -------- 
267116       np_diffus+ rrg-zilma+   00:03:45                        01:01.535  19:21.815      0:0 
267116.batch      batch rrg-zilma+   00:03:45  35793736K  23343968K  01:01.535  19:21.815      0:0 
