make -C model data ARGS=1.5
make[1]: Entering directory `/gpfs/fs0/scratch/z/zilmana/jbroths/np-diffusion/model'
python euler_diffusion.py -D 1.5
41.3819041252 sec for roughly one time step...
41.3803501129 sec for roughly one time step...
41.3825979233 sec for roughly one time step...
41.3807199001 sec for roughly one time step...
41.3842329979 sec for roughly one time step...
41.3902521133 sec for roughly one time step...
41.3867368698 sec for roughly one time step...
41.3890230656 sec for roughly one time step...
41.3963279724 sec for roughly one time step...
41.3923180103 sec for roughly one time step...
41.3963990211 sec for roughly one time step...
41.3974981308 sec for roughly one time step...
41.3904969692 sec for roughly one time step...
41.4016170502 sec for roughly one time step...
41.3987150192 sec for roughly one time step...
41.3905959129 sec for roughly one time step...
41.3898670673 sec for roughly one time step...
41.3938310146 sec for roughly one time step...
41.4223370552 sec for roughly one time step...
41.3939321041 sec for roughly one time step...
41.3882489204 sec for roughly one time step...
41.3880391121 sec for roughly one time step...
41.3846538067 sec for roughly one time step...
41.3875632286 sec for roughly one time step...
41.3893802166 sec for roughly one time step...
41.3875951767 sec for roughly one time step...
41.3905079365 sec for roughly one time step...
41.3900849819 sec for roughly one time step...
41.3952138424 sec for roughly one time step...
41.3947770596 sec for roughly one time step...
41.390668869 sec for roughly one time step...
41.3883240223 sec for roughly one time step...
40.9103300571 sec for roughly one time step...
40.6863451004 sec for roughly one time step...
40.6929728985 sec for roughly one time step...
40.6899790764 sec for roughly one time step...
40.6900939941 sec for roughly one time step...
40.6879138947 sec for roughly one time step...
40.6950199604 sec for roughly one time step...
40.6843600273 sec for roughly one time step...
40.6813209057 sec for roughly one time step...
40.6881599426 sec for roughly one time step...
40.6929290295 sec for roughly one time step...
40.6946570873 sec for roughly one time step...
40.6889138222 sec for roughly one time step...
40.6893298626 sec for roughly one time step...
40.7009351254 sec for roughly one time step...
40.6868700981 sec for roughly one time step...
40.6908419132 sec for roughly one time step...
40.6945910454 sec for roughly one time step...
40.6937599182 sec for roughly one time step...
40.6931519508 sec for roughly one time step...
40.6881439686 sec for roughly one time step...
40.684679985 sec for roughly one time step...
40.6901221275 sec for roughly one time step...
40.6924459934 sec for roughly one time step...
40.6957061291 sec for roughly one time step...
40.6910579205 sec for roughly one time step...
40.6793069839 sec for roughly one time step...
2640.0 th generation done...
41.2378239632 sec for roughly one time step...
40.7010929585 sec for roughly one time step...
40.6949710846 sec for roughly one time step...
40.6998889446 sec for roughly one time step...
40.7005329132 sec for roughly one time step...
40.6917159557 sec for roughly one time step...
40.6914927959 sec for roughly one time step...
40.6941411495 sec for roughly one time step...
40.6955649853 sec for roughly one time step...
40.6806881428 sec for roughly one time step...
40.6843419075 sec for roughly one time step...
40.6826629639 sec for roughly one time step...
40.6820700169 sec for roughly one time step...
40.6789090633 sec for roughly one time step...
40.690734148 sec for roughly one time step...
40.6813869476 sec for roughly one time step...
40.6746020317 sec for roughly one time step...
40.6816179752 sec for roughly one time step...
40.6849861145 sec for roughly one time step...
40.6770689487 sec for roughly one time step...
40.6793999672 sec for roughly one time step...
40.6814529896 sec for roughly one time step...
40.679502964 sec for roughly one time step...
40.6767618656 sec for roughly one time step...
40.6819181442 sec for roughly one time step...
40.6824109554 sec for roughly one time step...
40.6847407818 sec for roughly one time step...
40.6827750206 sec for roughly one time step...
40.689563036 sec for roughly one time step...
40.6840908527 sec for roughly one time step...
40.6811699867 sec for roughly one time step...
40.6835739613 sec for roughly one time step...
40.6876838207 sec for roughly one time step...
40.6775460243 sec for roughly one time step...
40.6820452213 sec for roughly one time step...
40.6806221008 sec for roughly one time step...
40.6978480816 sec for roughly one time step...
40.6959421635 sec for roughly one time step...
40.6898310184 sec for roughly one time step...
40.6910760403 sec for roughly one time step...
40.6968839169 sec for roughly one time step...
40.6959018707 sec for roughly one time step...
40.6920390129 sec for roughly one time step...
40.6904661655 sec for roughly one time step...
40.6922969818 sec for roughly one time step...
40.6900000572 sec for roughly one time step...
40.6952850819 sec for roughly one time step...
40.6889410019 sec for roughly one time step...
40.6921849251 sec for roughly one time step...
40.6942338943 sec for roughly one time step...
40.6934900284 sec for roughly one time step...
40.6964850426 sec for roughly one time step...
40.7016749382 sec for roughly one time step...
40.6873099804 sec for roughly one time step...
40.6865770817 sec for roughly one time step...
40.700414896 sec for roughly one time step...
40.6873600483 sec for roughly one time step...
40.6877291203 sec for roughly one time step...
40.6974210739 sec for roughly one time step...
40.6957788467 sec for roughly one time step...
2700.0 th generation done...
41.2441821098 sec for roughly one time step...
40.6860289574 sec for roughly one time step...
40.6790521145 sec for roughly one time step...
40.6842870712 sec for roughly one time step...
40.6739110947 sec for roughly one time step...
40.6813879013 sec for roughly one time step...
40.6827290058 sec for roughly one time step...
40.685739994 sec for roughly one time step...
40.6939179897 sec for roughly one time step...
40.6902019978 sec for roughly one time step...
40.6858310699 sec for roughly one time step...
40.6857330799 sec for roughly one time step...
40.6795558929 sec for roughly one time step...
40.6836440563 sec for roughly one time step...
40.6799008846 sec for roughly one time step...
40.6814980507 sec for roughly one time step...
40.6824140549 sec for roughly one time step...
40.6877369881 sec for roughly one time step...
40.6756169796 sec for roughly one time step...
40.6805410385 sec for roughly one time step...
40.6846568584 sec for roughly one time step...
40.6805050373 sec for roughly one time step...
40.6794350147 sec for roughly one time step...
40.6838099957 sec for roughly one time step...
40.672960043 sec for roughly one time step...
40.672991991 sec for roughly one time step...
40.6871669292 sec for roughly one time step...
40.6787018776 sec for roughly one time step...
40.6929829121 sec for roughly one time step...
40.6906449795 sec for roughly one time step...
40.69551301 sec for roughly one time step...
40.6904349327 sec for roughly one time step...
40.6860539913 sec for roughly one time step...
40.6883161068 sec for roughly one time step...
40.6873629093 sec for roughly one time step...
40.689825058 sec for roughly one time step...
40.693475008 sec for roughly one time step...
40.6961200237 sec for roughly one time step...
40.6948740482 sec for roughly one time step...
40.6940028667 sec for roughly one time step...
40.6827700138 sec for roughly one time step...
40.6896560192 sec for roughly one time step...
40.6986210346 sec for roughly one time step...
40.6953239441 sec for roughly one time step...
40.699794054 sec for roughly one time step...
40.6934790611 sec for roughly one time step...
40.6755208969 sec for roughly one time step...
40.676623106 sec for roughly one time step...
40.6836249828 sec for roughly one time step...
40.6758451462 sec for roughly one time step...
40.6764860153 sec for roughly one time step...
40.6847808361 sec for roughly one time step...
40.67258811 sec for roughly one time step...
40.6799070835 sec for roughly one time step...
40.6788890362 sec for roughly one time step...
40.6788239479 sec for roughly one time step...
40.6866621971 sec for roughly one time step...
40.6898729801 sec for roughly one time step...
40.6878979206 sec for roughly one time step...
40.6921429634 sec for roughly one time step...
2760.0 th generation done...
41.2909071445 sec for roughly one time step...
40.6894719601 sec for roughly one time step...
40.6966838837 sec for roughly one time step...
40.6985139847 sec for roughly one time step...
40.6821541786 sec for roughly one time step...
40.6926212311 sec for roughly one time step...
40.6899399757 sec for roughly one time step...
40.6852920055 sec for roughly one time step...
40.6815831661 sec for roughly one time step...
40.679723978 sec for roughly one time step...
40.6938869953 sec for roughly one time step...
40.691931963 sec for roughly one time step...
40.6891489029 sec for roughly one time step...
40.6911401749 sec for roughly one time step...
40.6906888485 sec for roughly one time step...
40.6956050396 sec for roughly one time step...
40.6898591518 sec for roughly one time step...
40.6785798073 sec for roughly one time step...
40.6771450043 sec for roughly one time step...
40.6837420464 sec for roughly one time step...
40.6725270748 sec for roughly one time step...
40.6794538498 sec for roughly one time step...
40.677957058 sec for roughly one time step...
40.6790380478 sec for roughly one time step...
40.6885139942 sec for roughly one time step...
40.6914000511 sec for roughly one time step...
40.6892609596 sec for roughly one time step...
40.4032509327 sec for roughly one time step...
40.4042220116 sec for roughly one time step...
40.3903949261 sec for roughly one time step...
40.4032540321 sec for roughly one time step...
40.3922100067 sec for roughly one time step...
40.4021019936 sec for roughly one time step...
40.3984959126 sec for roughly one time step...
40.4024889469 sec for roughly one time step...
40.4006540775 sec for roughly one time step...
40.4021568298 sec for roughly one time step...
40.4013869762 sec for roughly one time step...
40.4000251293 sec for roughly one time step...
40.4082350731 sec for roughly one time step...
40.3990619183 sec for roughly one time step...
40.4012980461 sec for roughly one time step...
40.4035761356 sec for roughly one time step...
40.3934111595 sec for roughly one time step...
40.407679081 sec for roughly one time step...
40.3994159698 sec for roughly one time step...
40.3962299824 sec for roughly one time step...
40.4048991203 sec for roughly one time step...
40.4002189636 sec for roughly one time step...
40.3926410675 sec for roughly one time step...
40.6561310291 sec for roughly one time step...
41.6943769455 sec for roughly one time step...
41.6901011467 sec for roughly one time step...
41.6946229935 sec for roughly one time step...
41.6909489632 sec for roughly one time step...
41.696876049 sec for roughly one time step...
41.7052838802 sec for roughly one time step...
41.6849591732 sec for roughly one time step...
41.6995820999 sec for roughly one time step...
41.6925060749 sec for roughly one time step...
2820.0 th generation done...
42.2426168919 sec for roughly one time step...
41.7005860806 sec for roughly one time step...
41.6785049438 sec for roughly one time step...
41.6849880219 sec for roughly one time step...
41.6815490723 sec for roughly one time step...
41.6937830448 sec for roughly one time step...
41.6854009628 sec for roughly one time step...
41.6780631542 sec for roughly one time step...
41.6849880219 sec for roughly one time step...
41.6933379173 sec for roughly one time step...
41.6881451607 sec for roughly one time step...
41.6803510189 sec for roughly one time step...
41.6799528599 sec for roughly one time step...
41.6800670624 sec for roughly one time step...
41.3847689629 sec for roughly one time step...
41.3834331036 sec for roughly one time step...
41.3754520416 sec for roughly one time step...
41.3798589706 sec for roughly one time step...
41.3801980019 sec for roughly one time step...
41.3914320469 sec for roughly one time step...
41.3791370392 sec for roughly one time step...
41.3769440651 sec for roughly one time step...
41.3805179596 sec for roughly one time step...
41.3774628639 sec for roughly one time step...
41.3864510059 sec for roughly one time step...
41.3736400604 sec for roughly one time step...
41.3775742054 sec for roughly one time step...
41.3879241943 sec for roughly one time step...
40.6355509758 sec for roughly one time step...
40.3250920773 sec for roughly one time step...
40.3222079277 sec for roughly one time step...
40.323816061 sec for roughly one time step...
40.3190999031 sec for roughly one time step...
40.3262441158 sec for roughly one time step...
40.3156919479 sec for roughly one time step...
40.3170759678 sec for roughly one time step...
40.3266410828 sec for roughly one time step...
40.3165810108 sec for roughly one time step...
40.3190641403 sec for roughly one time step...
40.3246409893 sec for roughly one time step...
40.311453104 sec for roughly one time step...
40.3115370274 sec for roughly one time step...
40.3180439472 sec for roughly one time step...
40.3220820427 sec for roughly one time step...
40.3198120594 sec for roughly one time step...
40.3255298138 sec for roughly one time step...
40.3185260296 sec for roughly one time step...
40.3286991119 sec for roughly one time step...
40.3219339848 sec for roughly one time step...
40.3159809113 sec for roughly one time step...
40.313185215 sec for roughly one time step...
40.322753191 sec for roughly one time step...
40.3250501156 sec for roughly one time step...
40.322259903 sec for roughly one time step...
40.3202059269 sec for roughly one time step...
40.3184430599 sec for roughly one time step...
40.3227410316 sec for roughly one time step...
40.3238508701 sec for roughly one time step...
40.316688776 sec for roughly one time step...
40.3240981102 sec for roughly one time step...
2880.0 th generation done...
40.8860020638 sec for roughly one time step...
40.3229598999 sec for roughly one time step...
40.3216869831 sec for roughly one time step...
40.3150000572 sec for roughly one time step...
40.317276001 sec for roughly one time step...
40.3177518845 sec for roughly one time step...
40.310819149 sec for roughly one time step...
40.3258779049 sec for roughly one time step...
40.3248419762 sec for roughly one time step...
40.3184359074 sec for roughly one time step...
40.3207211494 sec for roughly one time step...
40.3114368916 sec for roughly one time step...
40.8431909084 sec for roughly one time step...
40.7634139061 sec for roughly one time step...
40.7705919743 sec for roughly one time step...
40.766092062 sec for roughly one time step...
40.7626719475 sec for roughly one time step...
40.7597460747 sec for roughly one time step...
40.7670559883 sec for roughly one time step...
40.7661108971 sec for roughly one time step...
40.7710850239 sec for roughly one time step...
40.7685000896 sec for roughly one time step...
40.7583889961 sec for roughly one time step...
40.7724680901 sec for roughly one time step...
40.7798309326 sec for roughly one time step...
40.7742240429 sec for roughly one time step...
40.7646431923 sec for roughly one time step...
40.7694251537 sec for roughly one time step...
40.7787058353 sec for roughly one time step...
40.7751967907 sec for roughly one time step...
40.7692160606 sec for roughly one time step...
40.7687489986 sec for roughly one time step...
40.7713079453 sec for roughly one time step...
40.7693340778 sec for roughly one time step...
40.7673289776 sec for roughly one time step...
40.767854929 sec for roughly one time step...
40.7674980164 sec for roughly one time step...
40.7678790092 sec for roughly one time step...
40.7702140808 sec for roughly one time step...
40.7764229774 sec for roughly one time step...
40.7731089592 sec for roughly one time step...
40.7791850567 sec for roughly one time step...
40.77414608 sec for roughly one time step...
40.7692289352 sec for roughly one time step...
40.7646260262 sec for roughly one time step...
40.7772009373 sec for roughly one time step...
40.7650978565 sec for roughly one time step...
40.7665700912 sec for roughly one time step...
40.757297039 sec for roughly one time step...
41.0122790337 sec for roughly one time step...
41.0986540318 sec for roughly one time step...
41.0908100605 sec for roughly one time step...
41.0985910892 sec for roughly one time step...
41.0976059437 sec for roughly one time step...
41.0967309475 sec for roughly one time step...
41.0861999989 sec for roughly one time step...
41.0905199051 sec for roughly one time step...
41.0915350914 sec for roughly one time step...
41.1012849808 sec for roughly one time step...
41.0891239643 sec for roughly one time step...
2940.0 th generation done...
41.6490991116 sec for roughly one time step...
41.0903470516 sec for roughly one time step...
41.0880258083 sec for roughly one time step...
41.0877740383 sec for roughly one time step...
41.08908391 sec for roughly one time step...
41.097577095 sec for roughly one time step...
41.0984959602 sec for roughly one time step...
41.0884671211 sec for roughly one time step...
41.1022679806 sec for roughly one time step...
41.1016118526 sec for roughly one time step...
41.0925500393 sec for roughly one time step...
41.0942738056 sec for roughly one time step...
41.1077890396 sec for roughly one time step...
41.1028449535 sec for roughly one time step...
41.0984959602 sec for roughly one time step...
41.0975198746 sec for roughly one time step...
41.0927438736 sec for roughly one time step...
41.1005051136 sec for roughly one time step...
41.0904948711 sec for roughly one time step...
41.0954902172 sec for roughly one time step...
41.098990202 sec for roughly one time step...
41.0927929878 sec for roughly one time step...
41.0998969078 sec for roughly one time step...
41.094990015 sec for roughly one time step...
41.0959250927 sec for roughly one time step...
41.089425087 sec for roughly one time step...
41.0917468071 sec for roughly one time step...
41.0995490551 sec for roughly one time step...
41.0985291004 sec for roughly one time step...
41.0841500759 sec for roughly one time step...
41.0915789604 sec for roughly one time step...
41.1025121212 sec for roughly one time step...
41.0894961357 sec for roughly one time step...
41.0942280293 sec for roughly one time step...
41.0827229023 sec for roughly one time step...
41.0924260616 sec for roughly one time step...
41.0953550339 sec for roughly one time step...
41.0956170559 sec for roughly one time step...
41.0970449448 sec for roughly one time step...
41.0953400135 sec for roughly one time step...
41.0854768753 sec for roughly one time step...
41.0928652287 sec for roughly one time step...
41.0963971615 sec for roughly one time step...
41.1015520096 sec for roughly one time step...
41.0943441391 sec for roughly one time step...
41.0838639736 sec for roughly one time step...
41.09258008 sec for roughly one time step...
41.0959658623 sec for roughly one time step...
41.0927071571 sec for roughly one time step...
41.0906069279 sec for roughly one time step...
41.0917520523 sec for roughly one time step...
41.0958359241 sec for roughly one time step...
41.0988278389 sec for roughly one time step...
41.0875911713 sec for roughly one time step...
41.0894379616 sec for roughly one time step...
41.0939509869 sec for roughly one time step...
41.0925071239 sec for roughly one time step...
41.0996110439 sec for roughly one time step...
41.0938220024 sec for roughly one time step...
41.0928010941 sec for roughly one time step...
3000.0 th generation done...
41.6595270634 sec for roughly one time step...
41.0892748833 sec for roughly one time step...
41.0937020779 sec for roughly one time step...
41.0984799862 sec for roughly one time step...
41.0912909508 sec for roughly one time step...
41.0913848877 sec for roughly one time step...
41.0937809944 sec for roughly one time step...
41.0947217941 sec for roughly one time step...
41.0963017941 sec for roughly one time step...
41.0974850655 sec for roughly one time step...
41.0988440514 sec for roughly one time step...
41.0989019871 sec for roughly one time step...
41.0927541256 sec for roughly one time step...
41.0919029713 sec for roughly one time step...
41.0937690735 sec for roughly one time step...
41.0914201736 sec for roughly one time step...
41.0990722179 sec for roughly one time step...
41.0969901085 sec for roughly one time step...
41.0891621113 sec for roughly one time step...
41.0923461914 sec for roughly one time step...
41.0938878059 sec for roughly one time step...
41.0957331657 sec for roughly one time step...
41.0850319862 sec for roughly one time step...
41.0857930183 sec for roughly one time step...
41.1023859978 sec for roughly one time step...
41.1102848053 sec for roughly one time step...
41.1061589718 sec for roughly one time step...
41.1037108898 sec for roughly one time step...
41.1120700836 sec for roughly one time step...
41.0947389603 sec for roughly one time step...
41.0976819992 sec for roughly one time step...
41.0940690041 sec for roughly one time step...
41.0879850388 sec for roughly one time step...
41.1018950939 sec for roughly one time step...
41.0960948467 sec for roughly one time step...
41.0974340439 sec for roughly one time step...
41.0950090885 sec for roughly one time step...
41.0827958584 sec for roughly one time step...
41.0981371403 sec for roughly one time step...
41.1038849354 sec for roughly one time step...
41.1061730385 sec for roughly one time step...
41.1013610363 sec for roughly one time step...
41.102200985 sec for roughly one time step...
41.1021940708 sec for roughly one time step...
41.101706028 sec for roughly one time step...
41.1007621288 sec for roughly one time step...
41.1083269119 sec for roughly one time step...
41.1067659855 sec for roughly one time step...
41.1063280106 sec for roughly one time step...
41.0953691006 sec for roughly one time step...
41.0997488499 sec for roughly one time step...
41.0976178646 sec for roughly one time step...
41.098377943 sec for roughly one time step...
41.1019921303 sec for roughly one time step...
41.1084589958 sec for roughly one time step...
41.0896849632 sec for roughly one time step...
41.0977900028 sec for roughly one time step...
41.1061069965 sec for roughly one time step...
41.0999970436 sec for roughly one time step...
41.0993831158 sec for roughly one time step...
3060.0 th generation done...
41.6693968773 sec for roughly one time step...
41.0988681316 sec for roughly one time step...
41.0959560871 sec for roughly one time step...
41.1047890186 sec for roughly one time step...
41.1043388844 sec for roughly one time step...
41.1041479111 sec for roughly one time step...
41.10572505 sec for roughly one time step...
41.1110050678 sec for roughly one time step...
41.1037759781 sec for roughly one time step...
41.1072289944 sec for roughly one time step...
41.1066069603 sec for roughly one time step...
41.1084430218 sec for roughly one time step...
41.1025080681 sec for roughly one time step...
41.099560976 sec for roughly one time step...
41.1029281616 sec for roughly one time step...
41.1060287952 sec for roughly one time step...
41.0955882072 sec for roughly one time step...
41.0999400616 sec for roughly one time step...
41.099807024 sec for roughly one time step...
41.1043372154 sec for roughly one time step...
41.0959210396 sec for roughly one time step...
41.092247963 sec for roughly one time step...
41.094547987 sec for roughly one time step...
41.0939428806 sec for roughly one time step...
41.1015617847 sec for roughly one time step...
41.1029620171 sec for roughly one time step...
41.0999298096 sec for roughly one time step...
41.0959382057 sec for roughly one time step...
41.0863609314 sec for roughly one time step...
41.0965440273 sec for roughly one time step...
41.0998361111 sec for roughly one time step...
41.0875899792 sec for roughly one time step...
41.0947239399 sec for roughly one time step...
41.0960080624 sec for roughly one time step...
41.1082391739 sec for roughly one time step...
41.0876760483 sec for roughly one time step...
41.0927867889 sec for roughly one time step...
41.09111619 sec for roughly one time step...
41.1026799679 sec for roughly one time step...
41.0937259197 sec for roughly one time step...
41.0996701717 sec for roughly one time step...
41.1014609337 sec for roughly one time step...
41.1001501083 sec for roughly one time step...
41.0986278057 sec for roughly one time step...
41.1002681255 sec for roughly one time step...
41.0894939899 sec for roughly one time step...
41.0909240246 sec for roughly one time step...
41.0864758492 sec for roughly one time step...
41.0986299515 sec for roughly one time step...
41.0955328941 sec for roughly one time step...
41.0892899036 sec for roughly one time step...
41.0958321095 sec for roughly one time step...
41.0990478992 sec for roughly one time step...
41.1044869423 sec for roughly one time step...
41.0921900272 sec for roughly one time step...
41.0848071575 sec for roughly one time step...
41.0785429478 sec for roughly one time step...
41.0903909206 sec for roughly one time step...
41.093927145 sec for roughly one time step...
41.0883328915 sec for roughly one time step...
3120.0 th generation done...
41.6579298973 sec for roughly one time step...
41.0915269852 sec for roughly one time step...
41.1030130386 sec for roughly one time step...
41.0969009399 sec for roughly one time step...
41.0938100815 sec for roughly one time step...
41.0993621349 sec for roughly one time step...
41.0984170437 sec for roughly one time step...
40.3896341324 sec for roughly one time step...
40.3183898926 sec for roughly one time step...
40.3208708763 sec for roughly one time step...
40.3273279667 sec for roughly one time step...
40.3288779259 sec for roughly one time step...
40.3203990459 sec for roughly one time step...
40.3264949322 sec for roughly one time step...
40.3200969696 sec for roughly one time step...
40.3206930161 sec for roughly one time step...
40.3250379562 sec for roughly one time step...
40.3244049549 sec for roughly one time step...
40.314385891 sec for roughly one time step...
40.3213851452 sec for roughly one time step...
40.3161079884 sec for roughly one time step...
40.3198649883 sec for roughly one time step...
40.325676918 sec for roughly one time step...
40.3321769238 sec for roughly one time step...
40.324878931 sec for roughly one time step...
40.3181200027 sec for roughly one time step...
40.3196501732 sec for roughly one time step...
40.3209369183 sec for roughly one time step...
40.3155801296 sec for roughly one time step...
40.3226501942 sec for roughly one time step...
40.3214249611 sec for roughly one time step...
40.3210730553 sec for roughly one time step...
40.3155519962 sec for roughly one time step...
40.3263800144 sec for roughly one time step...
40.3280119896 sec for roughly one time step...
40.3101608753 sec for roughly one time step...
40.3171961308 sec for roughly one time step...
40.3288559914 sec for roughly one time step...
40.3187019825 sec for roughly one time step...
40.3242228031 sec for roughly one time step...
40.3193011284 sec for roughly one time step...
40.3144130707 sec for roughly one time step...
40.3175270557 sec for roughly one time step...
40.3264398575 sec for roughly one time step...
40.3166332245 sec for roughly one time step...
40.3232879639 sec for roughly one time step...
40.3279328346 sec for roughly one time step...
40.3197000027 sec for roughly one time step...
40.3289937973 sec for roughly one time step...
40.3266530037 sec for roughly one time step...
40.317276001 sec for roughly one time step...
40.3251039982 sec for roughly one time step...
40.327270031 sec for roughly one time step...
40.3212780952 sec for roughly one time step...
40.3241581917 sec for roughly one time step...
40.3234019279 sec for roughly one time step...
40.321420908 sec for roughly one time step...
40.3226850033 sec for roughly one time step...
40.3127520084 sec for roughly one time step...
40.3240990639 sec for roughly one time step...
3180.0 th generation done...
40.8797700405 sec for roughly one time step...
40.3336760998 sec for roughly one time step...
40.3219561577 sec for roughly one time step...
40.3206429482 sec for roughly one time step...
40.3167300224 sec for roughly one time step...
40.3266351223 sec for roughly one time step...
40.3301007748 sec for roughly one time step...
40.323638916 sec for roughly one time step...
40.3205070496 sec for roughly one time step...
40.327767849 sec for roughly one time step...
40.3174040318 sec for roughly one time step...
40.318513155 sec for roughly one time step...
40.3177700043 sec for roughly one time step...
40.3150789738 sec for roughly one time step...
40.3224670887 sec for roughly one time step...
40.3262588978 sec for roughly one time step...
40.3183281422 sec for roughly one time step...
40.327452898 sec for roughly one time step...
40.3263869286 sec for roughly one time step...
40.3188490868 sec for roughly one time step...
40.3233680725 sec for roughly one time step...
40.3301799297 sec for roughly one time step...
40.3218359947 sec for roughly one time step...
40.3205680847 sec for roughly one time step...
40.3239459991 sec for roughly one time step...
40.3131380081 sec for roughly one time step...
40.320152998 sec for roughly one time step...
40.3231499195 sec for roughly one time step...
40.3180799484 sec for roughly one time step...
40.3219909668 sec for roughly one time step...
40.3083410263 sec for roughly one time step...
40.320510149 sec for roughly one time step...
40.3290069103 sec for roughly one time step...
40.3246328831 sec for roughly one time step...
40.3194129467 sec for roughly one time step...
40.3225750923 sec for roughly one time step...
40.9241640568 sec for roughly one time step...
41.4471628666 sec for roughly one time step...
41.4537930489 sec for roughly one time step...
41.4430289268 sec for roughly one time step...
41.4443588257 sec for roughly one time step...
41.4434328079 sec for roughly one time step...
41.4370009899 sec for roughly one time step...
41.4459130764 sec for roughly one time step...
41.4400761127 sec for roughly one time step...
41.4373040199 sec for roughly one time step...
41.449313879 sec for roughly one time step...
41.438521862 sec for roughly one time step...
41.4453499317 sec for roughly one time step...
41.444119215 sec for roughly one time step...
41.4432470798 sec for roughly one time step...
41.4411809444 sec for roughly one time step...
41.4481289387 sec for roughly one time step...
41.4465939999 sec for roughly one time step...
41.4431331158 sec for roughly one time step...
41.4408509731 sec for roughly one time step...
41.4378669262 sec for roughly one time step...
41.4405531883 sec for roughly one time step...
41.4490919113 sec for roughly one time step...
41.4426729679 sec for roughly one time step...
3240.0 th generation done...
42.0321979523 sec for roughly one time step...
41.4504230022 sec for roughly one time step...
41.4455089569 sec for roughly one time step...
41.4398369789 sec for roughly one time step...
41.4533801079 sec for roughly one time step...
41.4452381134 sec for roughly one time step...
41.4483661652 sec for roughly one time step...
41.4547989368 sec for roughly one time step...
41.4351511002 sec for roughly one time step...
41.4473309517 sec for roughly one time step...
41.4489388466 sec for roughly one time step...
41.4456768036 sec for roughly one time step...
41.4412879944 sec for roughly one time step...
41.4401679039 sec for roughly one time step...
41.4451560974 sec for roughly one time step...
41.442317009 sec for roughly one time step...
41.4474439621 sec for roughly one time step...
41.4401669502 sec for roughly one time step...
41.4514369965 sec for roughly one time step...
41.4500789642 sec for roughly one time step...
41.4473221302 sec for roughly one time step...
41.446367979 sec for roughly one time step...
41.444904089 sec for roughly one time step...
41.4450478554 sec for roughly one time step...
41.446570158 sec for roughly one time step...
41.4501860142 sec for roughly one time step...
41.4469139576 sec for roughly one time step...
41.4524421692 sec for roughly one time step...
41.454750061 sec for roughly one time step...
41.4448719025 sec for roughly one time step...
41.4509720802 sec for roughly one time step...
41.4460289478 sec for roughly one time step...
41.4358549118 sec for roughly one time step...
41.4413039684 sec for roughly one time step...
41.4398679733 sec for roughly one time step...
41.4401431084 sec for roughly one time step...
41.4480171204 sec for roughly one time step...
41.4452798367 sec for roughly one time step...
41.4447479248 sec for roughly one time step...
41.4446430206 sec for roughly one time step...
41.4475691319 sec for roughly one time step...
41.4405817986 sec for roughly one time step...
41.4394960403 sec for roughly one time step...
41.4398610592 sec for roughly one time step...
41.4406490326 sec for roughly one time step...
41.442440033 sec for roughly one time step...
40.3296208382 sec for roughly one time step...
40.3231720924 sec for roughly one time step...
40.3258230686 sec for roughly one time step...
40.3269641399 sec for roughly one time step...
40.3257648945 sec for roughly one time step...
40.3232059479 sec for roughly one time step...
40.3225431442 sec for roughly one time step...
40.3234701157 sec for roughly one time step...
40.3194310665 sec for roughly one time step...
40.3221940994 sec for roughly one time step...
40.3150827885 sec for roughly one time step...
40.3229699135 sec for roughly one time step...
40.3203439713 sec for roughly one time step...
40.3310918808 sec for roughly one time step...
3300.0 th generation done...
40.9615571499 sec for roughly one time step...
40.8085811138 sec for roughly one time step...
40.8007137775 sec for roughly one time step...
40.8115501404 sec for roughly one time step...
40.8125720024 sec for roughly one time step...
40.8096909523 sec for roughly one time step...
40.8217351437 sec for roughly one time step...
40.8190507889 sec for roughly one time step...
40.8127131462 sec for roughly one time step...
40.8148839474 sec for roughly one time step...
40.8141410351 sec for roughly one time step...
40.8186028004 sec for roughly one time step...
40.8135859966 sec for roughly one time step...
40.8105208874 sec for roughly one time step...
40.8156778812 sec for roughly one time step...
40.8229281902 sec for roughly one time step...
40.8128290176 sec for roughly one time step...
40.8103430271 sec for roughly one time step...
40.816380024 sec for roughly one time step...
40.8116071224 sec for roughly one time step...
40.8115971088 sec for roughly one time step...
40.8173630238 sec for roughly one time step...
40.8077888489 sec for roughly one time step...
40.8118219376 sec for roughly one time step...
40.8092660904 sec for roughly one time step...
40.8060350418 sec for roughly one time step...
40.817234993 sec for roughly one time step...
40.8098580837 sec for roughly one time step...
40.8151168823 sec for roughly one time step...
40.8121669292 sec for roughly one time step...
40.8143029213 sec for roughly one time step...
40.8148210049 sec for roughly one time step...
40.810628891 sec for roughly one time step...
40.8125538826 sec for roughly one time step...
40.8169500828 sec for roughly one time step...
40.8148980141 sec for roughly one time step...
40.8194100857 sec for roughly one time step...
40.8072128296 sec for roughly one time step...
40.8049800396 sec for roughly one time step...
40.8101320267 sec for roughly one time step...
40.8109798431 sec for roughly one time step...
40.8036520481 sec for roughly one time step...
40.8123140335 sec for roughly one time step...
40.8082458973 sec for roughly one time step...
40.8058700562 sec for roughly one time step...
40.8119568825 sec for roughly one time step...
40.8117170334 sec for roughly one time step...
40.8070318699 sec for roughly one time step...
40.8139600754 sec for roughly one time step...
40.8102989197 sec for roughly one time step...
40.812664032 sec for roughly one time step...
40.8147001266 sec for roughly one time step...
40.8043379784 sec for roughly one time step...
40.8042469025 sec for roughly one time step...
40.8161709309 sec for roughly one time step...
40.8020410538 sec for roughly one time step...
40.8173618317 sec for roughly one time step...
40.8181681633 sec for roughly one time step...
40.8009889126 sec for roughly one time step...
40.8110461235 sec for roughly one time step...
3360.0 th generation done...
41.3662929535 sec for roughly one time step...
40.8184227943 sec for roughly one time step...
40.8135488033 sec for roughly one time step...
40.8162479401 sec for roughly one time step...
40.8131389618 sec for roughly one time step...
40.8114020824 sec for roughly one time step...
40.8157320023 sec for roughly one time step...
40.8184220791 sec for roughly one time step...
40.8141651154 sec for roughly one time step...
40.8003108501 sec for roughly one time step...
40.8113691807 sec for roughly one time step...
40.8153991699 sec for roughly one time step...
40.8065290451 sec for roughly one time step...
40.8170931339 sec for roughly one time step...
40.8172979355 sec for roughly one time step...
40.8094451427 sec for roughly one time step...
40.8155109882 sec for roughly one time step...
40.8070859909 sec for roughly one time step...
40.8187417984 sec for roughly one time step...
40.8126690388 sec for roughly one time step...
40.8106060028 sec for roughly one time step...
40.813368082 sec for roughly one time step...
40.8084039688 sec for roughly one time step...
40.8012559414 sec for roughly one time step...
40.8063120842 sec for roughly one time step...
40.8112430573 sec for roughly one time step...
40.8138790131 sec for roughly one time step...
40.8086490631 sec for roughly one time step...
40.8039369583 sec for roughly one time step...
40.8119680882 sec for roughly one time step...
40.8150510788 sec for roughly one time step...
40.8091340065 sec for roughly one time step...
40.8104679585 sec for roughly one time step...
40.8098859787 sec for roughly one time step...
40.8084938526 sec for roughly one time step...
40.8103690147 sec for roughly one time step...
40.8127391338 sec for roughly one time step...
40.8063979149 sec for roughly one time step...
40.8121020794 sec for roughly one time step...
40.8188910484 sec for roughly one time step...
40.8152489662 sec for roughly one time step...
40.8036019802 sec for roughly one time step...
40.8135499954 sec for roughly one time step...
40.8064260483 sec for roughly one time step...
40.8109688759 sec for roughly one time step...
40.805327177 sec for roughly one time step...
40.8117198944 sec for roughly one time step...
40.8156139851 sec for roughly one time step...
40.8125469685 sec for roughly one time step...
40.8163080215 sec for roughly one time step...
40.8211970329 sec for roughly one time step...
40.8161048889 sec for roughly one time step...
40.804872036 sec for roughly one time step...
40.8088231087 sec for roughly one time step...
40.8164479733 sec for roughly one time step...
40.8180158138 sec for roughly one time step...
40.8050301075 sec for roughly one time step...
40.8136909008 sec for roughly one time step...
40.8128077984 sec for roughly one time step...
40.8033559322 sec for roughly one time step...
3420.0 th generation done...
41.3798611164 sec for roughly one time step...
40.7434058189 sec for roughly one time step...
40.7004489899 sec for roughly one time step...
40.7049109936 sec for roughly one time step...
40.7015168667 sec for roughly one time step...
40.6973659992 sec for roughly one time step...
40.6937708855 sec for roughly one time step...
40.703676939 sec for roughly one time step...
40.7027351856 sec for roughly one time step...
40.7042899132 sec for roughly one time step...
40.6999249458 sec for roughly one time step...
40.7025499344 sec for roughly one time step...
40.7117080688 sec for roughly one time step...
40.6994259357 sec for roughly one time step...
40.7001011372 sec for roughly one time step...
40.706900835 sec for roughly one time step...
40.701444149 sec for roughly one time step...
40.7033081055 sec for roughly one time step...
40.7025778294 sec for roughly one time step...
40.7059810162 sec for roughly one time step...
40.7041790485 sec for roughly one time step...
40.6975860596 sec for roughly one time step...
40.700042963 sec for roughly one time step...
40.6997609138 sec for roughly one time step...
40.6976630688 sec for roughly one time step...
40.6933870316 sec for roughly one time step...
40.6943089962 sec for roughly one time step...
40.6869339943 sec for roughly one time step...
40.7036690712 sec for roughly one time step...
40.708564043 sec for roughly one time step...
40.6996519566 sec for roughly one time step...
40.7060849667 sec for roughly one time step...
40.6998689175 sec for roughly one time step...
40.7010540962 sec for roughly one time step...
40.707695961 sec for roughly one time step...
40.7009220123 sec for roughly one time step...
40.7095680237 sec for roughly one time step...
40.7038300037 sec for roughly one time step...
40.6959779263 sec for roughly one time step...
40.7059850693 sec for roughly one time step...
40.7048380375 sec for roughly one time step...
40.6956048012 sec for roughly one time step...
40.6939680576 sec for roughly one time step...
40.7001280785 sec for roughly one time step...
40.6950540543 sec for roughly one time step...
40.7088589668 sec for roughly one time step...
40.7038528919 sec for roughly one time step...
40.6991240978 sec for roughly one time step...
40.7118339539 sec for roughly one time step...
40.7064239979 sec for roughly one time step...
40.6928629875 sec for roughly one time step...
40.7043740749 sec for roughly one time step...
40.7008619308 sec for roughly one time step...
40.7028992176 sec for roughly one time step...
40.5605139732 sec for roughly one time step...
40.3220729828 sec for roughly one time step...
40.3145229816 sec for roughly one time step...
40.3251419067 sec for roughly one time step...
40.3194680214 sec for roughly one time step...
40.3172211647 sec for roughly one time step...
3480.0 th generation done...
40.9174110889 sec for roughly one time step...
40.3156452179 sec for roughly one time step...
40.3312129974 sec for roughly one time step...
40.3245270252 sec for roughly one time step...
40.3190710545 sec for roughly one time step...
40.3276700974 sec for roughly one time step...
40.3138041496 sec for roughly one time step...
40.3110229969 sec for roughly one time step...
40.3210139275 sec for roughly one time step...
40.3198490143 sec for roughly one time step...
40.3225910664 sec for roughly one time step...
40.3241350651 sec for roughly one time step...
40.3247380257 sec for roughly one time step...
40.3121750355 sec for roughly one time step...
40.3096559048 sec for roughly one time step...
40.3187749386 sec for roughly one time step...
40.3232369423 sec for roughly one time step...
40.3209609985 sec for roughly one time step...
40.322108984 sec for roughly one time step...
40.3229179382 sec for roughly one time step...
40.3249759674 sec for roughly one time step...
40.3269348145 sec for roughly one time step...
40.3171620369 sec for roughly one time step...
40.3205890656 sec for roughly one time step...
40.32102108 sec for roughly one time step...
40.3273568153 sec for roughly one time step...
40.3236460686 sec for roughly one time step...
40.3181710243 sec for roughly one time step...
40.3208069801 sec for roughly one time step...
40.3159079552 sec for roughly one time step...
40.8930180073 sec for roughly one time step...
41.2799341679 sec for roughly one time step...
41.2772128582 sec for roughly one time step...
41.2699050903 sec for roughly one time step...
41.2853519917 sec for roughly one time step...
41.2771430016 sec for roughly one time step...
41.2815289497 sec for roughly one time step...
41.2703001499 sec for roughly one time step...
41.2762928009 sec for roughly one time step...
41.272247076 sec for roughly one time step...
41.2740170956 sec for roughly one time step...
41.2755558491 sec for roughly one time step...
41.2763950825 sec for roughly one time step...
41.2715899944 sec for roughly one time step...
41.2576169968 sec for roughly one time step...
41.2588369846 sec for roughly one time step...
41.2533237934 sec for roughly one time step...
41.2538230419 sec for roughly one time step...
41.2475690842 sec for roughly one time step...
41.2529349327 sec for roughly one time step...
41.2525610924 sec for roughly one time step...
41.2559328079 sec for roughly one time step...
41.2546041012 sec for roughly one time step...
41.2536740303 sec for roughly one time step...
41.2455561161 sec for roughly one time step...
41.2567489147 sec for roughly one time step...
41.2555170059 sec for roughly one time step...
41.25958395 sec for roughly one time step...
41.2603628635 sec for roughly one time step...
41.2677471638 sec for roughly one time step...
3540.0 th generation done...
41.8176259995 sec for roughly one time step...
41.2589259148 sec for roughly one time step...
41.2547039986 sec for roughly one time step...
41.2615020275 sec for roughly one time step...
41.2621090412 sec for roughly one time step...
41.2403931618 sec for roughly one time step...
41.0874061584 sec for roughly one time step...
41.094949007 sec for roughly one time step...
41.0922579765 sec for roughly one time step...
41.0888638496 sec for roughly one time step...
41.0877048969 sec for roughly one time step...
41.0841310024 sec for roughly one time step...
41.0879120827 sec for roughly one time step...
41.0951280594 sec for roughly one time step...
41.1005449295 sec for roughly one time step...
41.0997989178 sec for roughly one time step...
41.0890350342 sec for roughly one time step...
41.082556963 sec for roughly one time step...
41.0950148106 sec for roughly one time step...
41.0944600105 sec for roughly one time step...
41.0965070724 sec for roughly one time step...
41.0867500305 sec for roughly one time step...
41.0988299847 sec for roughly one time step...
41.1063790321 sec for roughly one time step...
41.091408968 sec for roughly one time step...
41.1017079353 sec for roughly one time step...
41.0925321579 sec for roughly one time step...
41.0912489891 sec for roughly one time step...
41.0917768478 sec for roughly one time step...
41.086992979 sec for roughly one time step...
41.0829629898 sec for roughly one time step...
40.9238369465 sec for roughly one time step...
40.6887421608 sec for roughly one time step...
40.6886148453 sec for roughly one time step...
40.6886148453 sec for roughly one time step...
40.6850681305 sec for roughly one time step...
40.6834638119 sec for roughly one time step...
40.6814861298 sec for roughly one time step...
40.6765971184 sec for roughly one time step...
40.6827208996 sec for roughly one time step...
40.6753330231 sec for roughly one time step...
40.6812691689 sec for roughly one time step...
40.6824028492 sec for roughly one time step...
40.6732840538 sec for roughly one time step...
40.6743540764 sec for roughly one time step...
40.6794850826 sec for roughly one time step...
40.67852211 sec for roughly one time step...
40.6750409603 sec for roughly one time step...
40.675620079 sec for roughly one time step...
41.1965930462 sec for roughly one time step...
41.3814949989 sec for roughly one time step...
41.3912549019 sec for roughly one time step...
41.3862719536 sec for roughly one time step...
41.3767290115 sec for roughly one time step...
41.3773958683 sec for roughly one time step...
41.382420063 sec for roughly one time step...
41.3894209862 sec for roughly one time step...
41.3735260963 sec for roughly one time step...
41.4113008976 sec for roughly one time step...
41.380218029 sec for roughly one time step...
3600.0 th generation done...
41.9569380283 sec for roughly one time step...
41683.983923 sec for Euler diffusion !
make[1]: Leaving directory `/gpfs/fs0/scratch/z/zilmana/jbroths/np-diffusion/model'
Diffusion at D coefficient 1.5 finished

scontrol show jobid 341557
JobId=341557 JobName=np_diffusion
   UserId=jbroths(3061232) GroupId=zilmana(6002070) MCS_label=N/A
   Priority=437870 Nice=0 Account=rrg-zilmana QOS=normal
   JobState=COMPLETED Reason=None Dependency=(null)
   Requeue=0 Restarts=0 BatchFlag=1 Reboot=0 ExitCode=0:0
   RunTime=11:34:59 TimeLimit=1-00:00:00 TimeMin=N/A
   SubmitTime=2018-08-17T11:57:53 EligibleTime=2018-08-17T11:57:53
   StartTime=2018-08-17T12:10:49 EndTime=2018-08-17T23:45:48 Deadline=N/A
   PreemptTime=None SuspendTime=None SecsPreSuspend=0
   LastSchedEval=2018-08-17T12:10:49
   Partition=compute AllocNode:Sid=nia-login05:181994
   ReqNodeList=(null) ExcNodeList=(null)
   NodeList=nia0330
   BatchHost=nia0330
   NumNodes=1 NumCPUs=80 NumTasks=40 CPUs/Task=1 ReqB:S:C:T=0:0:*:*
   TRES=cpu=80,node=1,billing=40
   Socks/Node=* NtasksPerN:B:S:C=0:0:*:* CoreSpec=*
   MinCPUsNode=1 MinMemoryNode=0 MinTmpDiskNode=0
   Features=(null) DelayBoot=00:00:00
   Gres=(null) Reservation=(null)
   OverSubscribe=NO Contiguous=0 Licenses=(null) Network=(null)
   Command=/gpfs/fs0/scratch/z/zilmana/jbroths/np-diffusion/niagara_submit.sh
   WorkDir=/gpfs/fs0/scratch/z/zilmana/jbroths/np-diffusion
   StdErr=/gpfs/fs0/scratch/z/zilmana/jbroths/np-diffusion/slurm-341557.out
   StdIn=/dev/null
   StdOut=/gpfs/fs0/scratch/z/zilmana/jbroths/np-diffusion/slurm-341557.out
   Power=

sacct -j 341557
       JobID    JobName    Account    Elapsed  MaxVMSize     MaxRSS  SystemCPU    UserCPU ExitCode 
------------ ---------- ---------- ---------- ---------- ---------- ---------- ---------- -------- 
341557       np_diffus+ rrg-zilma+   11:34:59                         03:18:49   08:14:20      0:0 
341557.batch      batch rrg-zilma+   11:34:59  20512736K  19547180K   03:18:49   08:14:20      0:0 

kernel messages produced during job executions:
[Aug17 15:01] CIFS PidTable: buckets 64
[  +0.005173] CIFS BufTable: buckets 64
