make -C model data ARGS=1.5
make[1]: Entering directory `/gpfs/fs0/scratch/z/zilmana/jbroths/np-diffusion/model'
python euler_diffusion.py -D 1.5
186.435113907 sec elapsed creating flow...
194.235026121 sec elapsed creating model...
Traceback (most recent call last):
  File "euler_diffusion.py", line 95, in <module>
    main(sim_name='flow_diffusion_', load=True, D_coeff=vars(args)['D'])
  File "euler_diffusion.py", line 39, in main
    vis, size, dx, dy, dz, total_time, dt, nu, comment = mod.params(D_coeff)
  File "/gpfs/fs0/scratch/z/zilmana/jbroths/np-diffusion/model/data_model.py", line 19, in params
    return vis, size, dx, dy, dz, total_time, dt, nu, comment
NameError: global name 'size' is not defined
make[1]: *** [data] Error 1
make[1]: Leaving directory `/gpfs/fs0/scratch/z/zilmana/jbroths/np-diffusion/model'
make: *** [data] Error 2

scontrol show jobid 354522
JobId=354522 JobName=np_diffusion
   UserId=jbroths(3061232) GroupId=zilmana(6002070) MCS_label=N/A
   Priority=384809 Nice=0 Account=rrg-zilmana QOS=normal
   JobState=FAILED Reason=NonZeroExitCode Dependency=(null)
   Requeue=0 Restarts=0 BatchFlag=1 Reboot=0 ExitCode=2:0
   RunTime=00:03:25 TimeLimit=1-00:00:00 TimeMin=N/A
   SubmitTime=2018-08-23T18:28:25 EligibleTime=2018-08-23T18:28:25
   StartTime=2018-08-23T18:28:25 EndTime=2018-08-23T18:31:50 Deadline=N/A
   PreemptTime=None SuspendTime=None SecsPreSuspend=0
   LastSchedEval=2018-08-23T18:28:25
   Partition=compute AllocNode:Sid=nia-login02:327576
   ReqNodeList=(null) ExcNodeList=(null)
   NodeList=nia0085
   BatchHost=nia0085
   NumNodes=1 NumCPUs=80 NumTasks=40 CPUs/Task=1 ReqB:S:C:T=0:0:*:*
   TRES=cpu=80,node=1,billing=40
   Socks/Node=* NtasksPerN:B:S:C=0:0:*:* CoreSpec=*
   MinCPUsNode=1 MinMemoryNode=0 MinTmpDiskNode=0
   Features=(null) DelayBoot=00:00:00
   Gres=(null) Reservation=(null)
   OverSubscribe=NO Contiguous=0 Licenses=(null) Network=(null)
   Command=/gpfs/fs0/scratch/z/zilmana/jbroths/np-diffusion/niagara_submit.sh
   WorkDir=/gpfs/fs0/scratch/z/zilmana/jbroths/np-diffusion
   StdErr=/gpfs/fs0/scratch/z/zilmana/jbroths/np-diffusion/slurm-354522.out
   StdIn=/dev/null
   StdOut=/gpfs/fs0/scratch/z/zilmana/jbroths/np-diffusion/slurm-354522.out
   Power=

sacct -j 354522
       JobID    JobName    Account    Elapsed  MaxVMSize     MaxRSS  SystemCPU    UserCPU ExitCode 
------------ ---------- ---------- ---------- ---------- ---------- ---------- ---------- -------- 
354522       np_diffus+ rrg-zilma+   00:03:25                        00:05.060  03:11.297      2:0 
354522.batch      batch rrg-zilma+   00:03:25   4607852K   3476280K  00:05.060  03:11.297      2:0 
