make -C model data ARGS=300.
make -C model data ARGS=60.
make -C model data ARGS=10.
make -C model data ARGS=1.
make[1]: Entering directory `/gpfs/fs0/scratch/z/zilmana/jbroths/np-diffusion/model'
make[1]: Entering directory `/gpfs/fs0/scratch/z/zilmana/jbroths/np-diffusion/model'
python euler_diffusion.py -D 10.
python euler_diffusion.py -D 300.
make[1]: Entering directory `/gpfs/fs0/scratch/z/zilmana/jbroths/np-diffusion/model'
make[1]: Entering directory `/gpfs/fs0/scratch/z/zilmana/jbroths/np-diffusion/model'
python euler_diffusion.py -D 60.
python euler_diffusion.py -D 1.
5000.0 450849.0
New hole count:
Traceback (most recent call last):
  File "euler_diffusion.py", line 112, in <module>
    main(sim_name='move_holes_time', load=True, holes=vars(args)['D'])
  File "euler_diffusion.py", line 82, in main
    mod.update_diff(holes_location, source_location, data_dir)
  File "/gpfs/fs0/scratch/z/zilmana/jbroths/np-diffusion/model/move_holes.py", line 165, in update_diff
    print "New hole count:", np.sum()
TypeError: sum() takes at least 1 argument (0 given)
make[1]: *** [data] Error 1
make[1]: Leaving directory `/gpfs/fs0/scratch/z/zilmana/jbroths/np-diffusion/model'
make: *** [data] Error 2
5000.0 450849.0
sum this step 8166.31514388
number of holes this step 5000.0
45.6300721169 sec for roughly one time step...
sum this step 10976.8343525
number of holes this step 5000.0
46.5649859905 sec for roughly one time step...
sum this step 13625.2810644
number of holes this step 5000.0
43.4575870037 sec for roughly one time step...
sum this step 16121.9024079
number of holes this step 5000.0
44.9775588512 sec for roughly one time step...
sum this step 18456.0301582
number of holes this step 5000.0
43.8735048771 sec for roughly one time step...
sum this step 20588.8297275
number of holes this step 5000.0
44.8197700977 sec for roughly one time step...
sum this step 22381.6955344
number of holes this step 5000.0
44.4068751335 sec for roughly one time step...
sum this step 23642.7423293
number of holes this step 5000.0
43.4396820068 sec for roughly one time step...
sum this step 23864.6489297
number of holes this step 5000.0
44.1820089817 sec for roughly one time step...
New hole count:
Traceback (most recent call last):
  File "euler_diffusion.py", line 112, in <module>
    main(sim_name='move_holes_time', load=True, holes=vars(args)['D'])
  File "euler_diffusion.py", line 82, in main
    mod.update_diff(holes_location, source_location, data_dir)
  File "/gpfs/fs0/scratch/z/zilmana/jbroths/np-diffusion/model/move_holes.py", line 165, in update_diff
    print "New hole count:", np.sum()
TypeError: sum() takes at least 1 argument (0 given)
make[1]: *** [data] Error 1
make[1]: Leaving directory `/gpfs/fs0/scratch/z/zilmana/jbroths/np-diffusion/model'
make: *** [data] Error 2
5000.0 450849.0
sum this step 8151.92305404
number of holes this step 5000.0
57.5671908855 sec for roughly one time step...
sum this step 10963.3655881
number of holes this step 5000.0
51.9764690399 sec for roughly one time step...
sum this step 13619.6505789
number of holes this step 5000.0
53.2805929184 sec for roughly one time step...
sum this step 16148.4848565
number of holes this step 5000.0
56.5028650761 sec for roughly one time step...
sum this step 18542.7106709
number of holes this step 5000.0
55.6798958778 sec for roughly one time step...
sum this step 20810.4247478
number of holes this step 5000.0
55.4059481621 sec for roughly one time step...
sum this step 22812.0087897
number of holes this step 5000.0
55.0862751007 sec for roughly one time step...
sum this step 24600.159998
number of holes this step 5000.0
57.4080648422 sec for roughly one time step...
sum this step 25551.8959104
number of holes this step 5000.0
52.0506668091 sec for roughly one time step...
sum this step 26032.8505578
number of holes this step 5000.0
45.1621899605 sec for roughly one time step...
sum this step 23254.1966107
number of holes this step 5000.0
42.2526400089 sec for roughly one time step...
sum this step 19380.9733358
number of holes this step 5000.0
41.5611600876 sec for roughly one time step...
sum this step 1117.60722154
number of holes this step 5000.0
41.5191700459 sec for roughly one time step...
sum this step -20073.7846912
number of holes this step 5000.0
41.5364480019 sec for roughly one time step...
sum this step -110660.92722
number of holes this step 5000.0
41.4876580238 sec for roughly one time step...
sum this step -214584.146996
number of holes this step 5000.0
41.4924609661 sec for roughly one time step...
sum this step -677345.794106
number of holes this step 5000.0
41.5022850037 sec for roughly one time step...
sum this step -1247756.31193
number of holes this step 5000.0
41.605214119 sec for roughly one time step...
sum this step -3785256.28907
number of holes this step 5000.0
41.4821679592 sec for roughly one time step...
sum this step -7322985.65286
number of holes this step 5000.0
41.5065050125 sec for roughly one time step...
sum this step -22228151.8169
number of holes this step 5000.0
41.5005121231 sec for roughly one time step...
sum this step -46138352.5051
number of holes this step 5000.0
41.4758718014 sec for roughly one time step...
sum this step -139169135.064
number of holes this step 5000.0
41.4468870163 sec for roughly one time step...
sum this step -309754472.335
number of holes this step 5000.0
40.8678240776 sec for roughly one time step...
sum this step -922414779.834
number of holes this step 5000.0
40.8591551781 sec for roughly one time step...
sum this step -2183379542.4
number of holes this step 5000.0
40.8449718952 sec for roughly one time step...
sum this step -6415008468.19
number of holes this step 5000.0
40.8570468426 sec for roughly one time step...
sum this step -15978764374.6
number of holes this step 5000.0
40.8543310165 sec for roughly one time step...
sum this step -46449885155.3
number of holes this step 5000.0
40.8718349934 sec for roughly one time step...
sum this step -1.2047034316e+11
number of holes this step 5000.0
40.8792369366 sec for roughly one time step...
sum this step -3.47766948773e+11
number of holes this step 5000.0
40.8636610508 sec for roughly one time step...
sum this step -9.30244434756e+11
number of holes this step 5000.0
40.9456260204 sec for roughly one time step...
sum this step -2.6752278537e+12
number of holes this step 5000.0
40.8881759644 sec for roughly one time step...
sum this step -7.32173786988e+12
number of holes this step 5000.0
41.0769269466 sec for roughly one time step...
sum this step -2.10245431079e+13
number of holes this step 5000.0
40.9911618233 sec for roughly one time step...
sum this step -5.85023125515e+13
number of holes this step 5000.0
40.9009289742 sec for roughly one time step...
sum this step -1.67975608552e+14
number of holes this step 5000.0
40.8692660332 sec for roughly one time step...
sum this step -4.72930662867e+14
number of holes this step 5000.0
40.8629629612 sec for roughly one time step...
sum this step -1.35879466438e+15
number of holes this step 5000.0
40.8687441349 sec for roughly one time step...
sum this step -3.85725445224e+15
number of holes this step 5000.0
40.8533790112 sec for roughly one time step...
sum this step -1.10930152469e+16
number of holes this step 5000.0
40.8509819508 sec for roughly one time step...
sum this step -3.16702994661e+16
number of holes this step 5000.0
40.8468859196 sec for roughly one time step...
sum this step -9.11715069372e+16
number of holes this step 5000.0
40.8757679462 sec for roughly one time step...
sum this step -2.61318844467e+17
number of holes this step 5000.0
40.8627429008 sec for roughly one time step...
sum this step -7.52969600971e+17
number of holes this step 5000.0
40.9971909523 sec for roughly one time step...
sum this step -2.1640356876e+18
number of holes this step 5000.0
40.8848071098 sec for roughly one time step...
sum this step -6.24039322346e+18
number of holes this step 5000.0
40.8963038921 sec for roughly one time step...
sum this step -1.79682893509e+19
number of holes this step 5000.0
40.891283989 sec for roughly one time step...
sum this step -5.18479754497e+19
number of holes this step 5000.0
40.8591840267 sec for roughly one time step...
sum this step -1.49479689987e+20
number of holes this step 5000.0
40.8624250889 sec for roughly one time step...
sum this step -4.31545262136e+20
number of holes this step 5000.0
40.847383976 sec for roughly one time step...
sum this step -1.24525866192e+21
number of holes this step 5000.0
40.8432610035 sec for roughly one time step...
sum this step -3.59644102036e+21
number of holes this step 5000.0
40.8722732067 sec for roughly one time step...
sum this step -1.03841412122e+22
number of holes this step 5000.0
40.862498045 sec for roughly one time step...
sum this step -2.99993991156e+22
number of holes this step 5000.0
40.8426551819 sec for roughly one time step...
sum this step -8.66549453392e+22
number of holes this step 5000.0
40.8625879288 sec for roughly one time step...
sum this step -2.50398600396e+23
number of holes this step 5000.0
40.8774228096 sec for roughly one time step...
sum this step -7.23502339799e+23
number of holes this step 5000.0
40.8770349026 sec for roughly one time step...
sum this step -2.09098228977e+24
number of holes this step 5000.0
40.9965181351 sec for roughly one time step...
New hole count:
Traceback (most recent call last):
  File "euler_diffusion.py", line 112, in <module>
    main(sim_name='move_holes_time', load=True, holes=vars(args)['D'])
  File "euler_diffusion.py", line 82, in main
    mod.update_diff(holes_location, source_location, data_dir)
  File "/gpfs/fs0/scratch/z/zilmana/jbroths/np-diffusion/model/move_holes.py", line 165, in update_diff
    print "New hole count:", np.sum()
TypeError: sum() takes at least 1 argument (0 given)
make[1]: *** [data] Error 1
make[1]: Leaving directory `/gpfs/fs0/scratch/z/zilmana/jbroths/np-diffusion/model'
make: *** [data] Error 2
5000.0 450849.0
sum this step 8200.45177108
number of holes this step 5000.0
46.8603589535 sec for roughly one time step...
sum this step 11039.803882
number of holes this step 5000.0
41.0382061005 sec for roughly one time step...
sum this step 13715.0213987
number of holes this step 5000.0
43.5717279911 sec for roughly one time step...
sum this step 16234.8387471
number of holes this step 5000.0
44.099460125 sec for roughly one time step...
sum this step 18592.4709577
number of holes this step 5000.0
43.982186079 sec for roughly one time step...
sum this step 20732.7855887
number of holes this step 5000.0
44.3081989288 sec for roughly one time step...
sum this step 22520.7254503
number of holes this step 5000.0
45.2487440109 sec for roughly one time step...
sum this step 23709.2621813
number of holes this step 5000.0
44.3520710468 sec for roughly one time step...
sum this step 23735.7264528
number of holes this step 5000.0
43.8208589554 sec for roughly one time step...
sum this step 21524.4839626
number of holes this step 5000.0
45.045427084 sec for roughly one time step...
sum this step 14738.364748
number of holes this step 5000.0
45.0444347858 sec for roughly one time step...
sum this step -1415.59899256
number of holes this step 5000.0
41.7478249073 sec for roughly one time step...
sum this step -37369.0487015
number of holes this step 5000.0
41.3296279907 sec for roughly one time step...
sum this step -115512.930243
number of holes this step 5000.0
41.3042259216 sec for roughly one time step...
sum this step -285568.415467
number of holes this step 5000.0
41.2472910881 sec for roughly one time step...
sum this step -658752.795264
number of holes this step 5000.0
41.2169508934 sec for roughly one time step...
sum this step -1490517.15343
number of holes this step 5000.0
41.2395489216 sec for roughly one time step...
sum this step -3378816.28558
number of holes this step 5000.0
41.2554461956 sec for roughly one time step...
sum this step -7762371.82675
number of holes this step 5000.0
41.2585299015 sec for roughly one time step...
sum this step -18196090.0773
number of holes this step 5000.0
41.3143558502 sec for roughly one time step...
sum this step -43734109.7215
number of holes this step 5000.0
41.2405848503 sec for roughly one time step...
sum this step -108144010.955
number of holes this step 5000.0
41.2404439449 sec for roughly one time step...
sum this step -275747780.743
number of holes this step 5000.0
41.2595870495 sec for roughly one time step...
sum this step -725694462.757
number of holes this step 5000.0
41.2397458553 sec for roughly one time step...
sum this step -1970303545.31
number of holes this step 5000.0
41.2376110554 sec for roughly one time step...
sum this step -5509107719.3
number of holes this step 5000.0
41.2392320633 sec for roughly one time step...
sum this step -15819253128.2
number of holes this step 5000.0
41.2625069618 sec for roughly one time step...
sum this step -46490799466.7
number of holes this step 5000.0
41.2368099689 sec for roughly one time step...
sum this step -1.39334722975e+11
number of holes this step 5000.0
41.2911500931 sec for roughly one time step...
sum this step -4.24382781689e+11
number of holes this step 5000.0
41.2446849346 sec for roughly one time step...
sum this step -1.30951109974e+12
number of holes this step 5000.0
41.2608728409 sec for roughly one time step...
sum this step -4.08277194201e+12
number of holes this step 5000.0
41.2370359898 sec for roughly one time step...
sum this step -1.28332816278e+13
number of holes this step 5000.0
41.2335150242 sec for roughly one time step...
sum this step -4.05961054721e+13
number of holes this step 5000.0
41.3336558342 sec for roughly one time step...
sum this step -1.29057237198e+14
number of holes this step 5000.0
41.2377681732 sec for roughly one time step...
sum this step -4.11861565937e+14
number of holes this step 5000.0
41.2247750759 sec for roughly one time step...
sum this step -1.31830839715e+15
number of holes this step 5000.0
41.2596590519 sec for roughly one time step...
sum this step -4.22950509362e+15
number of holes this step 5000.0
41.2956578732 sec for roughly one time step...
sum this step -1.35939091419e+16
number of holes this step 5000.0
41.2463080883 sec for roughly one time step...
sum this step -4.37529926355e+16
number of holes this step 5000.0
41.2320590019 sec for roughly one time step...
sum this step -1.40976040955e+17
number of holes this step 5000.0
41.2483580112 sec for roughly one time step...
sum this step -4.54624477495e+17
number of holes this step 5000.0
41.2529008389 sec for roughly one time step...
sum this step -1.46706519956e+18
number of holes this step 5000.0
41.2785019875 sec for roughly one time step...
sum this step -4.73666036962e+18
number of holes this step 5000.0
41.3050000668 sec for roughly one time step...
sum this step -1.52993277552e+19
number of holes this step 5000.0
41.2461838722 sec for roughly one time step...
sum this step -4.94323811563e+19
number of holes this step 5000.0
41.2605128288 sec for roughly one time step...
sum this step -1.59757019868e+20
number of holes this step 5000.0
41.3846890926 sec for roughly one time step...
sum this step -5.16409537222e+20
number of holes this step 5000.0
41.2435798645 sec for roughly one time step...
sum this step -1.6695373613e+21
number of holes this step 5000.0
41.2876660824 sec for roughly one time step...
sum this step -5.39822840046e+21
number of holes this step 5000.0
41.2438828945 sec for roughly one time step...
sum this step -1.74561440196e+22
number of holes this step 5000.0
41.2499330044 sec for roughly one time step...
sum this step -5.64518860338e+22
number of holes this step 5000.0
41.2828819752 sec for roughly one time step...
sum this step -1.82572219834e+23
number of holes this step 5000.0
41.2288889885 sec for roughly one time step...
sum this step -5.90488629925e+23
number of holes this step 5000.0
41.2789537907 sec for roughly one time step...
sum this step -1.90987372714e+24
number of holes this step 5000.0
41.2569949627 sec for roughly one time step...
sum this step -6.17746970683e+24
number of holes this step 5000.0
41.2601621151 sec for roughly one time step...
sum this step -1.99814386318e+25
number of holes this step 5000.0
41.2608380318 sec for roughly one time step...
sum this step -6.46324938902e+25
number of holes this step 5000.0
41.2321410179 sec for roughly one time step...
sum this step -2.09065044169e+26
number of holes this step 5000.0
41.2701931 sec for roughly one time step...
sum this step -6.76265072752e+26
number of holes this step 5000.0
41.3003399372 sec for roughly one time step...
sum this step -2.18754232447e+27
number of holes this step 5000.0
41.2464449406 sec for roughly one time step...
sum this step -7.07618396033e+27
number of holes this step 5000.0
41.2523131371 sec for roughly one time step...
sum this step -2.28899188405e+28
number of holes this step 5000.0
41.3729331493 sec for roughly one time step...
sum this step -7.4044253635e+28
number of holes this step 5000.0
41.2140169144 sec for roughly one time step...
sum this step -2.39519030609e+29
number of holes this step 5000.0
41.2477500439 sec for roughly one time step...
sum this step -7.74800557674e+29
number of holes this step 5000.0
41.2128970623 sec for roughly one time step...
sum this step -2.5063447065e+30
number of holes this step 5000.0
41.2564351559 sec for roughly one time step...
sum this step -8.10760254843e+30
number of holes this step 5000.0
41.2189159393 sec for roughly one time step...
sum this step -2.62267642685e+31
number of holes this step 5000.0
41.1909210682 sec for roughly one time step...
sum this step -8.48393749178e+31
number of holes this step 5000.0
41.00928092 sec for roughly one time step...
sum this step -2.74442010088e+32
number of holes this step 5000.0
40.9839282036 sec for roughly one time step...
sum this step -8.87777282072e+32
number of holes this step 5000.0
40.9719591141 sec for roughly one time step...
sum this step -2.87182323061e+33
number of holes this step 5000.0
40.9693880081 sec for roughly one time step...
sum this step -9.28991140089e+33
number of holes this step 5000.0
40.9988980293 sec for roughly one time step...
sum this step -3.00514610297e+34
number of holes this step 5000.0
40.9702279568 sec for roughly one time step...
sum this step -9.72119668614e+34
number of holes this step 5000.0
41.0085921288 sec for roughly one time step...
sum this step -3.14466193775e+35
number of holes this step 5000.0
40.9815301895 sec for roughly one time step...
sum this step -1.01725134624e+36
number of holes this step 5000.0
41.1730601788 sec for roughly one time step...
sum this step -3.29065719614e+36
number of holes this step 5000.0
41.2504429817 sec for roughly one time step...
sum this step -1.06447890195e+37
number of holes this step 5000.0
41.2598509789 sec for roughly one time step...
sum this step -3.44343200411e+37
number of holes this step 5000.0
41.2713720798 sec for roughly one time step...
sum this step -1.11389946342e+38
number of holes this step 5000.0
41.252145052 sec for roughly one time step...
sum this step -3.60330066142e+38
number of holes this step 5000.0
41.2583148479 sec for roughly one time step...
sum this step -1.16561472917e+39
number of holes this step 5000.0
41.2586278915 sec for roughly one time step...
sum this step -3.77059221737e+39
number of holes this step 5000.0
41.2495138645 sec for roughly one time step...
sum this step -1.21973115964e+40
number of holes this step 5000.0
41.2200160027 sec for roughly one time step...
sum this step -3.94565110152e+40
number of holes this step 5000.0
41.2499778271 sec for roughly one time step...
sum this step -1.27636018443e+41
number of holes this step 5000.0
41.2765369415 sec for roughly one time step...
sum this step -4.12883780233e+41
number of holes this step 5000.0
41.2515249252 sec for roughly one time step...
sum this step -1.33561842397e+42
number of holes this step 5000.0
41.2498168945 sec for roughly one time step...
sum this step -4.32052958949e+42
number of holes this step 5000.0
41.2125508785 sec for roughly one time step...
sum this step -1.39762792453e+43
number of holes this step 5000.0
41.3995499611 sec for roughly one time step...
sum this step -4.52112127768e+43
number of holes this step 5000.0
41.2200770378 sec for roughly one time step...
sum this step -1.46251640618e+44
number of holes this step 5000.0
41.2560319901 sec for roughly one time step...
sum this step -4.73102603116e+44
number of holes this step 5000.0
41.2368741035 sec for roughly one time step...
sum this step -1.53041752368e+45
number of holes this step 5000.0
41.2609660625 sec for roughly one time step...
sum this step -4.95067620906e+45
number of holes this step 5000.0
41.2501261234 sec for roughly one time step...
sum this step -1.6014711403e+46
number of holes this step 5000.0
41.2273309231 sec for roughly one time step...
sum this step -5.18052425225e+46
number of holes this step 5000.0
41.2312500477 sec for roughly one time step...
sum this step -1.67582361498e+47
number of holes this step 5000.0
41.2704069614 sec for roughly one time step...
sum this step -5.42104361279e+47
number of holes this step 5000.0
41.2800090313 sec for roughly one time step...
sum this step -1.75362810313e+48
number of holes this step 5000.0
41.2520098686 sec for roughly one time step...
sum this step -5.67272972761e+48
number of holes this step 5000.0
41.2796821594 sec for roughly one time step...
sum this step -1.83504487174e+49
number of holes this step 5000.0
41.229254961 sec for roughly one time step...
sum this step -5.93610103796e+49
number of holes this step 5000.0
40.9763550758 sec for roughly one time step...
sum this step -1.92024162922e+50
number of holes this step 5000.0
48.2583580017 sec for roughly one time step...
sum this step -6.21170005663e+50
number of holes this step 5000.0
41.1767799854 sec for roughly one time step...
sum this step -2.00939387069e+51
number of holes this step 5000.0
40.8415100574 sec for roughly one time step...
sum this step -6.50009448503e+51
number of holes this step 5000.0
40.8618049622 sec for roughly one time step...
sum this step -2.10268523932e+52
number of holes this step 5000.0
40.8465211391 sec for roughly one time step...
sum this step -6.80187838224e+52
number of holes this step 5000.0
40.814895153 sec for roughly one time step...
sum this step -2.20030790461e+53
number of holes this step 5000.0
40.8154399395 sec for roughly one time step...
sum this step -7.11767338854e+53
number of holes this step 5000.0
40.8578557968 sec for roughly one time step...
sum this step -2.30246295812e+54
number of holes this step 5000.0
40.8299179077 sec for roughly one time step...
sum this step -7.4481300058e+54
number of holes this step 5000.0
40.818073988 sec for roughly one time step...
sum this step -2.40936082768e+55
number of holes this step 5000.0
40.8487558365 sec for roughly one time step...
sum this step -7.79392893731e+55
number of holes this step 5000.0
40.8154938221 sec for roughly one time step...
sum this step -2.52122171087e+56
number of holes this step 5000.0
40.844288826 sec for roughly one time step...
sum this step -8.15578248992e+56
number of holes this step 5000.0
40.8742640018 sec for roughly one time step...
sum this step -2.63827602852e+57
number of holes this step 5000.0
40.8341939449 sec for roughly one time step...
sum this step -8.5344360413e+57
number of holes this step 5000.0
40.7959558964 sec for roughly one time step...
sum this step -2.76076489936e+58
number of holes this step 5000.0
40.9869689941 sec for roughly one time step...
sum this step -8.93066957525e+58
number of holes this step 5000.0
40.8662118912 sec for roughly one time step...
sum this step -2.88894063675e+59
number of holes this step 5000.0
40.8309569359 sec for roughly one time step...
sum this step -9.34529928843e+59
number of holes this step 5000.0
40.7896180153 sec for roughly one time step...
sum this step -3.02306726832e+60
number of holes this step 5000.0
40.7933092117 sec for roughly one time step...
sum this step -9.77917927155e+60
number of holes this step 5000.0
40.7879018784 sec for roughly one time step...
sum this step -3.1634210799e+61
number of holes this step 5000.0
40.7715950012 sec for roughly one time step...
sum this step -1.02332032688e+62
number of holes this step 5000.0
40.7870678902 sec for roughly one time step...
sum this step -3.31029118462e+62
number of holes this step 5000.0
40.7733230591 sec for roughly one time step...
sum this step -1.07083065187e+63
number of holes this step 5000.0
40.7609119415 sec for roughly one time step...
sum this step -3.46398011845e+63
number of holes this step 5000.0
40.8063719273 sec for roughly one time step...
sum this step -1.12054676807e+64
number of holes this step 5000.0
40.7960498333 sec for roughly one time step...
sum this step -3.62480446337e+64
number of holes this step 5000.0
40.7486019135 sec for roughly one time step...
sum this step -1.17257108512e+65
number of holes this step 5000.0
40.7901191711 sec for roughly one time step...
sum this step -3.79309549952e+65
number of holes this step 5000.0
40.8968000412 sec for roughly one time step...
sum this step -1.22701076728e+66
number of holes this step 5000.0
40.7970430851 sec for roughly one time step...
sum this step -3.96919988759e+66
number of holes this step 5000.0
40.8255839348 sec for roughly one time step...
sum this step -1.28397795421e+67
number of holes this step 5000.0
40.8133111 sec for roughly one time step...
sum this step -4.15348038289e+67
number of holes this step 5000.0
40.7893688679 sec for roughly one time step...
sum this step -1.34358999191e+68
number of holes this step 5000.0
43.8955287933 sec for roughly one time step...
sum this step -4.34631658261e+68
number of holes this step 5000.0
45.3462328911 sec for roughly one time step...
sum this step -1.40596967453e+69
number of holes this step 5000.0
45.6345789433 sec for roughly one time step...
sum this step -4.54810570772e+69
number of holes this step 5000.0
43.3627338409 sec for roughly one time step...
sum this step -1.47124549721e+70
number of holes this step 5000.0
41.8677749634 sec for roughly one time step...
sum this step -4.75926342123e+70
number of holes this step 5000.0
41.1938509941 sec for roughly one time step...
sum this step -1.53955192085e+71
number of holes this step 5000.0
41.4555871487 sec for roughly one time step...
sum this step -4.98022468437e+71
number of holes this step 5000.0
48.6802589893 sec for roughly one time step...
sum this step -1.61102964902e+72
number of holes this step 5000.0
46.1790030003 sec for roughly one time step...
sum this step -5.2114446526e+72
number of holes this step 5000.0
43.3498470783 sec for roughly one time step...
sum this step -1.68582591784e+73
number of holes this step 5000.0
41.7031729221 sec for roughly one time step...
sum this step -5.45339961317e+73
number of holes this step 5000.0
40.9083321095 sec for roughly one time step...
sum this step -1.76409479925e+74
number of holes this step 5000.0
48.1848790646 sec for roughly one time step...
sum this step -5.7065879662e+74
number of holes this step 5000.0
47.2662990093 sec for roughly one time step...
sum this step -1.84599751838e+75
number of holes this step 5000.0
44.3149058819 sec for roughly one time step...
sum this step -5.97153125135e+75
number of holes this step 5000.0
41.9109239578 sec for roughly one time step...
sum this step -1.93170278566e+76
number of holes this step 5000.0
47.6524100304 sec for roughly one time step...
sum this step -6.24877522211e+76
number of holes this step 5000.0
46.5644869804 sec for roughly one time step...
sum this step -2.02138714435e+77
number of holes this step 5000.0
43.5642440319 sec for roughly one time step...
sum this step -6.53889097001e+77
number of holes this step 5000.0
42.3595881462 sec for roughly one time step...
sum this step -2.11523533418e+78
number of holes this step 5000.0
47.7450699806 sec for roughly one time step...
sum this step -6.84247610102e+78
number of holes this step 5000.0
46.5334439278 sec for roughly one time step...
sum this step -2.2134406719e+79
number of holes this step 5000.0
43.9237279892 sec for roughly one time step...
sum this step -7.16015596651e+79
number of holes this step 5000.0
46.3162248135 sec for roughly one time step...
sum this step -2.31620544953e+80
number of holes this step 5000.0
45.6306359768 sec for roughly one time step...
sum this step -7.49258495143e+80
number of holes this step 5000.0
42.7187650204 sec for roughly one time step...
sum this step -2.423741351e+81
number of holes this step 5000.0
41.1526079178 sec for roughly one time step...
sum this step -7.84044782226e+81
number of holes this step 5000.0
40.6265130043 sec for roughly one time step...
sum this step -2.53626988822e+82
number of holes this step 5000.0
40.4922440052 sec for roughly one time step...
sum this step -8.20446113756e+82
number of holes this step 5000.0
40.5279839039 sec for roughly one time step...
sum this step -2.65402285737e+83
number of holes this step 5000.0
40.4862921238 sec for roughly one time step...
sum this step -8.58537472402e+83
number of holes this step 5000.0
40.46895504 sec for roughly one time step...
sum this step -2.7772428164e+84
number of holes this step 5000.0
40.5143580437 sec for roughly one time step...
sum this step -8.98397322096e+84
number of holes this step 5000.0
40.4764740467 sec for roughly one time step...
sum this step -2.90618358461e+85
number of holes this step 5000.0
40.494822979 sec for roughly one time step...
sum this step -9.40107769666e+85
number of holes this step 5000.0
40.4784839153 sec for roughly one time step...
sum this step -3.04111076556e+86
number of holes this step 5000.0
40.5740380287 sec for roughly one time step...
sum this step -9.83754733963e+86
number of holes this step 5000.0
40.4735050201 sec for roughly one time step...
sum this step -3.18230229413e+87
number of holes this step 5000.0
40.5092160702 sec for roughly one time step...
sum this step -1.02942812285e+88
number of holes this step 5000.0
40.5322909355 sec for roughly one time step...
sum this step -3.33004900906e+88
number of holes this step 5000.0
40.4953169823 sec for roughly one time step...
sum this step -1.07722201839e+89
number of holes this step 5000.0
40.4705321789 sec for roughly one time step...
sum this step -3.48465525205e+89
number of holes this step 5000.0
40.4848189354 sec for roughly one time step...
sum this step -1.12723487066e+90
number of holes this step 5000.0
40.4714081287 sec for roughly one time step...
sum this step -3.64643949463e+90
number of holes this step 5000.0
40.4878718853 sec for roughly one time step...
sum this step -1.17956970053e+91
number of holes this step 5000.0
40.4506039619 sec for roughly one time step...
sum this step -3.81573499425e+91
number of holes this step 5000.0
40.4496099949 sec for roughly one time step...
sum this step -1.2343343119e+92
number of holes this step 5000.0
40.4930479527 sec for roughly one time step...
sum this step -3.99289048067e+92
number of holes this step 5000.0
40.5139341354 sec for roughly one time step...
sum this step -1.29164151373e+93
number of holes this step 5000.0
40.4824879169 sec for roughly one time step...
sum this step -4.17827087436e+93
number of holes this step 5000.0
40.4860169888 sec for roughly one time step...
sum this step -1.35160935244e+94
number of holes this step 5000.0
40.6047039032 sec for roughly one time step...
sum this step -4.37225803818e+94
number of holes this step 5000.0
40.4980020523 sec for roughly one time step...
sum this step -1.41436135507e+95
number of holes this step 5000.0
40.503098011 sec for roughly one time step...
sum this step -4.57525156398e+95
number of holes this step 5000.0
40.491975069 sec for roughly one time step...
sum this step -1.48002678372e+96
number of holes this step 5000.0
40.4872360229 sec for roughly one time step...
sum this step -4.78766959568e+96
number of holes this step 5000.0
40.5071220398 sec for roughly one time step...
sum this step -1.54874090182e+97
number of holes this step 5000.0
40.4713640213 sec for roughly one time step...
sum this step -5.00994969067e+97
number of holes this step 5000.0
40.4863400459 sec for roughly one time step...
sum this step -1.62064525277e+98
number of holes this step 5000.0
40.4704999924 sec for roughly one time step...
sum this step -5.24254972104e+98
number of holes this step 5000.0
40.4857909679 sec for roughly one time step...
sum this step -1.69588795147e+99
number of holes this step 5000.0
40.4934859276 sec for roughly one time step...
sum this step -5.48594881683e+99
number of holes this step 5000.0
40.4884991646 sec for roughly one time step...
sum this step -1.77462398946e+100
number of holes this step 5000.0
40.5053119659 sec for roughly one time step...
sum this step -5.74064835293e+100
number of holes this step 5000.0
40.4650139809 sec for roughly one time step...
sum this step -1.85701555416e+101
number of holes this step 5000.0
40.484703064 sec for roughly one time step...
sum this step -6.00717298187e+101
number of holes this step 5000.0
40.4969108105 sec for roughly one time step...
sum this step -1.94323236299e+102
number of holes this step 5000.0
40.6130268574 sec for roughly one time step...
sum this step -6.28607171456e+102
number of holes this step 5000.0
40.5217418671 sec for roughly one time step...
sum this step -2.03345201291e+103
number of holes this step 5000.0
40.4911739826 sec for roughly one time step...
sum this step -6.57791905117e+103
number of holes this step 5000.0
40.506857872 sec for roughly one time step...
sum this step -2.12786034631e+104
number of holes this step 5000.0
40.4769790173 sec for roughly one time step...
sum this step -6.88331616455e+104
number of holes this step 5000.0
40.5186700821 sec for roughly one time step...
sum this step -2.22665183378e+105
number of holes this step 5000.0
40.441298008 sec for roughly one time step...
sum this step -7.20289213857e+105
number of holes this step 5000.0
40.4987101555 sec for roughly one time step...
sum this step -2.33002997474e+106
number of holes this step 5000.0
40.4673159122 sec for roughly one time step...
sum this step -7.53730526398e+106
number of holes this step 5000.0
40.4712221622 sec for roughly one time step...
sum this step -2.43820771658e+107
number of holes this step 5000.0
40.4996919632 sec for roughly one time step...
sum this step -7.88724439439e+107
number of holes this step 5000.0
40.5064301491 sec for roughly one time step...
sum this step -2.55140789335e+108
number of holes this step 5000.0
40.7796859741 sec for roughly one time step...
sum this step -8.25343036524e+108
number of holes this step 5000.0
41.0429770947 sec for roughly one time step...
sum this step -2.66986368474e+109
number of holes this step 5000.0
41.0771939754 sec for roughly one time step...
sum this step -8.63661747866e+109
number of holes this step 5000.0
41.146253109 sec for roughly one time step...
sum this step -2.79381909643e+110
number of holes this step 5000.0
41.0806829929 sec for roughly one time step...
sum this step -9.03759505723e+110
number of holes this step 5000.0
41.039675951 sec for roughly one time step...
sum this step -2.9235294627e+111
number of holes this step 5000.0
41.0752568245 sec for roughly one time step...
sum this step -9.45718906988e+111
number of holes this step 5000.0
41.0351469517 sec for roughly one time step...
sum this step -3.05926197239e+112
number of holes this step 5000.0
41.0523619652 sec for roughly one time step...
sum this step -9.89626383335e+112
number of holes this step 5000.0
40.6574718952 sec for roughly one time step...
sum this step -3.20129621927e+113
number of holes this step 5000.0
40.5330779552 sec for roughly one time step...
sum this step -1.03557237925e+114
number of holes this step 5000.0
40.5360600948 sec for roughly one time step...
sum this step -3.34992477802e+114
number of holes this step 5000.0
40.5179429054 sec for roughly one time step...
sum this step -1.08365153835e+115
number of holes this step 5000.0
40.566174984 sec for roughly one time step...
sum this step -3.50545380682e+115
number of holes this step 5000.0
40.5450069904 sec for roughly one time step...
sum this step -1.13396289831e+116
number of holes this step 5000.0
40.5310111046 sec for roughly one time step...
sum this step -3.66820367809e+116
number of holes this step 5000.0
40.4870290756 sec for roughly one time step...
sum this step -1.18661009492e+117
number of holes this step 5000.0
40.6585531235 sec for roughly one time step...
sum this step -3.83850963835e+117
number of holes this step 5000.0
40.533905983 sec for roughly one time step...
sum this step -1.24170157551e+118
number of holes this step 5000.0
40.5472300053 sec for roughly one time step...
sum this step -4.01672249883e+118
number of holes this step 5000.0
40.5315420628 sec for roughly one time step...
sum this step -1.29935082236e+119
number of holes this step 5000.0
40.5613088608 sec for roughly one time step...
sum this step -4.20320935808e+119
number of holes this step 5000.0
40.5350220203 sec for roughly one time step...
sum this step -1.35967658649e+120
number of holes this step 5000.0
40.5422949791 sec for roughly one time step...
sum this step -4.39835435819e+120
number of holes this step 5000.0
40.4967830181 sec for roughly one time step...
sum this step -1.4228031322e+121
number of holes this step 5000.0
40.529722929 sec for roughly one time step...
sum this step -4.60255947602e+121
number of holes this step 5000.0
40.5222771168 sec for roughly one time step...
sum this step -1.48886049313e+122
number of holes this step 5000.0
40.5136859417 sec for roughly one time step...
sum this step -4.81624535128e+122
number of holes this step 5000.0
40.525135994 sec for roughly one time step...
sum this step -1.55798474006e+123
number of holes this step 5000.0
40.5061600208 sec for roughly one time step...
sum this step -5.03985215298e+123
number of holes this step 5000.0
40.5466330051 sec for roughly one time step...
sum this step -1.63031826121e+124
number of holes this step 5000.0
40.5180149078 sec for roughly one time step...
sum this step -5.27384048612e+124
number of holes this step 5000.0
40.5637848377 sec for roughly one time step...
sum this step -1.70601005553e+125
number of holes this step 5000.0
40.5826649666 sec for roughly one time step...
sum this step -5.51869234053e+125
number of holes this step 5000.0
40.6449840069 sec for roughly one time step...
sum this step -1.78521603967e+126
number of holes this step 5000.0
40.5786390305 sec for roughly one time step...
sum this step -5.77491208362e+126
number of holes this step 5000.0
41.3814971447 sec for roughly one time step...
sum this step -1.86809936909e+127
number of holes this step 5000.0
40.5129561424 sec for roughly one time step...
sum this step -6.04302749945e+127
number of holes this step 5000.0
40.531181097 sec for roughly one time step...
sum this step -1.95483077419e+128
number of holes this step 5000.0
40.5212328434 sec for roughly one time step...
sum this step -6.32359087579e+128
number of holes this step 5000.0
40.5201299191 sec for roughly one time step...
sum this step -2.04558891197e+129
number of holes this step 5000.0
40.5249121189 sec for roughly one time step...
sum this step -6.61718014183e+129
number of holes this step 5000.0
40.5232770443 sec for roughly one time step...
sum this step -2.14056073406e+130
number of holes this step 5000.0
40.5264210701 sec for roughly one time step...
sum this step -6.92440005866e+130
number of holes this step 5000.0
40.5127189159 sec for roughly one time step...
sum this step -2.23994187178e+131
number of holes this step 5000.0
40.6063051224 sec for roughly one time step...
sum this step -7.24588346498e+131
number of holes this step 5000.0
40.5294091702 sec for roughly one time step...
sum this step -2.34393703918e+132
number of holes this step 5000.0
40.5451719761 sec for roughly one time step...
sum this step -7.58229258067e+132
number of holes this step 5000.0
40.5346829891 sec for roughly one time step...
sum this step -2.45276045468e+133
number of holes this step 5000.0
40.5639030933 sec for roughly one time step...
sum this step -7.93432037092e+133
number of holes this step 5000.0
40.5462529659 sec for roughly one time step...
sum this step -2.56663628236e+134
number of holes this step 5000.0
40.515337944 sec for roughly one time step...
sum this step -8.30269197367e+134
number of holes this step 5000.0
40.5266661644 sec for roughly one time step...
sum this step -2.68579909371e+135
number of holes this step 5000.0
40.5131440163 sec for roughly one time step...
sum this step -8.68816619325e+135
number of holes this step 5000.0
40.5318489075 sec for roughly one time step...
sum this step -2.8104943508e+136
number of holes this step 5000.0
40.5090489388 sec for roughly one time step...
sum this step -9.09153706352e+136
number of holes this step 5000.0
40.5263669491 sec for roughly one time step...
sum this step -2.94097891194e+137
number of holes this step 5000.0
40.5613620281 sec for roughly one time step...
sum this step -9.51363548341e+137
number of holes this step 5000.0
40.5637059212 sec for roughly one time step...
sum this step -3.07752156076e+138
number of holes this step 5000.0
40.5045108795 sec for roughly one time step...
sum this step -9.95533092854e+138
number of holes this step 5000.0
40.5980210304 sec for roughly one time step...
sum this step -3.22040355986e+139
number of holes this step 5000.0
40.5234348774 sec for roughly one time step...
sum this step -1.04175332422e+140
number of holes this step 5000.0
40.5244631767 sec for roughly one time step...
sum this step -3.36991923021e+140
number of holes this step 5000.0
40.5508999825 sec for roughly one time step...
sum this step -1.09011945096e+141
number of holes this step 5000.0
40.5764849186 sec for roughly one time step...
sum this step -3.5263765574e+141
number of holes this step 5000.0
40.535487175 sec for roughly one time step...
sum this step -1.14073110189e+142
number of holes this step 5000.0
40.5410549641 sec for roughly one time step...
sum this step -3.69009782607e+142
number of holes this step 5000.0
40.5309119225 sec for roughly one time step...
sum this step -1.19369253137e+143
number of holes this step 5000.0
40.5083169937 sec for roughly one time step...
sum this step -3.86142028376e+143
number of holes this step 5000.0
40.5009870529 sec for roughly one time step...
sum this step -1.24911283402e+144
number of holes this step 5000.0
40.5441269875 sec for roughly one time step...
sum this step -4.04069683561e+144
number of holes this step 5000.0
40.5401611328 sec for roughly one time step...
sum this step -1.30710616951e+145
number of holes this step 5000.0
40.5060930252 sec for roughly one time step...
sum this step -4.22829677133e+145
number of holes this step 5000.0
40.5166249275 sec for roughly one time step...
sum this step -1.36779199761e+146
number of holes this step 5000.0
40.5252599716 sec for roughly one time step...
sum this step -4.42460652585e+146
number of holes this step 5000.0
40.502920866 sec for roughly one time step...
sum this step -1.43129532438e+147
number of holes this step 5000.0
40.6144039631 sec for roughly one time step...
sum this step -4.63003047538e+147
number of holes this step 5000.0
40.5322380066 sec for roughly one time step...
sum this step -1.49774695958e+148
number of holes this step 5000.0
40.5677230358 sec for roughly one time step...
sum this step -4.84499177035e+148
number of holes this step 5000.0
40.5758650303 sec for roughly one time step...
New hole count:
Traceback (most recent call last):
  File "euler_diffusion.py", line 112, in <module>
    main(sim_name='move_holes_time', load=True, holes=vars(args)['D'])
  File "euler_diffusion.py", line 82, in main
    mod.update_diff(holes_location, source_location, data_dir)
  File "/gpfs/fs0/scratch/z/zilmana/jbroths/np-diffusion/model/move_holes.py", line 165, in update_diff
    total -= 1
TypeError: sum() takes at least 1 argument (0 given)
make[1]: *** [data] Error 1
make[1]: Leaving directory `/gpfs/fs0/scratch/z/zilmana/jbroths/np-diffusion/model'
make: *** [data] Error 2

scontrol show jobid 463037
JobId=463037 JobName=np_diffusion
   UserId=jbroths(3061232) GroupId=zilmana(6002070) MCS_label=N/A
   Priority=1948460 Nice=0 Account=rrg-zilmana QOS=normal
   JobState=COMPLETED Reason=None Dependency=(null)
   Requeue=0 Restarts=0 BatchFlag=1 Reboot=0 ExitCode=0:0
   RunTime=03:27:51 TimeLimit=1-00:00:00 TimeMin=N/A
   SubmitTime=2018-10-03T13:28:54 EligibleTime=2018-10-03T13:28:54
   StartTime=2018-10-03T13:28:57 EndTime=2018-10-03T16:56:48 Deadline=N/A
   PreemptTime=None SuspendTime=None SecsPreSuspend=0
   LastSchedEval=2018-10-03T13:28:57
   Partition=compute AllocNode:Sid=nia-login07:334845
   ReqNodeList=(null) ExcNodeList=(null)
   NodeList=nia0081
   BatchHost=nia0081
   NumNodes=1 NumCPUs=80 NumTasks=40 CPUs/Task=1 ReqB:S:C:T=0:0:*:*
   TRES=cpu=80,node=1,billing=40
   Socks/Node=* NtasksPerN:B:S:C=0:0:*:* CoreSpec=*
   MinCPUsNode=1 MinMemoryNode=0 MinTmpDiskNode=0
   Features=(null) DelayBoot=00:00:00
   Gres=(null) Reservation=(null)
   OverSubscribe=NO Contiguous=0 Licenses=(null) Network=(null)
   Command=/gpfs/fs0/scratch/z/zilmana/jbroths/np-diffusion/niagara_submit.sh
   WorkDir=/gpfs/fs0/scratch/z/zilmana/jbroths/np-diffusion
   StdErr=/gpfs/fs0/scratch/z/zilmana/jbroths/np-diffusion/slurm-463037.out
   StdIn=/dev/null
   StdOut=/gpfs/fs0/scratch/z/zilmana/jbroths/np-diffusion/slurm-463037.out
   Power=

sacct -j 463037
       JobID    JobName    Account    Elapsed  MaxVMSize     MaxRSS  SystemCPU    UserCPU ExitCode 
------------ ---------- ---------- ---------- ---------- ---------- ---------- ---------- -------- 
463037       np_diffus+ rrg-zilma+   03:27:51                         01:12:44   03:08:29      0:0 
463037.batch      batch rrg-zilma+   03:27:51  76545388K  71329544K   01:12:44   03:08:29      0:0 
