This is pdfTeX, Version 3.14159265-2.6-1.40.19 (MiKTeX 2.9.6840) (preloaded format=pdflatex 2018.12.9)  9 DEC 2018 22:42
entering extended mode
**./CommitteeMeeting.tex
(CommitteeMeeting.tex
LaTeX2e <2018-04-01> patch level 5
(/home/jrothschild/.miktex/texmfs/install/tex/latex/revtex4/revtex4.cls
Document Class: revtex4 2001/08/03 v4.0 (http://publish.aps.org/revtex4/ for do
cumentation)
 Copyright (c) 2001 The American Physical Society.
 mailto:revtex@aps.org
 Licensed under the LPPL:
http://www.ctan.org/tex-archive/macros/latex/base/lppl.txt
 Arthur Ogawa <ogawa@teleport.com>
 Based on work by David Carlisle <david@dcarlisle.demon.co.uk>.
ltxutil: portions licensed from W. E. Baxter (web@superscript.com)
Class revtex4 Info: Repairing broken LateX \@sect on input line 596.
\intertabularlinepenalty=\count80
\@tbpen=\count81
\@arstrutbox@hline=\box26
Class revtex4 Info: Repairing broken LaTeX \@xbitor on input line 1610.
ltxgrid: portions licensed from W. E. Baxter (web@superscript.com)
\c@linecount=\count82
\output=\toks14
\@protection@box=\box27
\@topmark@saved=\toks15
\footins@saved=\box28
\pagesofar=\box29
\footbox=\box30
\pagegrid@col=\count83
Class revtex4 Info: Incorporating package {textcase}  [1998/11/12 v0.06 Text on
ly upper/lower case changing (DPC)]. on input line 3682.
(/home/jrothschild/.miktex/texmfs/install/tex/latex/url/url.sty
\Urlmuskip=\muskip10
Package: url 2013/09/16  ver 3.4  Verb mode for urls, etc.
)
\c@affil=\count84
\absbox=\box31
\c@part=\count85
\c@section=\count86
\c@subsection=\count87
\c@subsubsection=\count88
\c@paragraph=\count89
\c@subparagraph=\count90
\abovecaptionskip=\skip41
\belowcaptionskip=\skip42
\c@figure=\count91
\c@table=\count92

(/home/jrothschild/.miktex/texmfs/install/tex/latex/natbib/natbib.sty
Package: natbib 2010/09/13 8.31b (PWD, AO)
\bibhang=\skip43
\bibsep=\skip44
LaTeX Info: Redefining \cite on input line 694.
\c@NAT@ctr=\count93
)
\widetext@top=\box32
\widetext@bot=\box33

(/home/jrothschild/.miktex/texmfs/install/tex/latex/revtex4/revsymb.sty
Package: revsymb 2001/08/03 v4.0 (http://publish.aps.org/revtex4/ for documenta
tion)
LaTeX Info: Redefining \REV@mathfrak on input line 118.
))
(/home/jrothschild/.miktex/texmfs/install/tex/latex/revtex4/aps.rtx
File: aps.rtx 2001/08/03 v4.0 (http://publish.aps.org/revtex4/ for documentatio
n)
)
(/home/jrothschild/.miktex/texmfs/install/tex/latex/revtex4/10pt.rtx
File: 10pt.rtx 2001/08/03 v4.0 (http://publish.aps.org/revtex4/ for documentati
on)
)
(/home/jrothschild/.miktex/texmfs/install/tex/latex/graphics/graphicx.sty
Package: graphicx 2017/06/01 v1.1a Enhanced LaTeX Graphics (DPC,SPQR)

(/home/jrothschild/.miktex/texmfs/install/tex/latex/graphics/keyval.sty
Package: keyval 2014/10/28 v1.15 key=value parser (DPC)
\KV@toks@=\toks16
)
(/home/jrothschild/.miktex/texmfs/install/tex/latex/graphics/graphics.sty
Package: graphics 2017/06/25 v1.2c Standard LaTeX Graphics (DPC,SPQR)

(/home/jrothschild/.miktex/texmfs/install/tex/latex/graphics/trig.sty
Package: trig 2016/01/03 v1.10 sin cos tan (DPC)
)
(/home/jrothschild/.miktex/texmfs/install/tex/latex/graphics-cfg/graphics.cfg
File: graphics.cfg 2016/06/04 v1.11 sample graphics configuration
)
Package graphics Info: Driver file: pdftex.def on input line 99.

(/home/jrothschild/.miktex/texmfs/install/tex/latex/graphics-def/pdftex.def
File: pdftex.def 2018/01/08 v1.0l Graphics/color driver for pdftex
))
\Gin@req@height=\dimen102
\Gin@req@width=\dimen103
)
(/home/jrothschild/.miktex/texmfs/install/tex/latex/tools/bm.sty
Package: bm 2017/01/16 v1.2c Bold Symbol Support (DPC/FMi)
\symboldoperators=\mathgroup4
\symboldletters=\mathgroup5
\symboldsymbols=\mathgroup6
LaTeX Font Info:    Redeclaring math alphabet \mathbf on input line 141.
LaTeX Info: Redefining \bm on input line 207.
)
(/home/jrothschild/.miktex/texmfs/install/tex/latex/graphics/color.sty
Package: color 2016/07/10 v1.1e Standard LaTeX Color (DPC)

(/home/jrothschild/.miktex/texmfs/install/tex/latex/graphics-cfg/color.cfg
File: color.cfg 2016/01/02 v1.6 sample color configuration
)
Package color Info: Driver file: pdftex.def on input line 147.
)
(/home/jrothschild/.miktex/texmfs/install/tex/latex/pgf/frontendlayer/tikz.sty
(/home/jrothschild/.miktex/texmfs/install/tex/latex/pgf/basiclayer/pgf.sty
(/home/jrothschild/.miktex/texmfs/install/tex/latex/pgf/utilities/pgfrcs.sty
(/home/jrothschild/.miktex/texmfs/install/tex/generic/pgf/utilities/pgfutil-com
mon.tex
\pgfutil@everybye=\toks17
\pgfutil@tempdima=\dimen104
\pgfutil@tempdimb=\dimen105

(/home/jrothschild/.miktex/texmfs/install/tex/generic/pgf/utilities/pgfutil-com
mon-lists.tex))
(/home/jrothschild/.miktex/texmfs/install/tex/generic/pgf/utilities/pgfutil-lat
ex.def
\pgfutil@abb=\box34
 (/home/jrothschild/.miktex/texmfs/install/tex/latex/ms/everyshi.sty
Package: everyshi 2001/05/15 v3.00 EveryShipout Package (MS)
))
(/home/jrothschild/.miktex/texmfs/install/tex/generic/pgf/utilities/pgfrcs.code
.tex
Package: pgfrcs 2015/08/07 v3.0.1a (rcs-revision 1.31)
))
Package: pgf 2015/08/07 v3.0.1a (rcs-revision 1.15)

(/home/jrothschild/.miktex/texmfs/install/tex/latex/pgf/basiclayer/pgfcore.sty
(/home/jrothschild/.miktex/texmfs/install/tex/latex/pgf/systemlayer/pgfsys.sty
(/home/jrothschild/.miktex/texmfs/install/tex/generic/pgf/systemlayer/pgfsys.co
de.tex
Package: pgfsys 2014/07/09 v3.0.1a (rcs-revision 1.48)

(/home/jrothschild/.miktex/texmfs/install/tex/generic/pgf/utilities/pgfkeys.cod
e.tex
\pgfkeys@pathtoks=\toks18
\pgfkeys@temptoks=\toks19

(/home/jrothschild/.miktex/texmfs/install/tex/generic/pgf/utilities/pgfkeysfilt
ered.code.tex
\pgfkeys@tmptoks=\toks20
))
\pgf@x=\dimen106
\pgf@y=\dimen107
\pgf@xa=\dimen108
\pgf@ya=\dimen109
\pgf@xb=\dimen110
\pgf@yb=\dimen111
\pgf@xc=\dimen112
\pgf@yc=\dimen113
\w@pgf@writea=\write3
\r@pgf@reada=\read1
\c@pgf@counta=\count94
\c@pgf@countb=\count95
\c@pgf@countc=\count96
\c@pgf@countd=\count97
\t@pgf@toka=\toks21
\t@pgf@tokb=\toks22
\t@pgf@tokc=\toks23

(/home/jrothschild/.miktex/texmfs/install/tex/generic/pgf/systemlayer/pgf.cfg
File: pgf.cfg 2008/05/14  (rcs-revision 1.7)
)
Driver file for pgf: pgfsys-pdftex.def

(/home/jrothschild/.miktex/texmfs/install/tex/generic/pgf/systemlayer/pgfsys-pd
ftex.def
File: pgfsys-pdftex.def 2014/10/11  (rcs-revision 1.35)

(/home/jrothschild/.miktex/texmfs/install/tex/generic/pgf/systemlayer/pgfsys-co
mmon-pdf.def
File: pgfsys-common-pdf.def 2013/10/10  (rcs-revision 1.13)
)))
(/home/jrothschild/.miktex/texmfs/install/tex/generic/pgf/systemlayer/pgfsyssof
tpath.code.tex
File: pgfsyssoftpath.code.tex 2013/09/09  (rcs-revision 1.9)
\pgfsyssoftpath@smallbuffer@items=\count98
\pgfsyssoftpath@bigbuffer@items=\count99
)
(/home/jrothschild/.miktex/texmfs/install/tex/generic/pgf/systemlayer/pgfsyspro
tocol.code.tex
File: pgfsysprotocol.code.tex 2006/10/16  (rcs-revision 1.4)
))
(/home/jrothschild/.miktex/texmfs/install/tex/latex/xcolor/xcolor.sty
Package: xcolor 2016/05/11 v2.12 LaTeX color extensions (UK)

(/home/jrothschild/.miktex/texmfs/install/tex/latex/graphics-cfg/color.cfg
File: color.cfg 2016/01/02 v1.6 sample color configuration
)
Package xcolor Info: Driver file: pdftex.def on input line 225.
LaTeX Info: Redefining \color on input line 709.
Package xcolor Info: Model `cmy' substituted by `cmy0' on input line 1348.
Package xcolor Info: Model `hsb' substituted by `rgb' on input line 1352.
Package xcolor Info: Model `RGB' extended on input line 1364.
Package xcolor Info: Model `HTML' substituted by `rgb' on input line 1366.
Package xcolor Info: Model `Hsb' substituted by `hsb' on input line 1367.
Package xcolor Info: Model `tHsb' substituted by `hsb' on input line 1368.
Package xcolor Info: Model `HSB' substituted by `hsb' on input line 1369.
Package xcolor Info: Model `Gray' substituted by `gray' on input line 1370.
Package xcolor Info: Model `wave' substituted by `hsb' on input line 1371.
)
(/home/jrothschild/.miktex/texmfs/install/tex/generic/pgf/basiclayer/pgfcore.co
de.tex
Package: pgfcore 2010/04/11 v3.0.1a (rcs-revision 1.7)

(/home/jrothschild/.miktex/texmfs/install/tex/generic/pgf/math/pgfmath.code.tex

(/home/jrothschild/.miktex/texmfs/install/tex/generic/pgf/math/pgfmathcalc.code
.tex
(/home/jrothschild/.miktex/texmfs/install/tex/generic/pgf/math/pgfmathutil.code
.tex)
(/home/jrothschild/.miktex/texmfs/install/tex/generic/pgf/math/pgfmathparser.co
de.tex
\pgfmath@dimen=\dimen114
\pgfmath@count=\count100
\pgfmath@box=\box35
\pgfmath@toks=\toks24
\pgfmath@stack@operand=\toks25
\pgfmath@stack@operation=\toks26
)
(/home/jrothschild/.miktex/texmfs/install/tex/generic/pgf/math/pgfmathfunctions
.code.tex
(/home/jrothschild/.miktex/texmfs/install/tex/generic/pgf/math/pgfmathfunctions
.basic.code.tex)
(/home/jrothschild/.miktex/texmfs/install/tex/generic/pgf/math/pgfmathfunctions
.trigonometric.code.tex)
(/home/jrothschild/.miktex/texmfs/install/tex/generic/pgf/math/pgfmathfunctions
.random.code.tex)
(/home/jrothschild/.miktex/texmfs/install/tex/generic/pgf/math/pgfmathfunctions
.comparison.code.tex)
(/home/jrothschild/.miktex/texmfs/install/tex/generic/pgf/math/pgfmathfunctions
.base.code.tex)
(/home/jrothschild/.miktex/texmfs/install/tex/generic/pgf/math/pgfmathfunctions
.round.code.tex)
(/home/jrothschild/.miktex/texmfs/install/tex/generic/pgf/math/pgfmathfunctions
.misc.code.tex)
(/home/jrothschild/.miktex/texmfs/install/tex/generic/pgf/math/pgfmathfunctions
.integerarithmetics.code.tex)))
(/home/jrothschild/.miktex/texmfs/install/tex/generic/pgf/math/pgfmathfloat.cod
e.tex
\c@pgfmathroundto@lastzeros=\count101
))
(/home/jrothschild/.miktex/texmfs/install/tex/generic/pgf/basiclayer/pgfcorepoi
nts.code.tex
File: pgfcorepoints.code.tex 2013/10/07  (rcs-revision 1.27)
\pgf@picminx=\dimen115
\pgf@picmaxx=\dimen116
\pgf@picminy=\dimen117
\pgf@picmaxy=\dimen118
\pgf@pathminx=\dimen119
\pgf@pathmaxx=\dimen120
\pgf@pathminy=\dimen121
\pgf@pathmaxy=\dimen122
\pgf@xx=\dimen123
\pgf@xy=\dimen124
\pgf@yx=\dimen125
\pgf@yy=\dimen126
\pgf@zx=\dimen127
\pgf@zy=\dimen128
)
(/home/jrothschild/.miktex/texmfs/install/tex/generic/pgf/basiclayer/pgfcorepat
hconstruct.code.tex
File: pgfcorepathconstruct.code.tex 2013/10/07  (rcs-revision 1.29)
\pgf@path@lastx=\dimen129
\pgf@path@lasty=\dimen130
)
(/home/jrothschild/.miktex/texmfs/install/tex/generic/pgf/basiclayer/pgfcorepat
husage.code.tex
File: pgfcorepathusage.code.tex 2014/11/02  (rcs-revision 1.24)
\pgf@shorten@end@additional=\dimen131
\pgf@shorten@start@additional=\dimen132
)
(/home/jrothschild/.miktex/texmfs/install/tex/generic/pgf/basiclayer/pgfcoresco
pes.code.tex
File: pgfcorescopes.code.tex 2015/05/08  (rcs-revision 1.46)
\pgfpic=\box36
\pgf@hbox=\box37
\pgf@layerbox@main=\box38
\pgf@picture@serial@count=\count102
)
(/home/jrothschild/.miktex/texmfs/install/tex/generic/pgf/basiclayer/pgfcoregra
phicstate.code.tex
File: pgfcoregraphicstate.code.tex 2014/11/02  (rcs-revision 1.12)
\pgflinewidth=\dimen133
)
(/home/jrothschild/.miktex/texmfs/install/tex/generic/pgf/basiclayer/pgfcoretra
nsformations.code.tex
File: pgfcoretransformations.code.tex 2015/08/07  (rcs-revision 1.20)
\pgf@pt@x=\dimen134
\pgf@pt@y=\dimen135
\pgf@pt@temp=\dimen136
)
(/home/jrothschild/.miktex/texmfs/install/tex/generic/pgf/basiclayer/pgfcorequi
ck.code.tex
File: pgfcorequick.code.tex 2008/10/09  (rcs-revision 1.3)
)
(/home/jrothschild/.miktex/texmfs/install/tex/generic/pgf/basiclayer/pgfcoreobj
ects.code.tex
File: pgfcoreobjects.code.tex 2006/10/11  (rcs-revision 1.2)
)
(/home/jrothschild/.miktex/texmfs/install/tex/generic/pgf/basiclayer/pgfcorepat
hprocessing.code.tex
File: pgfcorepathprocessing.code.tex 2013/09/09  (rcs-revision 1.9)
)
(/home/jrothschild/.miktex/texmfs/install/tex/generic/pgf/basiclayer/pgfcorearr
ows.code.tex
File: pgfcorearrows.code.tex 2015/05/14  (rcs-revision 1.43)
\pgfarrowsep=\dimen137
)
(/home/jrothschild/.miktex/texmfs/install/tex/generic/pgf/basiclayer/pgfcoresha
de.code.tex
File: pgfcoreshade.code.tex 2013/07/15  (rcs-revision 1.15)
\pgf@max=\dimen138
\pgf@sys@shading@range@num=\count103
)
(/home/jrothschild/.miktex/texmfs/install/tex/generic/pgf/basiclayer/pgfcoreima
ge.code.tex
File: pgfcoreimage.code.tex 2013/07/15  (rcs-revision 1.18)

(/home/jrothschild/.miktex/texmfs/install/tex/generic/pgf/basiclayer/pgfcoreext
ernal.code.tex
File: pgfcoreexternal.code.tex 2014/07/09  (rcs-revision 1.21)
\pgfexternal@startupbox=\box39
))
(/home/jrothschild/.miktex/texmfs/install/tex/generic/pgf/basiclayer/pgfcorelay
ers.code.tex
File: pgfcorelayers.code.tex 2013/07/18  (rcs-revision 1.7)
)
(/home/jrothschild/.miktex/texmfs/install/tex/generic/pgf/basiclayer/pgfcoretra
nsparency.code.tex
File: pgfcoretransparency.code.tex 2013/09/30  (rcs-revision 1.5)
)
(/home/jrothschild/.miktex/texmfs/install/tex/generic/pgf/basiclayer/pgfcorepat
terns.code.tex
File: pgfcorepatterns.code.tex 2013/11/07  (rcs-revision 1.5)
)))
(/home/jrothschild/.miktex/texmfs/install/tex/generic/pgf/modules/pgfmoduleshap
es.code.tex
File: pgfmoduleshapes.code.tex 2014/03/21  (rcs-revision 1.35)
\pgfnodeparttextbox=\box40
)
(/home/jrothschild/.miktex/texmfs/install/tex/generic/pgf/modules/pgfmoduleplot
.code.tex
File: pgfmoduleplot.code.tex 2015/08/03  (rcs-revision 1.13)
)
(/home/jrothschild/.miktex/texmfs/install/tex/latex/pgf/compatibility/pgfcomp-v
ersion-0-65.sty
Package: pgfcomp-version-0-65 2007/07/03 v3.0.1a (rcs-revision 1.7)
\pgf@nodesepstart=\dimen139
\pgf@nodesepend=\dimen140
)
(/home/jrothschild/.miktex/texmfs/install/tex/latex/pgf/compatibility/pgfcomp-v
ersion-1-18.sty
Package: pgfcomp-version-1-18 2007/07/23 v3.0.1a (rcs-revision 1.1)
))
(/home/jrothschild/.miktex/texmfs/install/tex/latex/pgf/utilities/pgffor.sty
(/home/jrothschild/.miktex/texmfs/install/tex/latex/pgf/utilities/pgfkeys.sty
(/home/jrothschild/.miktex/texmfs/install/tex/generic/pgf/utilities/pgfkeys.cod
e.tex))
(/home/jrothschild/.miktex/texmfs/install/tex/latex/pgf/math/pgfmath.sty
(/home/jrothschild/.miktex/texmfs/install/tex/generic/pgf/math/pgfmath.code.tex
))
(/home/jrothschild/.miktex/texmfs/install/tex/generic/pgf/utilities/pgffor.code
.tex
Package: pgffor 2013/12/13 v3.0.1a (rcs-revision 1.25)

(/home/jrothschild/.miktex/texmfs/install/tex/generic/pgf/math/pgfmath.code.tex
)
\pgffor@iter=\dimen141
\pgffor@skip=\dimen142
\pgffor@stack=\toks27
\pgffor@toks=\toks28
))
(/home/jrothschild/.miktex/texmfs/install/tex/generic/pgf/frontendlayer/tikz/ti
kz.code.tex
Package: tikz 2015/08/07 v3.0.1a (rcs-revision 1.151)

(/home/jrothschild/.miktex/texmfs/install/tex/generic/pgf/libraries/pgflibraryp
lothandlers.code.tex
File: pgflibraryplothandlers.code.tex 2013/08/31 v3.0.1a (rcs-revision 1.20)
\pgf@plot@mark@count=\count104
\pgfplotmarksize=\dimen143
)
\tikz@lastx=\dimen144
\tikz@lasty=\dimen145
\tikz@lastxsaved=\dimen146
\tikz@lastysaved=\dimen147
\tikzleveldistance=\dimen148
\tikzsiblingdistance=\dimen149
\tikz@figbox=\box41
\tikz@figbox@bg=\box42
\tikz@tempbox=\box43
\tikz@tempbox@bg=\box44
\tikztreelevel=\count105
\tikznumberofchildren=\count106
\tikznumberofcurrentchild=\count107
\tikz@fig@count=\count108

(/home/jrothschild/.miktex/texmfs/install/tex/generic/pgf/modules/pgfmodulematr
ix.code.tex
File: pgfmodulematrix.code.tex 2013/09/17  (rcs-revision 1.8)
\pgfmatrixcurrentrow=\count109
\pgfmatrixcurrentcolumn=\count110
\pgf@matrix@numberofcolumns=\count111
)
\tikz@expandcount=\count112

(/home/jrothschild/.miktex/texmfs/install/tex/generic/pgf/frontendlayer/tikz/li
braries/tikzlibrarytopaths.code.tex
File: tikzlibrarytopaths.code.tex 2008/06/17 v3.0.1a (rcs-revision 1.2)
)))
(/home/jrothschild/.miktex/texmfs/install/tex/generic/pgf/frontendlayer/tikz/li
braries/tikzlibrarycalc.code.tex
File: tikzlibrarycalc.code.tex 2013/07/15 v3.0.1a (rcs-revision 1.9)
)
(/home/jrothschild/.miktex/texmfs/install/tex/latex/pgfplots/pgfplots.sty
(/home/jrothschild/.miktex/texmfs/install/tex/generic/pgfplots/pgfplots.revisio
n.tex)
Package: pgfplots 2018/03/28 v1.16 Data Visualization (1.16)

(/home/jrothschild/.miktex/texmfs/install/tex/generic/pgfplots/pgfplots.code.te
x
(/home/jrothschild/.miktex/texmfs/install/tex/generic/pgfplots/pgfplotscore.cod
e.tex
\t@pgfplots@toka=\toks29
\t@pgfplots@tokb=\toks30
\t@pgfplots@tokc=\toks31
\pgfplots@tmpa=\dimen150
\c@pgfplots@coordindex=\count113
\c@pgfplots@scanlineindex=\count114

(/home/jrothschild/.miktex/texmfs/install/tex/generic/pgfplots/sys/pgfplotssysg
eneric.code.tex))
(/home/jrothschild/.miktex/texmfs/install/tex/generic/pgfplots/libs/pgfplotslib
rary.code.tex)
(/home/jrothschild/.miktex/texmfs/install/tex/generic/pgfplots/oldpgfcompatib/p
gfplotsoldpgfsupp_loader.code.tex
(/home/jrothschild/.miktex/texmfs/install/tex/generic/pgf/libraries/pgflibraryf
pu.code.tex)
Package pgfplots: loading complementary arithmetics for your pgf version...

(/home/jrothschild/.miktex/texmfs/install/tex/generic/pgfplots/oldpgfcompatib/p
gfplotsoldpgfsupp_pgflibraryfpu.code.tex)
(/home/jrothschild/.miktex/texmfs/install/tex/generic/pgfplots/oldpgfcompatib/p
gfplotsoldpgfsupp_pgfmathfloat.code.tex
\c@pgfmathroundto@lastzeros=\count115
)
(/home/jrothschild/.miktex/texmfs/install/tex/generic/pgfplots/oldpgfcompatib/p
gfplotsoldpgfsupp_leq.code.tex))
(/home/jrothschild/.miktex/texmfs/install/tex/generic/pgfplots/util/pgfplotsuti
l.code.tex
(/home/jrothschild/.miktex/texmfs/install/tex/generic/pgfplots/liststructure/pg
fplotsliststructure.code.tex)
(/home/jrothschild/.miktex/texmfs/install/tex/generic/pgfplots/liststructure/pg
fplotsliststructureext.code.tex)
(/home/jrothschild/.miktex/texmfs/install/tex/generic/pgfplots/liststructure/pg
fplotsarray.code.tex
\c@pgfplotsarray@tmp=\count116
)
(/home/jrothschild/.miktex/texmfs/install/tex/generic/pgfplots/liststructure/pg
fplotsmatrix.code.tex)
(/home/jrothschild/.miktex/texmfs/install/tex/generic/pgfplots/numtable/pgfplot
stableshared.code.tex
\c@pgfplotstable@counta=\count117
\t@pgfplotstable@a=\toks32
)
(/home/jrothschild/.miktex/texmfs/install/tex/generic/pgfplots/liststructure/pg
fplotsdeque.code.tex)
(/home/jrothschild/.miktex/texmfs/install/tex/generic/pgfplots/util/pgfplotsbin
ary.code.tex
(/home/jrothschild/.miktex/texmfs/install/tex/generic/pgfplots/util/pgfplotsbin
ary.data.code.tex))
(/home/jrothschild/.miktex/texmfs/install/tex/generic/pgfplots/util/pgfplotsuti
l.verb.code.tex)
(/home/jrothschild/.miktex/texmfs/install/tex/generic/pgfplots/libs/pgflibraryp
gfplots.surfshading.code.tex
\c@pgfplotslibrarysurf@no=\count118

(/home/jrothschild/.miktex/texmfs/install/tex/generic/pgfplots/sys/pgflibrarypg
fplots.surfshading.pgfsys-pdftex.def)))
(/home/jrothschild/.miktex/texmfs/install/tex/generic/pgfplots/util/pgfplotscol
ormap.code.tex
(/home/jrothschild/.miktex/texmfs/install/tex/generic/pgfplots/util/pgfplotscol
or.code.tex))
(/home/jrothschild/.miktex/texmfs/install/tex/generic/pgfplots/pgfplotsstackedp
lots.code.tex)
(/home/jrothschild/.miktex/texmfs/install/tex/generic/pgfplots/pgfplotsplothand
lers.code.tex
(/home/jrothschild/.miktex/texmfs/install/tex/generic/pgfplots/pgfplotsmeshplot
handler.code.tex
(/home/jrothschild/.miktex/texmfs/install/tex/generic/pgfplots/pgfplotsmeshplot
image.code.tex)))
(/home/jrothschild/.miktex/texmfs/install/tex/generic/pgfplots/pgfplots.scaling
.code.tex)
(/home/jrothschild/.miktex/texmfs/install/tex/generic/pgfplots/pgfplotscoordpro
cessing.code.tex)
(/home/jrothschild/.miktex/texmfs/install/tex/generic/pgfplots/pgfplots.errorba
rs.code.tex)
(/home/jrothschild/.miktex/texmfs/install/tex/generic/pgfplots/pgfplots.markers
.code.tex)
(/home/jrothschild/.miktex/texmfs/install/tex/generic/pgfplots/pgfplotsticks.co
de.tex)
(/home/jrothschild/.miktex/texmfs/install/tex/generic/pgfplots/pgfplots.paths.c
ode.tex)
(/home/jrothschild/.miktex/texmfs/install/tex/generic/pgf/frontendlayer/tikz/li
braries/tikzlibrarydecorations.code.tex
(/home/jrothschild/.miktex/texmfs/install/tex/generic/pgf/modules/pgfmoduledeco
rations.code.tex
\pgfdecoratedcompleteddistance=\dimen151
\pgfdecoratedremainingdistance=\dimen152
\pgfdecoratedinputsegmentcompleteddistance=\dimen153
\pgfdecoratedinputsegmentremainingdistance=\dimen154
\pgf@decorate@distancetomove=\dimen155
\pgf@decorate@repeatstate=\count119
\pgfdecorationsegmentamplitude=\dimen156
\pgfdecorationsegmentlength=\dimen157
)
\tikz@lib@dec@box=\box45
)
(/home/jrothschild/.miktex/texmfs/install/tex/generic/pgf/frontendlayer/tikz/li
braries/tikzlibrarydecorations.pathmorphing.code.tex
(/home/jrothschild/.miktex/texmfs/install/tex/generic/pgf/libraries/decorations
/pgflibrarydecorations.pathmorphing.code.tex))
(/home/jrothschild/.miktex/texmfs/install/tex/generic/pgf/frontendlayer/tikz/li
braries/tikzlibrarydecorations.pathreplacing.code.tex
(/home/jrothschild/.miktex/texmfs/install/tex/generic/pgf/libraries/decorations
/pgflibrarydecorations.pathreplacing.code.tex))
\pgfplots@numplots=\count120
\pgfplots@xmin@reg=\dimen158
\pgfplots@xmax@reg=\dimen159
\pgfplots@ymin@reg=\dimen160
\pgfplots@ymax@reg=\dimen161
\pgfplots@zmin@reg=\dimen162
\pgfplots@zmax@reg=\dimen163
)
(/home/jrothschild/.miktex/texmfs/install/tex/generic/pgf/frontendlayer/tikz/li
braries/tikzlibraryplotmarks.code.tex
File: tikzlibraryplotmarks.code.tex 2008/01/09 v3.0.1a (rcs-revision 1.1)

(/home/jrothschild/.miktex/texmfs/install/tex/generic/pgf/libraries/pgflibraryp
lotmarks.code.tex
File: pgflibraryplotmarks.code.tex 2015/08/03 v3.0.1a (rcs-revision 1.14)
)))
(/home/jrothschild/.miktex/texmfs/install/tex/latex/caption/caption.sty
Package: caption 2018/10/06 v3.3-154 Customizing captions (AR)

(/home/jrothschild/.miktex/texmfs/install/tex/latex/caption/caption3.sty
Package: caption3 2018/09/12 v1.8c caption3 kernel (AR)
Package caption3 Info: TeX engine: e-TeX on input line 64.
\captionmargin=\dimen164
\captionmargin@=\dimen165
\captionwidth=\dimen166
\caption@tempdima=\dimen167
\caption@indent=\dimen168
\caption@parindent=\dimen169
\caption@hangindent=\dimen170
Package caption Info: Unknown document class (or package),
(caption)             standard defaults will be used.
)

Package caption Warning: Unsupported document class (or package) detected,
(caption)                usage of the caption package is not recommended.
See the caption package documentation for explanation.

Package caption Info: \@makecaption = \long macro:#1#2->\par \vskip \abovecapti
onskip \begingroup \small \rmfamily \sbox \@tempboxa {\let \\\heading@cr #1: #2
}\@ifdim {\wd \@tempboxa >\hsize }{\begingroup \samepage \flushing \let \footno
te \@footnotemark@gobble #1: #2\par \endgroup }{\global \@minipagefalse \hb@xt@
 \hsize {\hfil \unhbox \@tempboxa \hfil }}\endgroup \vskip \belowcaptionskip .
\c@caption@flags=\count121
\c@ContinuedFloat=\count122
) (/home/jrothschild/.miktex/texmfs/install/tex/latex/soul/soul.sty
Package: soul 2003/11/17 v2.4 letterspacing/underlining (mf)
\SOUL@word=\toks33
\SOUL@lasttoken=\toks34
\SOUL@cmds=\toks35
\SOUL@buffer=\toks36
\SOUL@token=\toks37
\SOUL@spaceskip=\skip45
\SOUL@ttwidth=\dimen171
\SOUL@uldp=\dimen172
\SOUL@ulht=\dimen173
)
(/home/jrothschild/.miktex/texmfs/install/tex/latex/subfiles/subfiles.sty
Package: subfiles 2018/07/31 Federico Garcia, Gernot Salzer

(/home/jrothschild/.miktex/texmfs/install/tex/latex/tools/verbatim.sty
Package: verbatim 2014/10/28 v1.5q LaTeX2e package for verbatim enhancements
\every@verbatim=\toks38
\verbatim@line=\toks39
\verbatim@in@stream=\read2
))
(/home/jrothschild/.miktex/texmfs/install/tex/latex/amsfonts/amsfonts.sty
Package: amsfonts 2013/01/14 v3.01 Basic AMSFonts support
\@emptytoks=\toks40
\symAMSa=\mathgroup7
\symAMSb=\mathgroup8
LaTeX Font Info:    Overwriting math alphabet `\mathfrak' in version `bold'
(Font)                  U/euf/m/n --> U/euf/b/n on input line 106.
LaTeX Info: Redefining \frak on input line 111.
LaTeX Info: Redefining \Bbb on input line 113.
)
(/home/jrothschild/.miktex/texmfs/install/tex/latex/amscls/amsthm.sty
Package: amsthm 2017/10/31 v2.20.4
\thm@style=\toks41
\thm@bodyfont=\toks42
\thm@headfont=\toks43
\thm@notefont=\toks44
\thm@headpunct=\toks45
\thm@preskip=\skip46
\thm@postskip=\skip47
\thm@headsep=\skip48
\dth@everypar=\toks46
)
(/home/jrothschild/.miktex/texmfs/install/tex/latex/tools/tabularx.sty
Package: tabularx 2016/02/03 v2.11b `tabularx' package (DPC)

(/home/jrothschild/.miktex/texmfs/install/tex/latex/tools/array.sty
Package: array 2018/04/30 v2.4h Tabular extension package (FMi)
\col@sep=\dimen174
\ar@mcellbox=\box46
\extrarowheight=\dimen175
\NC@list=\toks47
\extratabsurround=\skip49
\backup@length=\skip50
\ar@cellbox=\box47
)
\TX@col@width=\dimen176
\TX@old@table=\dimen177
\TX@old@col=\dimen178
\TX@target=\dimen179
\TX@delta=\dimen180
\TX@cols=\count123
\TX@ftn=\toks48
)
(/home/jrothschild/.miktex/texmfs/install/tex/latex/braket/braket.sty)
(/home/jrothschild/.miktex/texmfs/install/tex/latex/subfigure/subfigure.sty
Package: subfigure 2002/07/30 v2.1.4 subfigure package
\subfigtopskip=\skip51
\subfigcapskip=\skip52
\subfigcaptopadj=\dimen181
\subfigbottomskip=\skip53
\subfigcapmargin=\dimen182
\subfiglabelskip=\skip54
\c@subfigure=\count124
\c@lofdepth=\count125
\c@subtable=\count126
\c@lotdepth=\count127

****************************************
* Local config file subfigure.cfg used *
****************************************
(/home/jrothschild/.miktex/texmfs/install/tex/latex/subfigure/subfigure.cfg)
\subfig@top=\skip55
\subfig@bottom=\skip56
)
\c@theorem=\count128
\c@lemma=\count129
\c@proposition=\count130
\c@corollary=\count131
\c@definition=\count132
\c@example=\count133


LaTeX Warning: Unused global option(s):
    [article,longbibliography].

(/home/jrothschild/Research/np-diffusion/latex/build/CommitteeMeeting.aux

LaTeX Warning: Label `fig:fenestrae' multiply defined.

)
\openout1 = `CommitteeMeeting.aux'.

LaTeX Font Info:    Checking defaults for OML/cmm/m/it on input line 36.
LaTeX Font Info:    ... okay on input line 36.
LaTeX Font Info:    Checking defaults for T1/cmr/m/n on input line 36.
LaTeX Font Info:    ... okay on input line 36.
LaTeX Font Info:    Checking defaults for OT1/cmr/m/n on input line 36.
LaTeX Font Info:    ... okay on input line 36.
LaTeX Font Info:    Checking defaults for OMS/cmsy/m/n on input line 36.
LaTeX Font Info:    ... okay on input line 36.
LaTeX Font Info:    Checking defaults for OMX/cmex/m/n on input line 36.
LaTeX Font Info:    ... okay on input line 36.
LaTeX Font Info:    Checking defaults for U/cmr/m/n on input line 36.
LaTeX Font Info:    ... okay on input line 36.
Class revtex4 Info: Unrecognized array package. Please update this document cla
ss! (Proceeding with fingers crossed.) on input line 36.
Class revtex4 Info: cite was not loaded (OK!) on input line 36.
Class revtex4 Info: multicol was not loaded (OK!) on input line 36.
 (/home/jrothschild/.miktex/texmfs/install/tex/context/base/supp-pdf.mkii
[Loading MPS to PDF converter (version 2006.09.02).]
\scratchcounter=\count134
\scratchdimen=\dimen183
\scratchbox=\box48
\nofMPsegments=\count135
\nofMParguments=\count136
\everyMPshowfont=\toks49
\MPscratchCnt=\count137
\MPscratchDim=\dimen184
\MPnumerator=\count138
\makeMPintoPDFobject=\count139
\everyMPtoPDFconversion=\toks50
)
(/home/jrothschild/.miktex/texmfs/install/tex/latex/oberdiek/epstopdf-base.sty
Package: epstopdf-base 2016/05/15 v2.6 Base part for package epstopdf

(/home/jrothschild/.miktex/texmfs/install/tex/generic/oberdiek/infwarerr.sty
Package: infwarerr 2016/05/16 v1.4 Providing info/warning/error messages (HO)
)
(/home/jrothschild/.miktex/texmfs/install/tex/latex/oberdiek/grfext.sty
Package: grfext 2016/05/16 v1.2 Manage graphics extensions (HO)

(/home/jrothschild/.miktex/texmfs/install/tex/generic/oberdiek/kvdefinekeys.sty
Package: kvdefinekeys 2016/05/16 v1.4 Define keys (HO)
(/home/jrothschild/.miktex/texmfs/install/tex/generic/oberdiek/ltxcmds.sty
Package: ltxcmds 2016/05/16 v1.23 LaTeX kernel commands for general use (HO)
)))
(/home/jrothschild/.miktex/texmfs/install/tex/latex/oberdiek/kvoptions.sty
Package: kvoptions 2016/05/16 v3.12 Key value format for package options (HO)

(/home/jrothschild/.miktex/texmfs/install/tex/generic/oberdiek/kvsetkeys.sty
Package: kvsetkeys 2016/05/16 v1.17 Key value parser (HO)

(/home/jrothschild/.miktex/texmfs/install/tex/generic/oberdiek/etexcmds.sty
Package: etexcmds 2016/05/16 v1.6 Avoid name clashes with e-TeX commands (HO)

(/home/jrothschild/.miktex/texmfs/install/tex/generic/oberdiek/ifluatex.sty
Package: ifluatex 2016/05/16 v1.4 Provides the ifluatex switch (HO)
Package ifluatex Info: LuaTeX not detected.
)
Package etexcmds Info: Could not find \expanded.
(etexcmds)             That can mean that you are not using pdfTeX 1.50 or
(etexcmds)             that some package has redefined \expanded.
(etexcmds)             In the latter case, load this package earlier.
))) (/home/jrothschild/.miktex/texmfs/install/tex/generic/oberdiek/pdftexcmds.s
ty
Package: pdftexcmds 2018/09/10 v0.29 Utility functions of pdfTeX for LuaTeX (HO
)

(/home/jrothschild/.miktex/texmfs/install/tex/generic/oberdiek/ifpdf.sty
Package: ifpdf 2018/09/07 v3.3 Provides the ifpdf switch
)
Package pdftexcmds Info: LuaTeX not detected.
Package pdftexcmds Info: \pdf@primitive is available.
Package pdftexcmds Info: \pdf@ifprimitive is available.
Package pdftexcmds Info: \pdfdraftmode found.
)
Package epstopdf-base Info: Redefining graphics rule for `.eps' on input line 4
38.
Package grfext Info: Graphics extension search list:
(grfext)             [.pdf,.png,.jpg,.mps,.jpeg,.jbig2,.jb2,.PDF,.PNG,.JPG,.JPE
G,.JBIG2,.JB2,.eps]
(grfext)             \AppendGraphicsExtensions on input line 456.
)
ABD: EveryShipout initializing macros

Package pgfplots Warning: running in backwards compatibility mode (unsuitable t
ick labels; missing features). Consider writing \pgfplotsset{compat=1.16} into 
your preamble.
 on input line 36.

Package caption Info: Begin \AtBeginDocument code.
Package caption Info: Incompatible package detected (regarding \caption).
(caption)             \caption = macro:->\minipagefootnote@here \ifx \@captype 
\@undefined \@latex@error {\noexpand \caption outside float}\@ehd \expandafter 
\@gobble \else \refstepcounter \@captype \expandafter \@firstofone \fi {\@dblar
g {\@caption \@captype }}.

Package caption Warning: \caption will not be redefined since it's already
(caption)                redefined by a document class or package which is
(caption)                unknown to the caption package.
See the caption package documentation for explanation.

Package caption Info: subfigure package is loaded.
Package caption Info: End \AtBeginDocument code.
LaTeX Font Info:    Try loading font information for U+msa on input line 46.
(/home/jrothschild/.miktex/texmfs/install/tex/latex/amsfonts/umsa.fd
File: umsa.fd 2013/01/14 v3.01 AMS symbols A
)
LaTeX Font Info:    Try loading font information for U+msb on input line 46.

(/home/jrothschild/.miktex/texmfs/install/tex/latex/amsfonts/umsb.fd
File: umsb.fd 2013/01/14 v3.01 AMS symbols B
)
(intro.tex [1{/home/jrothschild/.miktex/texmfs/data/pdftex/config/pdftex.map}])
(work_past.tex) (work_present.tex [2]
<CM_2D1800_158_2_2000.pdf, id=23, 261.48993pt x 193.50995pt>
File: CM_2D1800_158_2_2000.pdf Graphic file (type pdf)
<use CM_2D1800_158_2_2000.pdf>
Package pdftex.def Info: CM_2D1800_158_2_2000.pdf  used on input line 20.
(pdftex.def)             Requested size: 196.11694pt x 145.1321pt.
<sum_nano_hopping.pdf, id=24, 284.96564pt x 193.38951pt>
File: sum_nano_hopping.pdf Graphic file (type pdf)
<use sum_nano_hopping.pdf>
Package pdftex.def Info: sum_nano_hopping.pdf  used on input line 23.
(pdftex.def)             Requested size: 213.7237pt x 145.04176pt.
 [3 <./CM_2D1800_158_2_2000.pdf> <./sum_nano_hopping.pdf>]
<CM_2D10800_mphage_1800.pdf, id=91, 261.48993pt x 193.50995pt>
File: CM_2D10800_mphage_1800.pdf Graphic file (type pdf)
<use CM_2D10800_mphage_1800.pdf>
Package pdftex.def Info: CM_2D10800_mphage_1800.pdf  used on input line 63.
(pdftex.def)             Requested size: 196.11694pt x 145.1321pt.
<sum_mphage_hopping.pdf, id=92, 282.83165pt x 193.38951pt>
File: sum_mphage_hopping.pdf Graphic file (type pdf)
<use sum_mphage_hopping.pdf>
Package pdftex.def Info: sum_mphage_hopping.pdf  used on input line 66.
(pdftex.def)             Requested size: 212.1232pt x 145.04176pt.
) (work_future.tex [4 <./CM_2D10800_mphage_1800.pdf> <./sum_mphage_hopping.pdf>
]) (concl.tex)
(/home/jrothschild/Research/np-diffusion/latex/build/CommitteeMeeting.bbl
[5]) [6]
(/home/jrothschild/Research/np-diffusion/latex/build/CommitteeMeeting.aux)

LaTeX Warning: There were multiply-defined labels.

 ) 
Here is how much of TeX's memory you used:
 24703 strings out of 494871
 620383 string characters out of 3177920
 813022 words of memory out of 3000000
 27867 multiletter control sequences out of 15000+200000
 17291 words of font info for 64 fonts, out of 3000000 for 9000
 14 hyphenation exceptions out of 8191
 62i,10n,96p,715b,609s stack positions out of 5000i,500n,10000p,200000b,50000s
</home/jrothschild/.miktex/texmfs/install/fonts/type1/public/amsfonts/cm/cmbx
10.pfb></home/jrothschild/.miktex/texmfs/install/fonts/type1/public/amsfonts/cm
/cmbx12.pfb></home/jrothschild/.miktex/texmfs/install/fonts/type1/public/amsfon
ts/cm/cmbx9.pfb></home/jrothschild/.miktex/texmfs/install/fonts/type1/public/am
sfonts/cm/cmmi10.pfb></home/jrothschild/.miktex/texmfs/install/fonts/type1/publ
ic/amsfonts/cm/cmmi7.pfb></home/jrothschild/.miktex/texmfs/install/fonts/type1/
public/amsfonts/cm/cmr10.pfb></home/jrothschild/.miktex/texmfs/install/fonts/ty
pe1/public/amsfonts/cm/cmr6.pfb></home/jrothschild/.miktex/texmfs/install/fonts
/type1/public/amsfonts/cm/cmr7.pfb></home/jrothschild/.miktex/texmfs/install/fo
nts/type1/public/amsfonts/cm/cmr8.pfb></home/jrothschild/.miktex/texmfs/install
/fonts/type1/public/amsfonts/cm/cmr9.pfb></home/jrothschild/.miktex/texmfs/inst
all/fonts/type1/public/amsfonts/cm/cmsy10.pfb></home/jrothschild/.miktex/texmfs
/install/fonts/type1/public/amsfonts/cm/cmsy6.pfb></home/jrothschild/.miktex/te
xmfs/install/fonts/type1/public/amsfonts/cm/cmti7.pfb></home/jrothschild/.mikte
x/texmfs/install/fonts/type1/public/amsfonts/cm/cmti9.pfb></home/jrothschild/.m
iktex/texmfs/install/fonts/type1/public/amsfonts/cm/cmtt8.pfb>
Output written on /home/jrothschild/Research/np-diffusion/latex/build/Committee
Meeting.pdf (6 pages, 1890266 bytes).
PDF statistics:
 198 PDF objects out of 1000 (max. 8388607)
 0 named destinations out of 1000 (max. 500000)
 33 words of extra memory for PDF output out of 10000 (max. 10000000)

